Fetching properties to enrich...
Found 3864 properties to process.
Error at 0/3864: No results found
Progress: 10/3864 updated. Current: 70 GILLETT ST, Unit D03
Progress: 20/3864 updated. Current: 70 HADDAM ST
Progress: 30/3864 updated. Current: 70 KENYON ST
Progress: 40/3864 updated. Current: 70 NEPAUG ST
Progress: 50/3864 updated. Current: 70 SISSON AVE
Progress: 60/3864 updated. Current: 70 WAVERLY ST
Progress: 70/3864 updated. Current: 70-72 DOUGLAS ST
Progress: 80/3864 updated. Current: 70-72 MADISON AVE
Progress: 90/3864 updated. Current: 70-72 WESTBOURNE PKWY
Progress: 100/3864 updated. Current: 700 BROADVIEW TER
Progress: 110/3864 updated. Current: 700 MAPLE AVE, Unit 0507
Progress: 120/3864 updated. Current: 700 MAPLE AVE, Unit 0208
Progress: 130/3864 updated. Current: 700 MAPLE AVE, Unit 0403
Progress: 140/3864 updated. Current: 700 MAPLE AVE, Unit 504
Progress: 150/3864 updated. Current: 700 PROSPECT AVE
Progress: 160/3864 updated. Current: 704 FRANKLIN AVE
Progress: 170/3864 updated. Current: 708-710 GARDEN ST
Progress: 180/3864 updated. Current: 71 BARBOUR ST, Unit CNDASC
Progress: 190/3864 updated. Current: 71 CLEVELAND AVE
Progress: 200/3864 updated. Current: 71 FISHFRY ST
Progress: 210/3864 updated. Current: 71 NEW BRITAIN AVE
Progress: 220/3864 updated. Current: 71 SCARBOROUGH ST
Progress: 230/3864 updated. Current: 71 WILLIAMS ST
Progress: 240/3864 updated. Current: 71-73 HAZEL ST
Progress: 250/3864 updated. Current: 71-73 OTIS ST
Progress: 260/3864 updated. Current: 71-73 WESTBOURNE PKWY
Progress: 270/3864 updated. Current: 711 BROADVIEW TER
Progress: 280/3864 updated. Current: 715 WETHERSFIELD AVE
Progress: 290/3864 updated. Current: 719 FRANKLIN AVE
Progress: 300/3864 updated. Current: 72 CEDAR ST
Progress: 310/3864 updated. Current: 72 ELLINGTON ST
Progress: 320/3864 updated. Current: 72 HEBRON ST
Progress: 330/3864 updated. Current: 72 SIMPSON ST
Progress: 340/3864 updated. Current: 72-74 BONNER ST
Progress: 350/3864 updated. Current: 72-74 ROOSEVELT ST
Progress: 360/3864 updated. Current: 72-76 FRANKLIN AVE
Progress: 370/3864 updated. Current: 72-82 MAIN ST, Unit CNDASC
Progress: 380/3864 updated. Current: 72-82 MAIN ST, Unit 410
Progress: 390/3864 updated. Current: 72-82 MAIN ST, Unit 403
Progress: 400/3864 updated. Current: 72-82 MAIN ST, Unit 409
Progress: 410/3864 updated. Current: 722-724 TOWER AVE
Progress: 420/3864 updated. Current: 726 HILLSIDE AVE
Progress: 430/3864 updated. Current: 73 COLONIAL ST
Progress: 440/3864 updated. Current: 73 HAMPTON ST
Progress: 450/3864 updated. Current: 73 MONTROSE ST
Progress: 460/3864 updated. Current: 73 OSTEN BLVD
Progress: 470/3864 updated. Current: 73 SUMNER ST, Unit A-02
Progress: 480/3864 updated. Current: 73 SUMNER ST, Unit A-01
Progress: 490/3864 updated. Current: 73 WESTBROOK ST
Progress: 500/3864 updated. Current: 73-75 EARLE ST
Progress: 510/3864 updated. Current: 73-75 JAMES ST, Unit 4S
Progress: 520/3864 updated. Current: 73-75 NAUGATUCK ST
Progress: 530/3864 updated. Current: 73-77 BUCKINGHAM ST
Progress: 540/3864 updated. Current: 736 BROADVIEW TER
Progress: 550/3864 updated. Current: 739 MAPLE AVE
Progress: 560/3864 updated. Current: 74 CHESTNUT ST
Progress: 570/3864 updated. Current: 74 HARWICH ST
Progress: 580/3864 updated. Current: 74 NATICK ST
Progress: 590/3864 updated. Current: 74 SEQUIN ST
Progress: 600/3864 updated. Current: 74 VERNON ST
Progress: 610/3864 updated. Current: 74-76 DEERFIELD AVE
Progress: 620/3864 updated. Current: 74-76 SISSON AVE
Progress: 630/3864 updated. Current: 741 WINDSOR ST
Progress: 640/3864 updated. Current: 745 HILLSIDE AVE
Progress: 650/3864 updated. Current: 749 WETHERSFIELD AVE, Unit 1E
Progress: 660/3864 updated. Current: 749 WETHERSFIELD AVE, Unit 1D
Progress: 670/3864 updated. Current: 75 BANNISTER ST
Progress: 680/3864 updated. Current: 75 CLARK ST
Progress: 690/3864 updated. Current: 75 EVERGREEN AVE
Progress: 700/3864 updated. Current: 75 MAIN ST
Progress: 710/3864 updated. Current: 75 NILAN ST
Progress: 720/3864 updated. Current: 75 TOWER AVE
Progress: 730/3864 updated. Current: 75-77 BOOTHBAY ST
Progress: 740/3864 updated. Current: 75-77 MILFORD ST
Progress: 750/3864 updated. Current: 75-77 WHITMORE ST
Progress: 760/3864 updated. Current: 750-780 ALBANY AVE
Progress: 770/3864 updated. Current: 755 WETHERSFIELD AVE, Unit 00G1
Progress: 780/3864 updated. Current: 755 WETHERSFIELD AVE, Unit 0A11
Progress: 790/3864 updated. Current: 755 WETHERSFIELD AVE, Unit 00A1
Progress: 800/3864 updated. Current: 755 WETHERSFIELD AVE, Unit 0A12
Progress: 810/3864 updated. Current: 755 WETHERSFIELD AVE, Unit 0C14
Progress: 820/3864 updated. Current: 755 WINDSOR ST
Progress: 830/3864 updated. Current: 76 BRAINARD RD
Progress: 840/3864 updated. Current: 76 CRESCENT ST, Unit B
Progress: 850/3864 updated. Current: 76 HAMILTON ST, Unit 1E
Progress: 860/3864 updated. Current: 76 HILLSIDE AVE
Progress: 870/3864 updated. Current: 140 MAPLE AVE, Unit 140C
Progress: 880/3864 updated. Current: 86 MAPLE AVE, Unit 0003
Progress: 890/3864 updated. Current: 86 MAPLE AVE, Unit 0005
Progress: 900/3864 updated. Current: 76 NEWBURY ST
Progress: 910/3864 updated. Current: 76 TREMONT ST
Progress: 920/3864 updated. Current: 76 WEBSTER ST, Unit C7
Progress: 930/3864 updated. Current: 76 WEBSTER ST, Unit C5
Progress: 940/3864 updated. Current: 76 WEBSTER ST, Unit A2
Progress: 950/3864 updated. Current: 76 WEBSTER ST, Unit C2
Progress: 960/3864 updated. Current: 76 WEBSTER ST, Unit D13
Progress: 970/3864 updated. Current: 76-78 JAMES ST
Progress: 980/3864 updated. Current: 76-88 JEFFERSON ST
Progress: 990/3864 updated. Current: 761 HILLSIDE AVE
Progress: 1000/3864 updated. Current: 765 MAPLE AVE
Progress: 1010/3864 updated. Current: 77 BLOOMFIELD AVE
Progress: 1020/3864 updated. Current: 77 EVERGREEN AVE, Unit 00A5
Progress: 1030/3864 updated. Current: 77 EVERGREEN AVE, Unit 00C5
Progress: 1040/3864 updated. Current: 77 EVERGREEN AVE, Unit 00A2
Progress: 1050/3864 updated. Current: 77 HUNGERFORD ST
Progress: 1060/3864 updated. Current: 77 MONTOWESE ST
Progress: 1070/3864 updated. Current: 77 NEWINGTON AVE
Progress: 1080/3864 updated. Current: 77 STAFFORD ST
Progress: 1090/3864 updated. Current: 77-79 FRANCIS AVE
Progress: 1100/3864 updated. Current: 77-79 LINCOLN ST
Progress: 1110/3864 updated. Current: 77-81 MOUNTFORD ST, Unit 00A1
Progress: 1120/3864 updated. Current: 772 PROSPECT AVE
Progress: 1130/3864 updated. Current: 777 MAPLE AVE, Unit 409
Progress: 1140/3864 updated. Current: 777 MAPLE AVE, Unit 310
Progress: 1150/3864 updated. Current: 777 MAPLE AVE, Unit 307
Progress: 1160/3864 updated. Current: 777 MAPLE AVE, Unit 101
Progress: 1170/3864 updated. Current: 778-780 PROSPECT AVE
Progress: 1180/3864 updated. Current: 78 BRISTOL ST
Progress: 1190/3864 updated. Current: 78 FRANKLIN AVE
Progress: 1200/3864 updated. Current: 78 MORNINGSIDE ST WEST
Progress: 1210/3864 updated. Current: 78 YALE ST
Progress: 1220/3864 updated. Current: 78-80 EVERGREEN AVE
Progress: 1230/3864 updated. Current: 78-80 OXFORD ST
Progress: 1240/3864 updated. Current: 78-80 SHARON ST
Progress: 1250/3864 updated. Current: 781 WINDSOR ST
Progress: 1260/3864 updated. Current: 785 ASYLUM AVE
Progress: 1270/3864 updated. Current: 788-790 NEW BRITAIN AVE
Progress: 1280/3864 updated. Current: 79 EAST EUCLID ST
Progress: 1290/3864 updated. Current: 79 JOHN ST
Progress: 1300/3864 updated. Current: 79 OTIS ST
Progress: 1310/3864 updated. Current: 79 SUMNER ST, Unit 1B
Progress: 1320/3864 updated. Current: 79 SUMNER ST, Unit 1C
Progress: 1330/3864 updated. Current: 79-81 ASHFORD ST
Progress: 1340/3864 updated. Current: 79-81 LENOX ST
Progress: 1350/3864 updated. Current: 79-81 SISSON AVE
Progress: 1360/3864 updated. Current: 79-H CLINTON ST
Progress: 1370/3864 updated. Current: 796 GARDEN ST
Progress: 1380/3864 updated. Current: 8 BENNETT CIR
Progress: 1390/3864 updated. Current: 8 ELLINGTON ST
Progress: 1400/3864 updated. Current: 8 MANNZ ST
Progress: 1410/3864 updated. Current: 8 SIMPSON ST
Progress: 1420/3864 updated. Current: 8-10 HAMILTON ST
Progress: 1430/3864 updated. Current: 8-10 ROCKINGHAM ST
Progress: 1440/3864 updated. Current: 80 BULKELEY AVE
Progress: 1450/3864 updated. Current: 80 COOLIDGE ST
Progress: 1460/3864 updated. Current: 80 ELLINGTON ST
Progress: 1470/3864 updated. Current: 80 HAWTHORN ST
Progress: 1480/3864 updated. Current: 80 OTIS ST
Progress: 1490/3864 updated. Current: 80 TREMONT ST
Progress: 1500/3864 updated. Current: 80 WHITNEY ST
Progress: 1510/3864 updated. Current: 80-82 GREENFIELD ST
Progress: 1520/3864 updated. Current: 80-82 WESTBOURNE PKWY
Progress: 1530/3864 updated. Current: 801 TOWER AVE
Progress: 1540/3864 updated. Current: 805 GARDEN ST
Progress: 1550/3864 updated. Current: 808-810 WETHERSFIELD AVE
Progress: 1560/3864 updated. Current: 809 NEW BRITAIN AVE
Progress: 1570/3864 updated. Current: 81 EUCLID ST WEST
Progress: 1580/3864 updated. Current: 81 MARGARITA DR
Progress: 1590/3864 updated. Current: 81 RIDGEFIELD ST
Progress: 1600/3864 updated. Current: 81 VERNON ST
Progress: 1610/3864 updated. Current: 81-0 WESTON ST
Progress: 1620/3864 updated. Current: 81-83 NEWTON ST
Progress: 1630/3864 updated. Current: 81-83 TREMONT ST
Progress: 1640/3864 updated. Current: 813 MAPLE AVE
Progress: 1650/3864 updated. Current: 816 NEW BRITAIN AVE
Progress: 1660/3864 updated. Current: 819-821 MAPLE AVE
Progress: 1670/3864 updated. Current: 82 COLUMBUS BLVD
Progress: 1680/3864 updated. Current: 82 MARGARITA DR
Progress: 1690/3864 updated. Current: 82 TREDEAU ST
Progress: 1700/3864 updated. Current: 82-84 CABOT ST
Progress: 1710/3864 updated. Current: 82-84 EVERGREEN AVE, Unit 84-23
Progress: 1720/3864 updated. Current: 82-84 ROGER ST
Progress: 1730/3864 updated. Current: 82-84 THOMASTON ST
Progress: 1740/3864 updated. Current: 822 MAPLE AVE
Progress: 1750/3864 updated. Current: 828 MAPLE AVE
Progress: 1760/3864 updated. Current: 83 BRANFORD ST
Progress: 1770/3864 updated. Current: 83 HAMILTON ST
Progress: 1780/3864 updated. Current: 83 OXFORD ST
Progress: 1790/3864 updated. Current: 83 WHITMORE ST
Progress: 1800/3864 updated. Current: 83-85 GRANDVIEW TER
Progress: 1810/3864 updated. Current: 83-85 MEADOW ST
Progress: 1820/3864 updated. Current: 830 GARDEN ST
Progress: 1830/3864 updated. Current: 834 ASYLUM AVE
Progress: 1840/3864 updated. Current: 835 WINDSOR ST
Progress: 1850/3864 updated. Current: 84 AIRPORT RD
Progress: 1860/3864 updated. Current: 84 CHESTNUT ST
Progress: 1870/3864 updated. Current: 84 FOREST ST, Unit D5
Progress: 1880/3864 updated. Current: 84 FOREST ST, Unit D3
Progress: 1890/3864 updated. Current: 84 FOREST ST, Unit A2
Progress: 1900/3864 updated. Current: 84 FOREST ST, Unit A1
Progress: 1910/3864 updated. Current: 84 SAINT MONICA AVE
Progress: 1920/3864 updated. Current: 84 WELLINGTON ST
Progress: 1930/3864 updated. Current: 84-86 LOVE LA
Progress: 1940/3864 updated. Current: 84-86 VINE ST
Progress: 1950/3864 updated. Current: 843 NEW BRITAIN AVE
Progress: 1960/3864 updated. Current: 846 PROSPECT AVE
Progress: 1970/3864 updated. Current: 85 BATES ST
Progress: 1980/3864 updated. Current: 85 FERN ST
Progress: 1990/3864 updated. Current: 85 KENT ST, Unit C2
Progress: 2000/3864 updated. Current: 85 PERSHING ST
Progress: 2010/3864 updated. Current: 85 SUMNER ST, Unit 1B
Progress: 2020/3864 updated. Current: 85 WATERFORD ST
Progress: 2030/3864 updated. Current: 85-87 EVERGREEN AVE, Unit 85-B3
Progress: 2040/3864 updated. Current: 85-87 EVERGREEN AVE, Unit 85-A4
Progress: 2050/3864 updated. Current: 85-87 FRANKLIN AVE
Progress: 2060/3864 updated. Current: 85-87 OAKLAND TER
Progress: 2070/3864 updated. Current: 851-853 WETHERSFIELD AVE
Progress: 2080/3864 updated. Current: 858 NEW BRITAIN AVE
Progress: 2090/3864 updated. Current: 86 BRISTOL ST
Progress: 2100/3864 updated. Current: 86 FARMINGTON AVE
Progress: 2110/3864 updated. Current: 86 KIBBE ST
Progress: 2120/3864 updated. Current: 80 MORRIS ST, Unit 080C
Progress: 2130/3864 updated. Current: 86 MAPLE AVE, Unit 0012
Progress: 2140/3864 updated. Current: 128 MAPLE AVE, Unit 128B
Progress: 2150/3864 updated. Current: 86 STAFFORD ST
Progress: 2160/3864 updated. Current: 86 WEBSTER ST, Unit A4
Progress: 2170/3864 updated. Current: 86 WEBSTER ST, Unit D11
Progress: 2180/3864 updated. Current: 86 WEBSTER ST, Unit A3
Progress: 2190/3864 updated. Current: 86 WEBSTER ST, Unit C1
Progress: 2200/3864 updated. Current: 86-88 COLEBROOK ST
Progress: 2210/3864 updated. Current: 86-88 LINCOLN ST
Progress: 2220/3864 updated. Current: 86-88 VERNON ST
Progress: 2230/3864 updated. Current: 863-869 PARK ST
Progress: 2240/3864 updated. Current: 867-869 CAPITOL AVE
Progress: 2250/3864 updated. Current: 87 AMITY ST
Progress: 2260/3864 updated. Current: 87 ELLINGTON ST
Progress: 2270/3864 updated. Current: 87 RIDGEFIELD ST
Progress: 2280/3864 updated. Current: 87-105 MAIN ST
Progress: 2290/3864 updated. Current: 87-89 COWLES ST
Progress: 2300/3864 updated. Current: 87-89 WARD ST
Progress: 2310/3864 updated. Current: 873 BROAD ST
Progress: 2320/3864 updated. Current: 877 TOWER AVE
Progress: 2330/3864 updated. Current: 88 BURLINGTON ST
Progress: 2340/3864 updated. Current: 88 EUCLID ST WEST
Progress: 2350/3864 updated. Current: 88 SEQUIN ST
Progress: 2360/3864 updated. Current: 88 VICTORIA RD
Progress: 2370/3864 updated. Current: 88-102 BROOK ST, Unit 96C
Progress: 2380/3864 updated. Current: 88-102 BROOK ST, Unit 98C
Progress: 2390/3864 updated. Current: 88-102 BROOK ST, Unit 102C
Progress: 2400/3864 updated. Current: 88-90 NEWBURY ST
Progress: 2410/3864 updated. Current: 880-882 MAPLE AVE
Progress: 2420/3864 updated. Current: 885 WETHERSFIELD AVE
Progress: 2430/3864 updated. Current: 887-897 ASYLUM AVE, Unit D4
Progress: 2440/3864 updated. Current: 887-897 ASYLUM AVE, Unit C12
Progress: 2450/3864 updated. Current: 887-897 ASYLUM AVE, Unit C18
Progress: 2460/3864 updated. Current: 887-897 ASYLUM AVE, Unit A17
Progress: 2470/3864 updated. Current: 887-897 ASYLUM AVE, Unit C3
Progress: 2480/3864 updated. Current: 887-897 ASYLUM AVE, Unit A3
Progress: 2490/3864 updated. Current: 889-893 BROAD ST
Progress: 2500/3864 updated. Current: 89 HAMPTON ST
Progress: 2510/3864 updated. Current: 89 MARTIN ST
Progress: 2520/3864 updated. Current: 89 SOUTH WHITNEY ST, Unit A7
Progress: 2530/3864 updated. Current: 89 SOUTH WHITNEY ST, Unit C6
Progress: 2540/3864 updated. Current: 89 SOUTH WHITNEY ST, Unit AA3
Progress: 2550/3864 updated. Current: 89 WOODSTOCK ST
Progress: 2560/3864 updated. Current: 89-91 NEWBURY ST
Progress: 2570/3864 updated. Current: 891-893 MAPLE AVE
Progress: 2580/3864 updated. Current: 895-897 ALBANY AVE
Progress: 2590/3864 updated. Current: 899-H GARDEN ST
Progress: 2600/3864 updated. Current: 9 DURHAM ST
Progress: 2610/3864 updated. Current: 9 FALES ST, Unit 401
Progress: 2620/3864 updated. Current: 9 FALES ST, Unit 406
Progress: 2630/3864 updated. Current: 9 PUTNAM HTS
Progress: 2640/3864 updated. Current: 9-11 BENTON ST
Progress: 2650/3864 updated. Current: 9-11 FREDERICK ST
Progress: 2660/3864 updated. Current: 9-11 ROCKVILLE ST
Progress: 2670/3864 updated. Current: 9-11 WYLLYS ST, Unit A5
Progress: 2680/3864 updated. Current: 9-11 WYLLYS ST, Unit B2B
Progress: 2690/3864 updated. Current: 9-11 WYLLYS ST, Unit B8
Progress: 2700/3864 updated. Current: 9-11 WYLLYS ST, Unit AA2
Progress: 2710/3864 updated. Current: 9-17 GILLETT ST
Progress: 2720/3864 updated. Current: 27-37 HUGHES ST, Unit 27-03
Progress: 2730/3864 updated. Current: 55-65 HUGHES ST, Unit 65-03
Progress: 2740/3864 updated. Current: 55-65 HUGHES ST, Unit 59-01
Progress: 2750/3864 updated. Current: 90 BRISTOL ST
Progress: 2760/3864 updated. Current: 90 FRANKLIN AVE
Progress: 2770/3864 updated. Current: 90 MARION ST
Progress: 2780/3864 updated. Current: 90 STAFFORD ST
Progress: 2790/3864 updated. Current: 90-100 PARK ST
Progress: 2800/3864 updated. Current: 90-118 SHERBROOKE AVE, Unit 100B
Progress: 2810/3864 updated. Current: 90-118 SHERBROOKE AVE, Unit 108B4
Progress: 2820/3864 updated. Current: 90-118 SHERBROOKE AVE, Unit 108B3
Progress: 2830/3864 updated. Current: 90-118 SHERBROOKE AVE, Unit 116B4
Progress: 2840/3864 updated. Current: 90-92 IRVING ST
Progress: 2850/3864 updated. Current: 90-92 SHARON ST
Progress: 2860/3864 updated. Current: 90-H COLUMBUS BLVD
Progress: 2870/3864 updated. Current: 901 BROAD ST
Progress: 2880/3864 updated. Current: 907 MAPLE AVE
Progress: 2890/3864 updated. Current: 91 CANTERBURY ST
Progress: 2900/3864 updated. Current: 91 ELLINGTON ST
Progress: 2910/3864 updated. Current: 91 HUNTINGTON ST, Unit 13
Progress: 2920/3864 updated. Current: 91 MARGARITA DR
Progress: 2930/3864 updated. Current: 91 ROWE AVE
Progress: 2940/3864 updated. Current: 91 WETHERSFIELD AVE
Progress: 2950/3864 updated. Current: 91-93 CAMPFIELD AVE
Progress: 2960/3864 updated. Current: 91-93 NAUGATUCK ST
Progress: 2970/3864 updated. Current: 910-912 ALBANY AVE
Progress: 2980/3864 updated. Current: 911 ASYLUM AVE, Unit 20
Progress: 2990/3864 updated. Current: 911 ASYLUM AVE, Unit 11
Progress: 3000/3864 updated. Current: 911 ASYLUM AVE, Unit 27
Progress: 3010/3864 updated. Current: 914 WEST BLVD
Progress: 3020/3864 updated. Current: 919-921 WEST BLVD
Progress: 3030/3864 updated. Current: 92 EDWARDS ST
Progress: 3040/3864 updated. Current: 92 PROSPECT AVE
Progress: 3050/3864 updated. Current: 92 WHITMORE ST
Progress: 3060/3864 updated. Current: 92-94 EUCLID ST WEST
Progress: 3070/3864 updated. Current: 92-94 STERLING ST
Progress: 3080/3864 updated. Current: 930 WETHERSFIELD AVE, Unit 0002
Progress: 3090/3864 updated. Current: 946 WETHERSFIELD AVE, Unit 0003
Progress: 3100/3864 updated. Current: 942 WETHERSFIELD AVE, Unit 0003
Progress: 3110/3864 updated. Current: 930 WETHERSFIELD AVE, Unit 0006
Progress: 3120/3864 updated. Current: 926-928 PARK ST
Progress: 3130/3864 updated. Current: 926-930 ASYLUM AVE, Unit 203
Progress: 3140/3864 updated. Current: 926-930 ASYLUM AVE, Unit 204
Progress: 3150/3864 updated. Current: 93 BURLINGTON ST
Progress: 3160/3864 updated. Current: 93 MARION ST, Unit 0001
Progress: 3170/3864 updated. Current: 93 RIDGEFIELD ST
Progress: 3180/3864 updated. Current: 93-95 FRANCIS AVE
Progress: 3190/3864 updated. Current: 93-95 SHARON ST
Progress: 3200/3864 updated. Current: 932 CAPITOL AVE
Progress: 3210/3864 updated. Current: 932 WETHERSFIELD AVE, Unit 0001
Progress: 3220/3864 updated. Current: 932 WETHERSFIELD AVE, Unit 0003
Progress: 3230/3864 updated. Current: 942 WETHERSFIELD AVE, Unit 0006
Progress: 3240/3864 updated. Current: 946 WETHERSFIELD AVE, Unit 0002
Progress: 3250/3864 updated. Current: 94 BRANFORD ST
Progress: 3260/3864 updated. Current: 94 HUNTINGTON ST
Progress: 3270/3864 updated. Current: 94 SOUTH WHITNEY ST
Progress: 3280/3864 updated. Current: 94-96 EDWARDS ST
Progress: 3290/3864 updated. Current: 94-96 JEFFERSON ST
Progress: 3300/3864 updated. Current: 94-96 ROWE AVE
Progress: 3310/3864 updated. Current: 940 WEST BLVD
Progress: 3320/3864 updated. Current: 945-947 CAPITOL AVE
Progress: 3330/3864 updated. Current: 949-951 CAPITOL AVE
Progress: 3340/3864 updated. Current: 95 DEXTER ST
Progress: 3350/3864 updated. Current: 95 HANMER ST
Progress: 3360/3864 updated. Current: 95 NEWBURY ST
Progress: 3370/3864 updated. Current: 95 STAFFORD ST
Progress: 3380/3864 updated. Current: 95-97 ATWOOD ST
Progress: 3390/3864 updated. Current: 95-97 COLEBROOK ST
Progress: 3400/3864 updated. Current: 95-97 PLAINFIELD ST
Progress: 3410/3864 updated. Current: 951 TOWER AVE
Progress: 3420/3864 updated. Current: 956 CAPITOL AVE, Unit C2
Progress: 3430/3864 updated. Current: 955-957 WEST BLVD
Progress: 3440/3864 updated. Current: 96 CANTERBURY ST
Progress: 3450/3864 updated. Current: 96 MARGARITA DR
Progress: 3460/3864 updated. Current: 96 WEBSTER ST
Progress: 3470/3864 updated. Current: 96-98 HEATH ST
Progress: 3480/3864 updated. Current: 96-98 SARGEANT ST
Progress: 3490/3864 updated. Current: 960 MAIN ST, Unit 000B
Progress: 3500/3864 updated. Current: 964 WEST BLVD
Progress: 3510/3864 updated. Current: 97 CUMBERLAND ST
Progress: 3520/3864 updated. Current: 99 MARION ST, Unit 0016
Progress: 3530/3864 updated. Current: 97 ROXBURY ST
Progress: 3540/3864 updated. Current: 97-99 BRANFORD ST
Progress: 3550/3864 updated. Current: 97-99 ROWE AVE
Progress: 3560/3864 updated. Current: 97-H AIRPORT RD
Progress: 3570/3864 updated. Current: 98 BRISTOL ST
Progress: 3580/3864 updated. Current: 98 GARDEN ST, Unit 205
Progress: 3590/3864 updated. Current: 98 GARDEN ST, Unit 109
Progress: 3600/3864 updated. Current: 98 GARDEN ST, Unit 503
Progress: 3610/3864 updated. Current: 98 GARDEN ST, Unit 405
Progress: 3620/3864 updated. Current: 98 GARDEN ST, Unit 113
Progress: 3630/3864 updated. Current: 98 GARDEN ST, Unit 410
Progress: 3640/3864 updated. Current: 98 GARDEN ST, Unit 204
Progress: 3650/3864 updated. Current: 98 GARDEN ST, Unit 108
Progress: 3660/3864 updated. Current: 98 GARDEN ST, Unit 216
Progress: 3670/3864 updated. Current: 98 MORNINGSIDE ST WEST
Progress: 3680/3864 updated. Current: 98 SALEM ST
Progress: 3690/3864 updated. Current: 98-100 FARMINGTON AVE
Progress: 3700/3864 updated. Current: 98-100 NEW PARK AVE
Progress: 3710/3864 updated. Current: 98-100 RUSS ST
Progress: 3720/3864 updated. Current: 981-983 WEST BLVD
Progress: 3730/3864 updated. Current: 99 DART ST
Progress: 3740/3864 updated. Current: 99 HARTLAND ST
Progress: 3750/3864 updated. Current: 99 HUNTINGTON ST, Unit 304
Progress: 3760/3864 updated. Current: 99 HUNTINGTON ST, Unit 307
Progress: 3770/3864 updated. Current: 99 LEIBERT RD
Progress: 3780/3864 updated. Current: 99 PRATT ST
Progress: 3790/3864 updated. Current: 99 WOODLAND ST
Progress: 3800/3864 updated. Current: 99-101 EARLE ST
Progress: 3810/3864 updated. Current: 99-101 PRESTON ST
Progress: 3820/3864 updated. Current: 990 PROSPECT AVE
Progress: 3830/3864 updated. Current: 990 WETHERSFIELD AVE, Unit 208
Progress: 3840/3864 updated. Current: 993 BROAD ST
Progress: 3850/3864 updated. Current: 999 CAPITOL AVE
Progress: 3860/3864 updated. Current: CRESCENT ST, Unit CNDASC

Finished. Updated 3858 properties. Errors: 6
