[2026-01-27 15:11:16] Starting data update process...
[2026-01-27 15:11:16] Settings: Parallel Municipalities=8, Force Reprocess=True
[2026-01-27 15:11:16] Database connection successful.
[2026-01-27 15:11:16] Ensured property_processing_log table exists for resumability.
[2026-01-27 15:11:16] Scraping https://www.vgsi.com/connecticut-online-database/ for municipalities...
[2026-01-27 15:11:16] Found 90 municipalities on the Vision Appraisal site.
[2026-01-27 15:11:16] Added custom data source municipality: HARTFORD (ct_geodata_csv)
[2026-01-27 15:11:16] Added custom data source municipality: ANSONIA (PROPERTYRECORDCARDS)
[2026-01-27 15:11:16] Added custom data source municipality: BEACON FALLS (MAPXPRESS)
[2026-01-27 15:11:16] Added custom data source municipality: BETHANY (PROPERTYRECORDCARDS)
[2026-01-27 15:11:16] Added custom data source municipality: CHESHIRE (PROPERTYRECORDCARDS)
[2026-01-27 15:11:16] Added custom data source municipality: COLCHESTER (MAPXPRESS)
[2026-01-27 15:11:16] Added custom data source municipality: DERBY (PROPERTYRECORDCARDS)
[2026-01-27 15:11:16] Added custom data source municipality: EAST HAVEN (PROPERTYRECORDCARDS)
[2026-01-27 15:11:16] Added custom data source municipality: FARMINGTON (PROPERTYRECORDCARDS)
[2026-01-27 15:11:16] Added custom data source municipality: LITCHFIELD (MAPXPRESS)
[2026-01-27 15:11:16] Added custom data source municipality: NAUGATUCK (PROPERTYRECORDCARDS)
[2026-01-27 15:11:16] Added custom data source municipality: OXFORD (PROPERTYRECORDCARDS)
[2026-01-27 15:11:16] Added custom data source municipality: PLAINVILLE (PROPERTYRECORDCARDS)
[2026-01-27 15:11:16] Added custom data source municipality: SEYMOUR (PROPERTYRECORDCARDS)
[2026-01-27 15:11:16] Added custom data source municipality: SUFFIELD (PROPERTYRECORDCARDS)
[2026-01-27 15:11:16] Added custom data source municipality: ASHFORD (PROPERTYRECORDCARDS)
[2026-01-27 15:11:16] Added custom data source municipality: BOZRAH (PROPERTYRECORDCARDS)
[2026-01-27 15:11:16] Added custom data source municipality: CANAAN (PROPERTYRECORDCARDS)
[2026-01-27 15:11:16] Added custom data source municipality: CHESTER (PROPERTYRECORDCARDS)
[2026-01-27 15:11:16] Added custom data source municipality: COLEBROOK (PROPERTYRECORDCARDS)
[2026-01-27 15:11:16] Added custom data source municipality: COLUMBIA (PROPERTYRECORDCARDS)
[2026-01-27 15:11:16] Added custom data source municipality: DANBURY (ct_geodata_csv)
[2026-01-27 15:11:16] Added custom data source municipality: DURHAM (PROPERTYRECORDCARDS)
[2026-01-27 15:11:16] Added custom data source municipality: EAST HAMPTON (ct_geodata_csv)
[2026-01-27 15:11:16] Added custom data source municipality: EASTFORD (PROPERTYRECORDCARDS)
[2026-01-27 15:11:16] Added custom data source municipality: EASTON (PROPERTYRECORDCARDS)
[2026-01-27 15:11:16] Added custom data source municipality: ELLINGTON (PROPERTYRECORDCARDS)
[2026-01-27 15:11:16] Added custom data source municipality: FRANKLIN (PROPERTYRECORDCARDS)
[2026-01-27 15:11:16] Added custom data source municipality: GUILFORD (PROPERTYRECORDCARDS)
[2026-01-27 15:11:16] Added custom data source municipality: HADDAM (PROPERTYRECORDCARDS)
[2026-01-27 15:11:16] Added custom data source municipality: HEBRON (PROPERTYRECORDCARDS)
[2026-01-27 15:11:16] Added custom data source municipality: KILLINGLY (PROPERTYRECORDCARDS)
[2026-01-27 15:11:16] Added custom data source municipality: KILLINGWORTH (PROPERTYRECORDCARDS)
[2026-01-27 15:11:16] Added custom data source municipality: MARLBOROUGH (PROPERTYRECORDCARDS)
[2026-01-27 15:11:16] Added custom data source municipality: MONTVILLE (PROPERTYRECORDCARDS)
[2026-01-27 15:11:16] Added custom data source municipality: NEW CANAAN (PROPERTYRECORDCARDS)
[2026-01-27 15:11:16] Added custom data source municipality: NEWINGTON (PROPERTYRECORDCARDS)
[2026-01-27 15:11:16] Added custom data source municipality: NORFOLK (PROPERTYRECORDCARDS)
[2026-01-27 15:11:16] Added custom data source municipality: NORTH CANAAN (PROPERTYRECORDCARDS)
[2026-01-27 15:11:16] Added custom data source municipality: NORTH HAVEN (PROPERTYRECORDCARDS)
[2026-01-27 15:11:16] Added custom data source municipality: NORTH STONINGTON (PROPERTYRECORDCARDS)
[2026-01-27 15:11:16] Added custom data source municipality: PLYMOUTH (PROPERTYRECORDCARDS)
[2026-01-27 15:11:16] Added custom data source municipality: PROSPECT (PROPERTYRECORDCARDS)
[2026-01-27 15:11:16] Added custom data source municipality: RIDGEFIELD (PROPERTYRECORDCARDS)
[2026-01-27 15:11:16] Added custom data source municipality: ROCKY HILL (PROPERTYRECORDCARDS)
[2026-01-27 15:11:16] Added custom data source municipality: ROXBURY (PROPERTYRECORDCARDS)
[2026-01-27 15:11:16] Added custom data source municipality: SCOTLAND (PROPERTYRECORDCARDS)
[2026-01-27 15:11:16] Added custom data source municipality: SHELTON (ct_geodata_csv)
[2026-01-27 15:11:16] Added custom data source municipality: SHERMAN (PROPERTYRECORDCARDS)
[2026-01-27 15:11:16] Added custom data source municipality: SIMSBURY (PROPERTYRECORDCARDS)
[2026-01-27 15:11:16] Added custom data source municipality: TORRINGTON (ct_geodata_csv)
[2026-01-27 15:11:16] Added custom data source municipality: VOLUNTOWN (PROPERTYRECORDCARDS)
[2026-01-27 15:11:16] Added custom data source municipality: WARREN (PROPERTYRECORDCARDS)
[2026-01-27 15:11:16] Added custom data source municipality: WASHINGTON (PROPERTYRECORDCARDS)
[2026-01-27 15:11:16] Added custom data source municipality: WATERBURY (ct_geodata_csv)
[2026-01-27 15:11:16] Added custom data source municipality: WATERTOWN (PROPERTYRECORDCARDS)
[2026-01-27 15:11:16] Added custom data source municipality: WESTON (PROPERTYRECORDCARDS)
[2026-01-27 15:11:16] Added custom data source municipality: WILTON (PROPERTYRECORDCARDS)
[2026-01-27 15:11:16] Added custom data source municipality: WINDSOR LOCKS (PROPERTYRECORDCARDS)
[2026-01-27 15:11:16] Added custom data source municipality: WOODBRIDGE (PROPERTYRECORDCARDS)
[2026-01-27 15:11:16] Added custom data source municipality: WOODBURY (PROPERTYRECORDCARDS)
[2026-01-27 15:11:16] Added custom data source municipality: GREENWICH (ct_geodata_csv)
[2026-01-27 15:11:16] Added custom data source municipality: EAST HARTFORD (ct_geodata_csv)
[2026-01-27 15:11:16] Added custom data source municipality: CROMWELL (ct_geodata_csv)
[2026-01-27 15:11:16] Added custom data source municipality: GROTON (ct_geodata_csv)
[2026-01-27 15:11:16] --- Job Queue: 1 municipalities to process ---
[2026-01-27 15:11:16]   - NEW LONDON (updated: 2026-01-27) [vision_appraisal]
[2026-01-27 15:11:16] ---------------------------------------------------

[2026-01-27 15:11:16] Setup complete. Closed main DB connection. Starting worker pool.
[2026-01-27 15:11:16] WORKER_START: Starting job for NEW LONDON
[2026-01-27 15:11:16] Submitted 1 municipality jobs to the thread pool with 8 workers...
[2026-01-27 15:11:16] Database connection successful.
[2026-01-27 15:11:16] --- Processing municipality: NEW LONDON (Force=True) ---
[2026-01-27 15:11:16]   -> Data Source Last Updated: 2026-01-27. Normal update mode.
[2026-01-27 15:11:16] Found 6974 all (force) properties in NEW LONDON.
[2026-01-27 15:11:16] Total to process: 6974. Direct URL Mode: 0. Full Scrape Mode: 6974.
[2026-01-27 15:11:16]   -> Starting SLOW PATH: Full street scrape required for 6974 properties...
[2026-01-27 15:11:16]   -> Fetching street index for NEW LONDON...
[2026-01-27 15:11:16]   -> Found 23 letter pages to scan for NEW LONDON.
[2026-01-27 15:11:16]   -> discovering streets across 23 letters in parallel...
[2026-01-27 15:11:17]   -> Total streets discovered: 714. Starting massive parallel scrape...
DEBUG: Failed to scrape details for https://gis.vgsi.com/newlondonct/Map.aspx?pid=. 
DEBUG: Failed to scrape details for https://gis.vgsi.com/newlondonct/Map.aspx?pid=. 
DEBUG: Failed to scrape details for https://gis.vgsi.com/newlondonct/Map.aspx?pid=. 
DEBUG: Failed to scrape details for https://gis.vgsi.com/newlondonct/Map.aspx?pid=. 
DEBUG: Failed to scrape details for https://gis.vgsi.com/newlondonct/Map.aspx?pid=. 
DEBUG: Failed to scrape details for https://gis.vgsi.com/newlondonct/Map.aspx?pid=. 
DEBUG: Failed to scrape details for https://gis.vgsi.com/newlondonct/Map.aspx?pid=. 
DEBUG: Failed to scrape details for https://gis.vgsi.com/newlondonct/Map.aspx?pid=. 
DEBUG: Failed to scrape details for https://gis.vgsi.com/newlondonct/Map.aspx?pid=. 
DEBUG: Failed to scrape details for https://gis.vgsi.com/newlondonct/Map.aspx?pid=. 
DEBUG: Failed to scrape details for https://gis.vgsi.com/newlondonct/Map.aspx?pid=. 
DEBUG: Failed to scrape details for https://gis.vgsi.com/newlondonct/Map.aspx?pid=. 
DEBUG: Failed to scrape details for https://gis.vgsi.com/newlondonct/Map.aspx?pid=. 
DEBUG: Failed to scrape details for https://gis.vgsi.com/newlondonct/Map.aspx?pid=. 
DEBUG: Failed to scrape details for https://gis.vgsi.com/newlondonct/Map.aspx?pid=. 
DEBUG: Failed to scrape details for https://gis.vgsi.com/newlondonct/Map.aspx?pid=. 
DEBUG: Failed to scrape details for https://gis.vgsi.com/newlondonct/Map.aspx?pid=. 
DEBUG: Failed to scrape details for https://gis.vgsi.com/newlondonct/Map.aspx?pid=. 
DEBUG: Failed to scrape details for https://gis.vgsi.com/newlondonct/Map.aspx?pid=. 
DEBUG: Failed to scrape details for https://gis.vgsi.com/newlondonct/Map.aspx?pid=. 
DEBUG: Failed to scrape details for https://gis.vgsi.com/newlondonct/Map.aspx?pid=. 
DEBUG: Failed to scrape details for https://gis.vgsi.com/newlondonct/Map.aspx?pid=. 
DEBUG: Failed to scrape details for https://gis.vgsi.com/newlondonct/Map.aspx?pid=. 
DEBUG: Failed to scrape details for https://gis.vgsi.com/newlondonct/Map.aspx?pid=. 
DEBUG: Failed to scrape details for https://gis.vgsi.com/newlondonct/Map.aspx?pid=. 
DEBUG: Failed to scrape details for https://gis.vgsi.com/newlondonct/Map.aspx?pid=. 
DEBUG: Failed to scrape details for https://gis.vgsi.com/newlondonct/Map.aspx?pid=. 
DEBUG: Failed to scrape details for https://gis.vgsi.com/newlondonct/Map.aspx?pid=. 
DEBUG: Failed to scrape details for https://gis.vgsi.com/newlondonct/Map.aspx?pid=. 
DEBUG: Failed to scrape details for https://gis.vgsi.com/newlondonct/Map.aspx?pid=. 
DEBUG: Failed to scrape details for https://gis.vgsi.com/newlondonct/Map.aspx?pid=. 
DEBUG: Failed to scrape details for https://gis.vgsi.com/newlondonct/Map.aspx?pid=. 
DEBUG: Failed to scrape details for https://gis.vgsi.com/newlondonct/Map.aspx?pid=. 
DEBUG: Failed to scrape details for https://gis.vgsi.com/newlondonct/Map.aspx?pid=. 
DEBUG: Failed to scrape details for https://gis.vgsi.com/newlondonct/Map.aspx?pid=. 
DEBUG: Failed to scrape details for https://gis.vgsi.com/newlondonct/Map.aspx?pid=. 
DEBUG: Failed to scrape details for https://gis.vgsi.com/newlondonct/Map.aspx?pid=. 
DEBUG: Failed to scrape details for https://gis.vgsi.com/newlondonct/Map.aspx?pid=. 
DEBUG: Failed to scrape details for https://gis.vgsi.com/newlondonct/Map.aspx?pid=. 
DEBUG: Failed to scrape details for https://gis.vgsi.com/newlondonct/Map.aspx?pid=. 
DEBUG: Failed to scrape details for https://gis.vgsi.com/newlondonct/Map.aspx?pid=. 
DEBUG: Failed to scrape details for https://gis.vgsi.com/newlondonct/Map.aspx?pid=. 
DEBUG: Failed to scrape details for https://gis.vgsi.com/newlondonct/Map.aspx?pid=. 
DEBUG: Failed to scrape details for https://gis.vgsi.com/newlondonct/Map.aspx?pid=. 
DEBUG: Failed to scrape details for https://gis.vgsi.com/newlondonct/Map.aspx?pid=. 
DEBUG: Failed to scrape details for https://gis.vgsi.com/newlondonct/Map.aspx?pid=. 
DEBUG: Failed to scrape details for https://gis.vgsi.com/newlondonct/Map.aspx?pid=. 
DEBUG: Failed to scrape details for https://gis.vgsi.com/newlondonct/Map.aspx?pid=. 
DEBUG: Failed to scrape details for https://gis.vgsi.com/newlondonct/Map.aspx?pid=. 
DEBUG: Failed to scrape details for https://gis.vgsi.com/newlondonct/Map.aspx?pid=. 
DEBUG: Failed to scrape details for https://gis.vgsi.com/newlondonct/Map.aspx?pid=. 
DEBUG: Failed to scrape details for https://gis.vgsi.com/newlondonct/Map.aspx?pid=. 
DEBUG: Failed to scrape details for https://gis.vgsi.com/newlondonct/Map.aspx?pid=. 
DEBUG: Failed to scrape details for https://gis.vgsi.com/newlondonct/Map.aspx?pid=. 
DEBUG: Failed to scrape details for https://gis.vgsi.com/newlondonct/Map.aspx?pid=. 
DEBUG: Failed to scrape details for https://gis.vgsi.com/newlondonct/Map.aspx?pid=. 
DEBUG: Failed to scrape details for https://gis.vgsi.com/newlondonct/Map.aspx?pid=. 
DEBUG: Failed to scrape details for https://gis.vgsi.com/newlondonct/Map.aspx?pid=. 
DEBUG: Failed to scrape details for https://gis.vgsi.com/newlondonct/Map.aspx?pid=. 
DEBUG: Failed to scrape details for https://gis.vgsi.com/newlondonct/Map.aspx?pid=. 
DEBUG: Failed to scrape details for https://gis.vgsi.com/newlondonct/Map.aspx?pid=. 
DEBUG: Failed to scrape details for https://gis.vgsi.com/newlondonct/Map.aspx?pid=. 
DEBUG: Failed to scrape details for https://gis.vgsi.com/newlondonct/Map.aspx?pid=. 
DEBUG: Failed to scrape details for https://gis.vgsi.com/newlondonct/Map.aspx?pid=. 
DEBUG: Failed to scrape details for https://gis.vgsi.com/newlondonct/Map.aspx?pid=. 
DEBUG: Failed to scrape details for https://gis.vgsi.com/newlondonct/Map.aspx?pid=. 
DEBUG: Failed to scrape details for https://gis.vgsi.com/newlondonct/Map.aspx?pid=. 
[2026-01-27 15:11:42]   -> [Progress] Scraped 50/714 streets...
DEBUG: Failed to scrape details for https://gis.vgsi.com/newlondonct/Map.aspx?pid=. 
DEBUG: Failed to scrape details for https://gis.vgsi.com/newlondonct/Map.aspx?pid=. 
DEBUG: Failed to scrape details for https://gis.vgsi.com/newlondonct/Map.aspx?pid=. 
DEBUG: Failed to scrape details for https://gis.vgsi.com/newlondonct/Map.aspx?pid=. 
DEBUG: Failed to scrape details for https://gis.vgsi.com/newlondonct/Map.aspx?pid=. 
DEBUG: Failed to scrape details for https://gis.vgsi.com/newlondonct/Map.aspx?pid=. 
DEBUG: Failed to scrape details for https://gis.vgsi.com/newlondonct/Map.aspx?pid=. 
DEBUG: Failed to scrape details for https://gis.vgsi.com/newlondonct/Map.aspx?pid=. 
DEBUG: Failed to scrape details for https://gis.vgsi.com/newlondonct/Map.aspx?pid=. 
DEBUG: Failed to scrape details for https://gis.vgsi.com/newlondonct/Map.aspx?pid=. 
DEBUG: Failed to scrape details for https://gis.vgsi.com/newlondonct/Map.aspx?pid=. 
DEBUG: Failed to scrape details for https://gis.vgsi.com/newlondonct/Map.aspx?pid=. 
DEBUG: Failed to scrape details for https://gis.vgsi.com/newlondonct/Map.aspx?pid=. 
DEBUG: Failed to scrape details for https://gis.vgsi.com/newlondonct/Map.aspx?pid=. 
DEBUG: Failed to scrape details for https://gis.vgsi.com/newlondonct/Map.aspx?pid=. 
DEBUG: Failed to scrape details for https://gis.vgsi.com/newlondonct/Map.aspx?pid=. 
DEBUG: Failed to scrape details for https://gis.vgsi.com/newlondonct/Map.aspx?pid=. 
DEBUG: Failed to scrape details for https://gis.vgsi.com/newlondonct/Map.aspx?pid=. 
DEBUG: Failed to scrape details for https://gis.vgsi.com/newlondonct/Map.aspx?pid=. 
DEBUG: Failed to scrape details for https://gis.vgsi.com/newlondonct/Map.aspx?pid=. 
DEBUG: Failed to scrape details for https://gis.vgsi.com/newlondonct/Map.aspx?pid=. 
DEBUG: Failed to scrape details for https://gis.vgsi.com/newlondonct/Map.aspx?pid=. 
DEBUG: Failed to scrape details for https://gis.vgsi.com/newlondonct/Map.aspx?pid=. 
DEBUG: Failed to scrape details for https://gis.vgsi.com/newlondonct/Map.aspx?pid=. 
DEBUG: Failed to scrape details for https://gis.vgsi.com/newlondonct/Map.aspx?pid=. 
DEBUG: Failed to scrape details for https://gis.vgsi.com/newlondonct/Map.aspx?pid=. 
DEBUG: Failed to scrape details for https://gis.vgsi.com/newlondonct/Map.aspx?pid=. 
DEBUG: Failed to scrape details for https://gis.vgsi.com/newlondonct/Map.aspx?pid=. 
DEBUG: Failed to scrape details for https://gis.vgsi.com/newlondonct/Map.aspx?pid=. 
DEBUG: Failed to scrape details for https://gis.vgsi.com/newlondonct/Map.aspx?pid=. 
DEBUG: Failed to scrape details for https://gis.vgsi.com/newlondonct/Map.aspx?pid=. 
DEBUG: Failed to scrape details for https://gis.vgsi.com/newlondonct/Map.aspx?pid=. 
DEBUG: Failed to scrape details for https://gis.vgsi.com/newlondonct/Map.aspx?pid=. 
DEBUG: Failed to scrape details for https://gis.vgsi.com/newlondonct/Map.aspx?pid=. 
DEBUG: Failed to scrape details for https://gis.vgsi.com/newlondonct/Parcel.aspx?pid=102587. 
DEBUG: Failed to scrape details for https://gis.vgsi.com/newlondonct/Map.aspx?pid=. 
DEBUG: Failed to scrape details for https://gis.vgsi.com/newlondonct/Map.aspx?pid=. 
DEBUG: Failed to scrape details for https://gis.vgsi.com/newlondonct/Map.aspx?pid=. 
DEBUG: Failed to scrape details for https://gis.vgsi.com/newlondonct/Map.aspx?pid=. 
DEBUG: Failed to scrape details for https://gis.vgsi.com/newlondonct/Map.aspx?pid=. 
DEBUG: Failed to scrape details for https://gis.vgsi.com/newlondonct/Map.aspx?pid=. 
DEBUG: Failed to scrape details for https://gis.vgsi.com/newlondonct/Map.aspx?pid=. 
DEBUG: Failed to scrape details for https://gis.vgsi.com/newlondonct/Map.aspx?pid=. 
DEBUG: Failed to scrape details for https://gis.vgsi.com/newlondonct/Map.aspx?pid=. 
DEBUG: Failed to scrape details for https://gis.vgsi.com/newlondonct/Map.aspx?pid=. 
DEBUG: Failed to scrape details for https://gis.vgsi.com/newlondonct/Map.aspx?pid=. 
DEBUG: Failed to scrape details for https://gis.vgsi.com/newlondonct/Map.aspx?pid=. 
DEBUG: Failed to scrape details for https://gis.vgsi.com/newlondonct/Map.aspx?pid=. 
DEBUG: Failed to scrape details for https://gis.vgsi.com/newlondonct/Map.aspx?pid=. 
DEBUG: Failed to scrape details for https://gis.vgsi.com/newlondonct/Map.aspx?pid=. 
DEBUG: Failed to scrape details for https://gis.vgsi.com/newlondonct/Map.aspx?pid=. 
[2026-01-27 15:12:05]   -> [Progress] Scraped 100/714 streets...
DEBUG: Failed to scrape details for https://gis.vgsi.com/newlondonct/Map.aspx?pid=. 
DEBUG: Failed to scrape details for https://gis.vgsi.com/newlondonct/Map.aspx?pid=. 
DEBUG: Failed to scrape details for https://gis.vgsi.com/newlondonct/Map.aspx?pid=. 
DEBUG: Failed to scrape details for https://gis.vgsi.com/newlondonct/Map.aspx?pid=. 
DEBUG: Failed to scrape details for https://gis.vgsi.com/newlondonct/Map.aspx?pid=. 
DEBUG: Failed to scrape details for https://gis.vgsi.com/newlondonct/Map.aspx?pid=. 
DEBUG: Failed to scrape details for https://gis.vgsi.com/newlondonct/Map.aspx?pid=. 
DEBUG: Failed to scrape details for https://gis.vgsi.com/newlondonct/Map.aspx?pid=. 
DEBUG: Failed to scrape details for https://gis.vgsi.com/newlondonct/Map.aspx?pid=. 
DEBUG: Failed to scrape details for https://gis.vgsi.com/newlondonct/Map.aspx?pid=. 
DEBUG: Failed to scrape details for https://gis.vgsi.com/newlondonct/Map.aspx?pid=. 
DEBUG: Failed to scrape details for https://gis.vgsi.com/newlondonct/Map.aspx?pid=. 
DEBUG: Failed to scrape details for https://gis.vgsi.com/newlondonct/Map.aspx?pid=. 
DEBUG: Failed to scrape details for https://gis.vgsi.com/newlondonct/Map.aspx?pid=. 
DEBUG: Failed to scrape details for https://gis.vgsi.com/newlondonct/Map.aspx?pid=. 
DEBUG: Failed to scrape details for https://gis.vgsi.com/newlondonct/Map.aspx?pid=. 
DEBUG: Failed to scrape details for https://gis.vgsi.com/newlondonct/Map.aspx?pid=. 
DEBUG: Failed to scrape details for https://gis.vgsi.com/newlondonct/Map.aspx?pid=. 
DEBUG: Failed to scrape details for https://gis.vgsi.com/newlondonct/Map.aspx?pid=. 
DEBUG: Failed to scrape details for https://gis.vgsi.com/newlondonct/Map.aspx?pid=. 
DEBUG: Failed to scrape details for https://gis.vgsi.com/newlondonct/Map.aspx?pid=. 
DEBUG: Failed to scrape details for https://gis.vgsi.com/newlondonct/Map.aspx?pid=. 
DEBUG: Failed to scrape details for https://gis.vgsi.com/newlondonct/Map.aspx?pid=. 
DEBUG: Failed to scrape details for https://gis.vgsi.com/newlondonct/Map.aspx?pid=. 
DEBUG: Failed to scrape details for https://gis.vgsi.com/newlondonct/Map.aspx?pid=. 
DEBUG: Failed to scrape details for https://gis.vgsi.com/newlondonct/Map.aspx?pid=. 
DEBUG: Failed to scrape details for https://gis.vgsi.com/newlondonct/Map.aspx?pid=. 
DEBUG: Failed to scrape details for https://gis.vgsi.com/newlondonct/Map.aspx?pid=. 
DEBUG: Failed to scrape details for https://gis.vgsi.com/newlondonct/Map.aspx?pid=. 
DEBUG: Failed to scrape details for https://gis.vgsi.com/newlondonct/Map.aspx?pid=. 
DEBUG: Failed to scrape details for https://gis.vgsi.com/newlondonct/Map.aspx?pid=. 
DEBUG: Failed to scrape details for https://gis.vgsi.com/newlondonct/Map.aspx?pid=. 
DEBUG: Failed to scrape details for https://gis.vgsi.com/newlondonct/Map.aspx?pid=. 
DEBUG: Failed to scrape details for https://gis.vgsi.com/newlondonct/Map.aspx?pid=. 
DEBUG: Failed to scrape details for https://gis.vgsi.com/newlondonct/Map.aspx?pid=. 
DEBUG: Failed to scrape details for https://gis.vgsi.com/newlondonct/Map.aspx?pid=. 
DEBUG: Failed to scrape details for https://gis.vgsi.com/newlondonct/Map.aspx?pid=. 
DEBUG: Failed to scrape details for https://gis.vgsi.com/newlondonct/Map.aspx?pid=. 
DEBUG: Failed to scrape details for https://gis.vgsi.com/newlondonct/Map.aspx?pid=. 
DEBUG: Failed to scrape details for https://gis.vgsi.com/newlondonct/Map.aspx?pid=. 
DEBUG: Failed to scrape details for https://gis.vgsi.com/newlondonct/Map.aspx?pid=. 
DEBUG: Failed to scrape details for https://gis.vgsi.com/newlondonct/Map.aspx?pid=. 
DEBUG: Failed to scrape details for https://gis.vgsi.com/newlondonct/Parcel.aspx?pid=7982. 
DEBUG: Failed to scrape details for https://gis.vgsi.com/newlondonct/Map.aspx?pid=. 
DEBUG: Failed to scrape details for https://gis.vgsi.com/newlondonct/Map.aspx?pid=. 
DEBUG: Failed to scrape details for https://gis.vgsi.com/newlondonct/Parcel.aspx?pid=7983. 
DEBUG: Failed to scrape details for https://gis.vgsi.com/newlondonct/Map.aspx?pid=. 
DEBUG: Failed to scrape details for https://gis.vgsi.com/newlondonct/Map.aspx?pid=. 
DEBUG: Failed to scrape details for https://gis.vgsi.com/newlondonct/Map.aspx?pid=. 
DEBUG: Failed to scrape details for https://gis.vgsi.com/newlondonct/Map.aspx?pid=. 
DEBUG: Failed to scrape details for https://gis.vgsi.com/newlondonct/Map.aspx?pid=. 
DEBUG: Failed to scrape details for https://gis.vgsi.com/newlondonct/Map.aspx?pid=. 
DEBUG: Failed to scrape details for https://gis.vgsi.com/newlondonct/Parcel.aspx?pid=106300. 
[2026-01-27 15:12:31]   -> [Progress] Scraped 150/714 streets...
DEBUG: Failed to scrape details for https://gis.vgsi.com/newlondonct/Map.aspx?pid=. 
DEBUG: Failed to scrape details for https://gis.vgsi.com/newlondonct/Map.aspx?pid=. 
DEBUG: Failed to scrape details for https://gis.vgsi.com/newlondonct/Map.aspx?pid=. 
DEBUG: Failed to scrape details for https://gis.vgsi.com/newlondonct/Map.aspx?pid=. 
DEBUG: Failed to scrape details for https://gis.vgsi.com/newlondonct/Map.aspx?pid=. 
DEBUG: Failed to scrape details for https://gis.vgsi.com/newlondonct/Map.aspx?pid=. 
DEBUG: Failed to scrape details for https://gis.vgsi.com/newlondonct/Map.aspx?pid=. 
DEBUG: Failed to scrape details for https://gis.vgsi.com/newlondonct/Map.aspx?pid=. 
DEBUG: Failed to scrape details for https://gis.vgsi.com/newlondonct/Map.aspx?pid=. 
DEBUG: Failed to scrape details for https://gis.vgsi.com/newlondonct/Map.aspx?pid=. 
DEBUG: Failed to scrape details for https://gis.vgsi.com/newlondonct/Map.aspx?pid=. 
DEBUG: Failed to scrape details for https://gis.vgsi.com/newlondonct/Map.aspx?pid=. 
DEBUG: Failed to scrape details for https://gis.vgsi.com/newlondonct/Map.aspx?pid=. 
DEBUG: Failed to scrape details for https://gis.vgsi.com/newlondonct/Map.aspx?pid=. 
DEBUG: Failed to scrape details for https://gis.vgsi.com/newlondonct/Map.aspx?pid=. 
DEBUG: Failed to scrape details for https://gis.vgsi.com/newlondonct/Map.aspx?pid=. 
DEBUG: Failed to scrape details for https://gis.vgsi.com/newlondonct/Map.aspx?pid=. 
DEBUG: Failed to scrape details for https://gis.vgsi.com/newlondonct/Map.aspx?pid=. 
DEBUG: Failed to scrape details for https://gis.vgsi.com/newlondonct/Map.aspx?pid=. 
DEBUG: Failed to scrape details for https://gis.vgsi.com/newlondonct/Map.aspx?pid=. 
DEBUG: Failed to scrape details for https://gis.vgsi.com/newlondonct/Map.aspx?pid=. 
DEBUG: Failed to scrape details for https://gis.vgsi.com/newlondonct/Map.aspx?pid=. 
DEBUG: Failed to scrape details for https://gis.vgsi.com/newlondonct/Map.aspx?pid=. 
DEBUG: Failed to scrape details for https://gis.vgsi.com/newlondonct/Map.aspx?pid=. 
DEBUG: Failed to scrape details for https://gis.vgsi.com/newlondonct/Map.aspx?pid=. 
DEBUG: Failed to scrape details for https://gis.vgsi.com/newlondonct/Map.aspx?pid=. 
DEBUG: Failed to scrape details for https://gis.vgsi.com/newlondonct/Map.aspx?pid=. 
DEBUG: Failed to scrape details for https://gis.vgsi.com/newlondonct/Map.aspx?pid=. 
DEBUG: Failed to scrape details for https://gis.vgsi.com/newlondonct/Map.aspx?pid=. 
DEBUG: Failed to scrape details for https://gis.vgsi.com/newlondonct/Map.aspx?pid=. 
DEBUG: Failed to scrape details for https://gis.vgsi.com/newlondonct/Map.aspx?pid=. 
DEBUG: Failed to scrape details for https://gis.vgsi.com/newlondonct/Map.aspx?pid=. 
DEBUG: Failed to scrape details for https://gis.vgsi.com/newlondonct/Map.aspx?pid=. 
DEBUG: Failed to scrape details for https://gis.vgsi.com/newlondonct/Map.aspx?pid=. 
DEBUG: Failed to scrape details for https://gis.vgsi.com/newlondonct/Map.aspx?pid=. 
DEBUG: Failed to scrape details for https://gis.vgsi.com/newlondonct/Map.aspx?pid=. 
DEBUG: Failed to scrape details for https://gis.vgsi.com/newlondonct/Map.aspx?pid=. 
DEBUG: Failed to scrape details for https://gis.vgsi.com/newlondonct/Map.aspx?pid=. 
DEBUG: Failed to scrape details for https://gis.vgsi.com/newlondonct/Map.aspx?pid=. 
DEBUG: Failed to scrape details for https://gis.vgsi.com/newlondonct/Map.aspx?pid=. 
DEBUG: Failed to scrape details for https://gis.vgsi.com/newlondonct/Map.aspx?pid=. 
DEBUG: Failed to scrape details for https://gis.vgsi.com/newlondonct/Map.aspx?pid=. 
DEBUG: Failed to scrape details for https://gis.vgsi.com/newlondonct/Map.aspx?pid=. 
DEBUG: Failed to scrape details for https://gis.vgsi.com/newlondonct/Map.aspx?pid=. 
DEBUG: Failed to scrape details for https://gis.vgsi.com/newlondonct/Map.aspx?pid=. 
DEBUG: Failed to scrape details for https://gis.vgsi.com/newlondonct/Map.aspx?pid=. 
DEBUG: Failed to scrape details for https://gis.vgsi.com/newlondonct/Map.aspx?pid=. 
DEBUG: Failed to scrape details for https://gis.vgsi.com/newlondonct/Map.aspx?pid=. 
DEBUG: Failed to scrape details for https://gis.vgsi.com/newlondonct/Map.aspx?pid=. 
DEBUG: Failed to scrape details for https://gis.vgsi.com/newlondonct/Map.aspx?pid=. 
DEBUG: Failed to scrape details for https://gis.vgsi.com/newlondonct/Map.aspx?pid=. 
[2026-01-27 15:13:05]   -> [Progress] Scraped 200/714 streets...
DEBUG: Failed to scrape details for https://gis.vgsi.com/newlondonct/Map.aspx?pid=. 
DEBUG: Failed to scrape details for https://gis.vgsi.com/newlondonct/Map.aspx?pid=. 
DEBUG: Failed to scrape details for https://gis.vgsi.com/newlondonct/Map.aspx?pid=. 
DEBUG: Failed to scrape details for https://gis.vgsi.com/newlondonct/Map.aspx?pid=. 
DEBUG: Failed to scrape details for https://gis.vgsi.com/newlondonct/Map.aspx?pid=. 
DEBUG: Failed to scrape details for https://gis.vgsi.com/newlondonct/Map.aspx?pid=. 
DEBUG: Failed to scrape details for https://gis.vgsi.com/newlondonct/Map.aspx?pid=. 
DEBUG: Failed to scrape details for https://gis.vgsi.com/newlondonct/Map.aspx?pid=. 
DEBUG: Failed to scrape details for https://gis.vgsi.com/newlondonct/Map.aspx?pid=. 
DEBUG: Failed to scrape details for https://gis.vgsi.com/newlondonct/Map.aspx?pid=. 
DEBUG: Failed to scrape details for https://gis.vgsi.com/newlondonct/Map.aspx?pid=. 
DEBUG: Failed to scrape details for https://gis.vgsi.com/newlondonct/Map.aspx?pid=. 
DEBUG: Failed to scrape details for https://gis.vgsi.com/newlondonct/Map.aspx?pid=. 
DEBUG: Failed to scrape details for https://gis.vgsi.com/newlondonct/Map.aspx?pid=. 
DEBUG: Failed to scrape details for https://gis.vgsi.com/newlondonct/Map.aspx?pid=. 
DEBUG: Failed to scrape details for https://gis.vgsi.com/newlondonct/Map.aspx?pid=. 
DEBUG: Failed to scrape details for https://gis.vgsi.com/newlondonct/Map.aspx?pid=. 
DEBUG: Failed to scrape details for https://gis.vgsi.com/newlondonct/Map.aspx?pid=. 
DEBUG: Failed to scrape details for https://gis.vgsi.com/newlondonct/Map.aspx?pid=. 
DEBUG: Failed to scrape details for https://gis.vgsi.com/newlondonct/Map.aspx?pid=. 
DEBUG: Failed to scrape details for https://gis.vgsi.com/newlondonct/Map.aspx?pid=. 
DEBUG: Failed to scrape details for https://gis.vgsi.com/newlondonct/Map.aspx?pid=. 
DEBUG: Failed to scrape details for https://gis.vgsi.com/newlondonct/Map.aspx?pid=. 
DEBUG: Failed to scrape details for https://gis.vgsi.com/newlondonct/Map.aspx?pid=. 
DEBUG: Failed to scrape details for https://gis.vgsi.com/newlondonct/Map.aspx?pid=. 
DEBUG: Failed to scrape details for https://gis.vgsi.com/newlondonct/Map.aspx?pid=. 
DEBUG: Failed to scrape details for https://gis.vgsi.com/newlondonct/Map.aspx?pid=. 
DEBUG: Failed to scrape details for https://gis.vgsi.com/newlondonct/Map.aspx?pid=. 
DEBUG: Failed to scrape details for https://gis.vgsi.com/newlondonct/Map.aspx?pid=. 
DEBUG: Failed to scrape details for https://gis.vgsi.com/newlondonct/Map.aspx?pid=. 
DEBUG: Failed to scrape details for https://gis.vgsi.com/newlondonct/Map.aspx?pid=. 
DEBUG: Failed to scrape details for https://gis.vgsi.com/newlondonct/Map.aspx?pid=. 
DEBUG: Failed to scrape details for https://gis.vgsi.com/newlondonct/Map.aspx?pid=. 
DEBUG: Failed to scrape details for https://gis.vgsi.com/newlondonct/Map.aspx?pid=. 
DEBUG: Failed to scrape details for https://gis.vgsi.com/newlondonct/Map.aspx?pid=. 
DEBUG: Failed to scrape details for https://gis.vgsi.com/newlondonct/Map.aspx?pid=. 
DEBUG: Failed to scrape details for https://gis.vgsi.com/newlondonct/Map.aspx?pid=. 
DEBUG: Failed to scrape details for https://gis.vgsi.com/newlondonct/Parcel.aspx?pid=102588. 
DEBUG: Failed to scrape details for https://gis.vgsi.com/newlondonct/Map.aspx?pid=. 
DEBUG: Failed to scrape details for https://gis.vgsi.com/newlondonct/Map.aspx?pid=. 
DEBUG: Failed to scrape details for https://gis.vgsi.com/newlondonct/Map.aspx?pid=. 
DEBUG: Failed to scrape details for https://gis.vgsi.com/newlondonct/Map.aspx?pid=. 
DEBUG: Failed to scrape details for https://gis.vgsi.com/newlondonct/Map.aspx?pid=. 
DEBUG: Failed to scrape details for https://gis.vgsi.com/newlondonct/Map.aspx?pid=. 
DEBUG: Failed to scrape details for https://gis.vgsi.com/newlondonct/Parcel.aspx?pid=6646. 
DEBUG: Failed to scrape details for https://gis.vgsi.com/newlondonct/Map.aspx?pid=. 
DEBUG: Failed to scrape details for https://gis.vgsi.com/newlondonct/Map.aspx?pid=. 
DEBUG: Failed to scrape details for https://gis.vgsi.com/newlondonct/Map.aspx?pid=. 
DEBUG: Failed to scrape details for https://gis.vgsi.com/newlondonct/Map.aspx?pid=. 
DEBUG: Failed to scrape details for https://gis.vgsi.com/newlondonct/Map.aspx?pid=. 
DEBUG: Failed to scrape details for https://gis.vgsi.com/newlondonct/Map.aspx?pid=. 
DEBUG: Failed to scrape details for https://gis.vgsi.com/newlondonct/Map.aspx?pid=. 
[2026-01-27 15:13:46]   -> [Progress] Scraped 250/714 streets...
DEBUG: Failed to scrape details for https://gis.vgsi.com/newlondonct/Map.aspx?pid=. 
DEBUG: Failed to scrape details for https://gis.vgsi.com/newlondonct/Map.aspx?pid=. 
DEBUG: Failed to scrape details for https://gis.vgsi.com/newlondonct/Map.aspx?pid=. 
DEBUG: Failed to scrape details for https://gis.vgsi.com/newlondonct/Map.aspx?pid=. 
DEBUG: Failed to scrape details for https://gis.vgsi.com/newlondonct/Map.aspx?pid=. 
DEBUG: Failed to scrape details for https://gis.vgsi.com/newlondonct/Map.aspx?pid=. 
DEBUG: Failed to scrape details for https://gis.vgsi.com/newlondonct/Map.aspx?pid=. 
DEBUG: Failed to scrape details for https://gis.vgsi.com/newlondonct/Map.aspx?pid=. 
DEBUG: Failed to scrape details for https://gis.vgsi.com/newlondonct/Map.aspx?pid=. 
DEBUG: Failed to scrape details for https://gis.vgsi.com/newlondonct/Map.aspx?pid=. 
DEBUG: Failed to scrape details for https://gis.vgsi.com/newlondonct/Map.aspx?pid=. 
DEBUG: Failed to scrape details for https://gis.vgsi.com/newlondonct/Map.aspx?pid=. 
DEBUG: Failed to scrape details for https://gis.vgsi.com/newlondonct/Map.aspx?pid=. 
DEBUG: Failed to scrape details for https://gis.vgsi.com/newlondonct/Map.aspx?pid=. 
DEBUG: Failed to scrape details for https://gis.vgsi.com/newlondonct/Map.aspx?pid=. 
DEBUG: Failed to scrape details for https://gis.vgsi.com/newlondonct/Map.aspx?pid=. 
DEBUG: Failed to scrape details for https://gis.vgsi.com/newlondonct/Map.aspx?pid=. 
DEBUG: Failed to scrape details for https://gis.vgsi.com/newlondonct/Map.aspx?pid=. 
DEBUG: Failed to scrape details for https://gis.vgsi.com/newlondonct/Map.aspx?pid=. 
DEBUG: Failed to scrape details for https://gis.vgsi.com/newlondonct/Map.aspx?pid=. 
DEBUG: Failed to scrape details for https://gis.vgsi.com/newlondonct/Map.aspx?pid=. 
DEBUG: Failed to scrape details for https://gis.vgsi.com/newlondonct/Map.aspx?pid=. 
DEBUG: Failed to scrape details for https://gis.vgsi.com/newlondonct/Map.aspx?pid=. 
DEBUG: Failed to scrape details for https://gis.vgsi.com/newlondonct/Map.aspx?pid=. 
DEBUG: Failed to scrape details for https://gis.vgsi.com/newlondonct/Map.aspx?pid=. 
DEBUG: Failed to scrape details for https://gis.vgsi.com/newlondonct/Map.aspx?pid=. 
DEBUG: Failed to scrape details for https://gis.vgsi.com/newlondonct/Map.aspx?pid=. 
DEBUG: Failed to scrape details for https://gis.vgsi.com/newlondonct/Map.aspx?pid=. 
DEBUG: Failed to scrape details for https://gis.vgsi.com/newlondonct/Map.aspx?pid=. 
DEBUG: Failed to scrape details for https://gis.vgsi.com/newlondonct/Map.aspx?pid=. 
DEBUG: Failed to scrape details for https://gis.vgsi.com/newlondonct/Map.aspx?pid=. 
DEBUG: Failed to scrape details for https://gis.vgsi.com/newlondonct/Map.aspx?pid=. 
DEBUG: Failed to scrape details for https://gis.vgsi.com/newlondonct/Map.aspx?pid=. 
DEBUG: Failed to scrape details for https://gis.vgsi.com/newlondonct/Map.aspx?pid=. 
DEBUG: Failed to scrape details for https://gis.vgsi.com/newlondonct/Map.aspx?pid=. 
DEBUG: Failed to scrape details for https://gis.vgsi.com/newlondonct/Map.aspx?pid=. 
DEBUG: Failed to scrape details for https://gis.vgsi.com/newlondonct/Map.aspx?pid=. 
DEBUG: Failed to scrape details for https://gis.vgsi.com/newlondonct/Map.aspx?pid=. 
DEBUG: Failed to scrape details for https://gis.vgsi.com/newlondonct/Map.aspx?pid=. 
DEBUG: Failed to scrape details for https://gis.vgsi.com/newlondonct/Map.aspx?pid=. 
DEBUG: Failed to scrape details for https://gis.vgsi.com/newlondonct/Map.aspx?pid=. 
DEBUG: Failed to scrape details for https://gis.vgsi.com/newlondonct/Map.aspx?pid=. 
DEBUG: Failed to scrape details for https://gis.vgsi.com/newlondonct/Map.aspx?pid=. 
DEBUG: Failed to scrape details for https://gis.vgsi.com/newlondonct/Map.aspx?pid=. 
DEBUG: Failed to scrape details for https://gis.vgsi.com/newlondonct/Map.aspx?pid=. 
DEBUG: Failed to scrape details for https://gis.vgsi.com/newlondonct/Map.aspx?pid=. 
DEBUG: Failed to scrape details for https://gis.vgsi.com/newlondonct/Map.aspx?pid=. 
DEBUG: Failed to scrape details for https://gis.vgsi.com/newlondonct/Map.aspx?pid=. 
DEBUG: Failed to scrape details for https://gis.vgsi.com/newlondonct/Map.aspx?pid=. 
DEBUG: Failed to scrape details for https://gis.vgsi.com/newlondonct/Map.aspx?pid=. 
[2026-01-27 15:14:26]   -> [Progress] Scraped 300/714 streets...
DEBUG: Failed to scrape details for https://gis.vgsi.com/newlondonct/Map.aspx?pid=. 
DEBUG: Failed to scrape details for https://gis.vgsi.com/newlondonct/Map.aspx?pid=. 
DEBUG: Failed to scrape details for https://gis.vgsi.com/newlondonct/Map.aspx?pid=. 
DEBUG: Failed to scrape details for https://gis.vgsi.com/newlondonct/Map.aspx?pid=. 
DEBUG: Failed to scrape details for https://gis.vgsi.com/newlondonct/Map.aspx?pid=. 
DEBUG: Failed to scrape details for https://gis.vgsi.com/newlondonct/Map.aspx?pid=. 
DEBUG: Failed to scrape details for https://gis.vgsi.com/newlondonct/Map.aspx?pid=. 
DEBUG: Failed to scrape details for https://gis.vgsi.com/newlondonct/Map.aspx?pid=. 
DEBUG: Failed to scrape details for https://gis.vgsi.com/newlondonct/Map.aspx?pid=. 
DEBUG: Failed to scrape details for https://gis.vgsi.com/newlondonct/Map.aspx?pid=. 
DEBUG: Failed to scrape details for https://gis.vgsi.com/newlondonct/Map.aspx?pid=. 
DEBUG: Failed to scrape details for https://gis.vgsi.com/newlondonct/Map.aspx?pid=. 
DEBUG: Failed to scrape details for https://gis.vgsi.com/newlondonct/Map.aspx?pid=. 
DEBUG: Failed to scrape details for https://gis.vgsi.com/newlondonct/Map.aspx?pid=. 
DEBUG: Failed to scrape details for https://gis.vgsi.com/newlondonct/Map.aspx?pid=. 
DEBUG: Failed to scrape details for https://gis.vgsi.com/newlondonct/Map.aspx?pid=. 
DEBUG: Failed to scrape details for https://gis.vgsi.com/newlondonct/Map.aspx?pid=. 
DEBUG: Failed to scrape details for https://gis.vgsi.com/newlondonct/Map.aspx?pid=. 
DEBUG: Failed to scrape details for https://gis.vgsi.com/newlondonct/Map.aspx?pid=. 
DEBUG: Failed to scrape details for https://gis.vgsi.com/newlondonct/Map.aspx?pid=. 
DEBUG: Failed to scrape details for https://gis.vgsi.com/newlondonct/Map.aspx?pid=. 
DEBUG: Failed to scrape details for https://gis.vgsi.com/newlondonct/Map.aspx?pid=. 
DEBUG: Failed to scrape details for https://gis.vgsi.com/newlondonct/Map.aspx?pid=. 
DEBUG: Failed to scrape details for https://gis.vgsi.com/newlondonct/Map.aspx?pid=. 
DEBUG: Failed to scrape details for https://gis.vgsi.com/newlondonct/Map.aspx?pid=. 
DEBUG: Failed to scrape details for https://gis.vgsi.com/newlondonct/Map.aspx?pid=. 
DEBUG: Failed to scrape details for https://gis.vgsi.com/newlondonct/Map.aspx?pid=. 
DEBUG: Failed to scrape details for https://gis.vgsi.com/newlondonct/Map.aspx?pid=. 
DEBUG: Failed to scrape details for https://gis.vgsi.com/newlondonct/Map.aspx?pid=. 
DEBUG: Failed to scrape details for https://gis.vgsi.com/newlondonct/Map.aspx?pid=. 
DEBUG: Failed to scrape details for https://gis.vgsi.com/newlondonct/Map.aspx?pid=. 
DEBUG: Failed to scrape details for https://gis.vgsi.com/newlondonct/Map.aspx?pid=. 
DEBUG: Failed to scrape details for https://gis.vgsi.com/newlondonct/Map.aspx?pid=. 
DEBUG: Failed to scrape details for https://gis.vgsi.com/newlondonct/Map.aspx?pid=. 
DEBUG: Failed to scrape details for https://gis.vgsi.com/newlondonct/Map.aspx?pid=. 
DEBUG: Failed to scrape details for https://gis.vgsi.com/newlondonct/Map.aspx?pid=. 
DEBUG: Failed to scrape details for https://gis.vgsi.com/newlondonct/Map.aspx?pid=. 
DEBUG: Failed to scrape details for https://gis.vgsi.com/newlondonct/Map.aspx?pid=. 
DEBUG: Failed to scrape details for https://gis.vgsi.com/newlondonct/Map.aspx?pid=. 
DEBUG: Failed to scrape details for https://gis.vgsi.com/newlondonct/Map.aspx?pid=. 
DEBUG: Failed to scrape details for https://gis.vgsi.com/newlondonct/Map.aspx?pid=. 
DEBUG: Failed to scrape details for https://gis.vgsi.com/newlondonct/Map.aspx?pid=. 
DEBUG: Failed to scrape details for https://gis.vgsi.com/newlondonct/Map.aspx?pid=. 
DEBUG: Failed to scrape details for https://gis.vgsi.com/newlondonct/Map.aspx?pid=. 
DEBUG: Failed to scrape details for https://gis.vgsi.com/newlondonct/Map.aspx?pid=. 
DEBUG: Failed to scrape details for https://gis.vgsi.com/newlondonct/Map.aspx?pid=. 
DEBUG: Failed to scrape details for https://gis.vgsi.com/newlondonct/Map.aspx?pid=. 
DEBUG: Failed to scrape details for https://gis.vgsi.com/newlondonct/Map.aspx?pid=. 
[2026-01-27 15:15:03]   -> [Progress] Scraped 350/714 streets...
DEBUG: Failed to scrape details for https://gis.vgsi.com/newlondonct/Map.aspx?pid=. 
DEBUG: Failed to scrape details for https://gis.vgsi.com/newlondonct/Map.aspx?pid=. 
DEBUG: Failed to scrape details for https://gis.vgsi.com/newlondonct/Map.aspx?pid=. 
DEBUG: Failed to scrape details for https://gis.vgsi.com/newlondonct/Map.aspx?pid=. 
DEBUG: Failed to scrape details for https://gis.vgsi.com/newlondonct/Map.aspx?pid=. 
DEBUG: Failed to scrape details for https://gis.vgsi.com/newlondonct/Map.aspx?pid=. 
DEBUG: Failed to scrape details for https://gis.vgsi.com/newlondonct/Map.aspx?pid=. 
DEBUG: Failed to scrape details for https://gis.vgsi.com/newlondonct/Map.aspx?pid=. 
DEBUG: Failed to scrape details for https://gis.vgsi.com/newlondonct/Map.aspx?pid=. 
DEBUG: Failed to scrape details for https://gis.vgsi.com/newlondonct/Map.aspx?pid=. 
DEBUG: Failed to scrape details for https://gis.vgsi.com/newlondonct/Map.aspx?pid=. 
DEBUG: Failed to scrape details for https://gis.vgsi.com/newlondonct/Map.aspx?pid=. 
DEBUG: Failed to scrape details for https://gis.vgsi.com/newlondonct/Map.aspx?pid=. 
DEBUG: Failed to scrape details for https://gis.vgsi.com/newlondonct/Map.aspx?pid=. 
DEBUG: Failed to scrape details for https://gis.vgsi.com/newlondonct/Map.aspx?pid=. 
DEBUG: Failed to scrape details for https://gis.vgsi.com/newlondonct/Map.aspx?pid=. 
DEBUG: Failed to scrape details for https://gis.vgsi.com/newlondonct/Map.aspx?pid=. 
DEBUG: Failed to scrape details for https://gis.vgsi.com/newlondonct/Map.aspx?pid=. 
DEBUG: Failed to scrape details for https://gis.vgsi.com/newlondonct/Map.aspx?pid=. 
DEBUG: Failed to scrape details for https://gis.vgsi.com/newlondonct/Map.aspx?pid=. 
DEBUG: Failed to scrape details for https://gis.vgsi.com/newlondonct/Map.aspx?pid=. 
DEBUG: Failed to scrape details for https://gis.vgsi.com/newlondonct/Map.aspx?pid=. 
DEBUG: Failed to scrape details for https://gis.vgsi.com/newlondonct/Map.aspx?pid=. 
DEBUG: Failed to scrape details for https://gis.vgsi.com/newlondonct/Map.aspx?pid=. 
DEBUG: Failed to scrape details for https://gis.vgsi.com/newlondonct/Map.aspx?pid=. 
DEBUG: Failed to scrape details for https://gis.vgsi.com/newlondonct/Map.aspx?pid=. 
DEBUG: Failed to scrape details for https://gis.vgsi.com/newlondonct/Map.aspx?pid=. 
DEBUG: Failed to scrape details for https://gis.vgsi.com/newlondonct/Map.aspx?pid=. 
DEBUG: Failed to scrape details for https://gis.vgsi.com/newlondonct/Map.aspx?pid=. 
DEBUG: Failed to scrape details for https://gis.vgsi.com/newlondonct/Map.aspx?pid=. 
DEBUG: Failed to scrape details for https://gis.vgsi.com/newlondonct/Map.aspx?pid=. 
DEBUG: Failed to scrape details for https://gis.vgsi.com/newlondonct/Map.aspx?pid=. 
DEBUG: Failed to scrape details for https://gis.vgsi.com/newlondonct/Map.aspx?pid=. 
DEBUG: Failed to scrape details for https://gis.vgsi.com/newlondonct/Map.aspx?pid=. 
DEBUG: Failed to scrape details for https://gis.vgsi.com/newlondonct/Map.aspx?pid=. 
DEBUG: Failed to scrape details for https://gis.vgsi.com/newlondonct/Map.aspx?pid=. 
DEBUG: Failed to scrape details for https://gis.vgsi.com/newlondonct/Map.aspx?pid=. 
DEBUG: Failed to scrape details for https://gis.vgsi.com/newlondonct/Map.aspx?pid=. 
DEBUG: Failed to scrape details for https://gis.vgsi.com/newlondonct/Map.aspx?pid=. 
DEBUG: Failed to scrape details for https://gis.vgsi.com/newlondonct/Map.aspx?pid=. 
DEBUG: Failed to scrape details for https://gis.vgsi.com/newlondonct/Map.aspx?pid=. 
DEBUG: Failed to scrape details for https://gis.vgsi.com/newlondonct/Map.aspx?pid=. 
DEBUG: Failed to scrape details for https://gis.vgsi.com/newlondonct/Map.aspx?pid=. 
DEBUG: Failed to scrape details for https://gis.vgsi.com/newlondonct/Map.aspx?pid=. 
DEBUG: Failed to scrape details for https://gis.vgsi.com/newlondonct/Map.aspx?pid=. 
DEBUG: Failed to scrape details for https://gis.vgsi.com/newlondonct/Map.aspx?pid=. 
DEBUG: Failed to scrape details for https://gis.vgsi.com/newlondonct/Map.aspx?pid=. 
DEBUG: Failed to scrape details for https://gis.vgsi.com/newlondonct/Map.aspx?pid=. 
DEBUG: Failed to scrape details for https://gis.vgsi.com/newlondonct/Map.aspx?pid=. 
DEBUG: Failed to scrape details for https://gis.vgsi.com/newlondonct/Map.aspx?pid=. 
[2026-01-27 15:15:36]   -> [Progress] Scraped 400/714 streets...
DEBUG: Failed to scrape details for https://gis.vgsi.com/newlondonct/Map.aspx?pid=. 
DEBUG: Failed to scrape details for https://gis.vgsi.com/newlondonct/Map.aspx?pid=. 
DEBUG: Failed to scrape details for https://gis.vgsi.com/newlondonct/Map.aspx?pid=. 
DEBUG: Failed to scrape details for https://gis.vgsi.com/newlondonct/Map.aspx?pid=. 
DEBUG: Failed to scrape details for https://gis.vgsi.com/newlondonct/Parcel.aspx?pid=106300. 
DEBUG: Failed to scrape details for https://gis.vgsi.com/newlondonct/Map.aspx?pid=. 
DEBUG: Failed to scrape details for https://gis.vgsi.com/newlondonct/Map.aspx?pid=. 
DEBUG: Failed to scrape details for https://gis.vgsi.com/newlondonct/Map.aspx?pid=. 
DEBUG: Failed to scrape details for https://gis.vgsi.com/newlondonct/Map.aspx?pid=. 
DEBUG: Failed to scrape details for https://gis.vgsi.com/newlondonct/Map.aspx?pid=. 
DEBUG: Failed to scrape details for https://gis.vgsi.com/newlondonct/Map.aspx?pid=. 
DEBUG: Failed to scrape details for https://gis.vgsi.com/newlondonct/Map.aspx?pid=. 
DEBUG: Failed to scrape details for https://gis.vgsi.com/newlondonct/Map.aspx?pid=. 
DEBUG: Failed to scrape details for https://gis.vgsi.com/newlondonct/Map.aspx?pid=. 
DEBUG: Failed to scrape details for https://gis.vgsi.com/newlondonct/Map.aspx?pid=. 
DEBUG: Failed to scrape details for https://gis.vgsi.com/newlondonct/Map.aspx?pid=. 
DEBUG: Failed to scrape details for https://gis.vgsi.com/newlondonct/Map.aspx?pid=. 
DEBUG: Failed to scrape details for https://gis.vgsi.com/newlondonct/Map.aspx?pid=. 
DEBUG: Failed to scrape details for https://gis.vgsi.com/newlondonct/Map.aspx?pid=. 
DEBUG: Failed to scrape details for https://gis.vgsi.com/newlondonct/Map.aspx?pid=. 
DEBUG: Failed to scrape details for https://gis.vgsi.com/newlondonct/Map.aspx?pid=. 
DEBUG: Failed to scrape details for https://gis.vgsi.com/newlondonct/Map.aspx?pid=. 
DEBUG: Failed to scrape details for https://gis.vgsi.com/newlondonct/Map.aspx?pid=. 
DEBUG: Failed to scrape details for https://gis.vgsi.com/newlondonct/Map.aspx?pid=. 
DEBUG: Failed to scrape details for https://gis.vgsi.com/newlondonct/Map.aspx?pid=. 
DEBUG: Failed to scrape details for https://gis.vgsi.com/newlondonct/Map.aspx?pid=. 
DEBUG: Failed to scrape details for https://gis.vgsi.com/newlondonct/Map.aspx?pid=. 
DEBUG: Failed to scrape details for https://gis.vgsi.com/newlondonct/Map.aspx?pid=. 
DEBUG: Failed to scrape details for https://gis.vgsi.com/newlondonct/Map.aspx?pid=. 
DEBUG: Failed to scrape details for https://gis.vgsi.com/newlondonct/Map.aspx?pid=. 
DEBUG: Failed to scrape details for https://gis.vgsi.com/newlondonct/Map.aspx?pid=. 
DEBUG: Failed to scrape details for https://gis.vgsi.com/newlondonct/Map.aspx?pid=. 
DEBUG: Failed to scrape details for https://gis.vgsi.com/newlondonct/Map.aspx?pid=. 
DEBUG: Failed to scrape details for https://gis.vgsi.com/newlondonct/Map.aspx?pid=. 
DEBUG: Failed to scrape details for https://gis.vgsi.com/newlondonct/Map.aspx?pid=. 
DEBUG: Failed to scrape details for https://gis.vgsi.com/newlondonct/Map.aspx?pid=. 
DEBUG: Failed to scrape details for https://gis.vgsi.com/newlondonct/Map.aspx?pid=. 
DEBUG: Failed to scrape details for https://gis.vgsi.com/newlondonct/Map.aspx?pid=. 
DEBUG: Failed to scrape details for https://gis.vgsi.com/newlondonct/Map.aspx?pid=. 
DEBUG: Failed to scrape details for https://gis.vgsi.com/newlondonct/Map.aspx?pid=. 
DEBUG: Failed to scrape details for https://gis.vgsi.com/newlondonct/Map.aspx?pid=. 
DEBUG: Failed to scrape details for https://gis.vgsi.com/newlondonct/Map.aspx?pid=. 
DEBUG: Failed to scrape details for https://gis.vgsi.com/newlondonct/Map.aspx?pid=. 
DEBUG: Failed to scrape details for https://gis.vgsi.com/newlondonct/Map.aspx?pid=. 
DEBUG: Failed to scrape details for https://gis.vgsi.com/newlondonct/Map.aspx?pid=. 
DEBUG: Failed to scrape details for https://gis.vgsi.com/newlondonct/Map.aspx?pid=. 
DEBUG: Failed to scrape details for https://gis.vgsi.com/newlondonct/Map.aspx?pid=. 
DEBUG: Failed to scrape details for https://gis.vgsi.com/newlondonct/Map.aspx?pid=. 
DEBUG: Failed to scrape details for https://gis.vgsi.com/newlondonct/Map.aspx?pid=. 
DEBUG: Failed to scrape details for https://gis.vgsi.com/newlondonct/Map.aspx?pid=. 
DEBUG: Failed to scrape details for https://gis.vgsi.com/newlondonct/Map.aspx?pid=. 
[2026-01-27 15:16:12]   -> [Progress] Scraped 450/714 streets...
DEBUG: Failed to scrape details for https://gis.vgsi.com/newlondonct/Map.aspx?pid=. 
DEBUG: Failed to scrape details for https://gis.vgsi.com/newlondonct/Map.aspx?pid=. 
DEBUG: Failed to scrape details for https://gis.vgsi.com/newlondonct/Map.aspx?pid=. 
DEBUG: Failed to scrape details for https://gis.vgsi.com/newlondonct/Map.aspx?pid=. 
DEBUG: Failed to scrape details for https://gis.vgsi.com/newlondonct/Map.aspx?pid=. 
DEBUG: Failed to scrape details for https://gis.vgsi.com/newlondonct/Map.aspx?pid=. 
DEBUG: Failed to scrape details for https://gis.vgsi.com/newlondonct/Map.aspx?pid=. 
DEBUG: Failed to scrape details for https://gis.vgsi.com/newlondonct/Map.aspx?pid=. 
DEBUG: Failed to scrape details for https://gis.vgsi.com/newlondonct/Map.aspx?pid=. 
DEBUG: Failed to scrape details for https://gis.vgsi.com/newlondonct/Map.aspx?pid=. 
DEBUG: Failed to scrape details for https://gis.vgsi.com/newlondonct/Map.aspx?pid=. 
DEBUG: Failed to scrape details for https://gis.vgsi.com/newlondonct/Map.aspx?pid=. 
DEBUG: Failed to scrape details for https://gis.vgsi.com/newlondonct/Map.aspx?pid=. 
DEBUG: Failed to scrape details for https://gis.vgsi.com/newlondonct/Map.aspx?pid=. 
DEBUG: Failed to scrape details for https://gis.vgsi.com/newlondonct/Map.aspx?pid=. 
DEBUG: Failed to scrape details for https://gis.vgsi.com/newlondonct/Map.aspx?pid=. 
DEBUG: Failed to scrape details for https://gis.vgsi.com/newlondonct/Map.aspx?pid=. 
DEBUG: Failed to scrape details for https://gis.vgsi.com/newlondonct/Map.aspx?pid=. 
DEBUG: Failed to scrape details for https://gis.vgsi.com/newlondonct/Map.aspx?pid=. 
DEBUG: Failed to scrape details for https://gis.vgsi.com/newlondonct/Map.aspx?pid=. 
DEBUG: Failed to scrape details for https://gis.vgsi.com/newlondonct/Map.aspx?pid=. 
DEBUG: Failed to scrape details for https://gis.vgsi.com/newlondonct/Map.aspx?pid=. 
DEBUG: Failed to scrape details for https://gis.vgsi.com/newlondonct/Map.aspx?pid=. 
DEBUG: Failed to scrape details for https://gis.vgsi.com/newlondonct/Map.aspx?pid=. 
DEBUG: Failed to scrape details for https://gis.vgsi.com/newlondonct/Map.aspx?pid=. 
DEBUG: Failed to scrape details for https://gis.vgsi.com/newlondonct/Map.aspx?pid=. 
DEBUG: Failed to scrape details for https://gis.vgsi.com/newlondonct/Map.aspx?pid=. 
DEBUG: Failed to scrape details for https://gis.vgsi.com/newlondonct/Map.aspx?pid=. 
DEBUG: Failed to scrape details for https://gis.vgsi.com/newlondonct/Map.aspx?pid=. 
DEBUG: Failed to scrape details for https://gis.vgsi.com/newlondonct/Map.aspx?pid=. 
DEBUG: Failed to scrape details for https://gis.vgsi.com/newlondonct/Map.aspx?pid=. 
DEBUG: Failed to scrape details for https://gis.vgsi.com/newlondonct/Map.aspx?pid=. 
DEBUG: Failed to scrape details for https://gis.vgsi.com/newlondonct/Map.aspx?pid=. 
DEBUG: Failed to scrape details for https://gis.vgsi.com/newlondonct/Map.aspx?pid=. 
DEBUG: Failed to scrape details for https://gis.vgsi.com/newlondonct/Map.aspx?pid=. 
DEBUG: Failed to scrape details for https://gis.vgsi.com/newlondonct/Map.aspx?pid=. 
DEBUG: Failed to scrape details for https://gis.vgsi.com/newlondonct/Map.aspx?pid=. 
DEBUG: Failed to scrape details for https://gis.vgsi.com/newlondonct/Map.aspx?pid=. 
DEBUG: Failed to scrape details for https://gis.vgsi.com/newlondonct/Map.aspx?pid=. 
DEBUG: Failed to scrape details for https://gis.vgsi.com/newlondonct/Map.aspx?pid=. 
DEBUG: Failed to scrape details for https://gis.vgsi.com/newlondonct/Map.aspx?pid=. 
DEBUG: Failed to scrape details for https://gis.vgsi.com/newlondonct/Map.aspx?pid=. 
DEBUG: Failed to scrape details for https://gis.vgsi.com/newlondonct/Map.aspx?pid=. 
DEBUG: Failed to scrape details for https://gis.vgsi.com/newlondonct/Map.aspx?pid=. 
DEBUG: Failed to scrape details for https://gis.vgsi.com/newlondonct/Map.aspx?pid=. 
DEBUG: Failed to scrape details for https://gis.vgsi.com/newlondonct/Map.aspx?pid=. 
DEBUG: Failed to scrape details for https://gis.vgsi.com/newlondonct/Parcel.aspx?pid=6646. 
DEBUG: Failed to scrape details for https://gis.vgsi.com/newlondonct/Map.aspx?pid=. 
DEBUG: Failed to scrape details for https://gis.vgsi.com/newlondonct/Map.aspx?pid=. 
DEBUG: Failed to scrape details for https://gis.vgsi.com/newlondonct/Map.aspx?pid=. 
DEBUG: Failed to scrape details for https://gis.vgsi.com/newlondonct/Map.aspx?pid=. 
[2026-01-27 15:16:47]   -> [Progress] Scraped 500/714 streets...
DEBUG: Failed to scrape details for https://gis.vgsi.com/newlondonct/Map.aspx?pid=. 
DEBUG: Failed to scrape details for https://gis.vgsi.com/newlondonct/Map.aspx?pid=. 
DEBUG: Failed to scrape details for https://gis.vgsi.com/newlondonct/Map.aspx?pid=. 
DEBUG: Failed to scrape details for https://gis.vgsi.com/newlondonct/Map.aspx?pid=. 
DEBUG: Failed to scrape details for https://gis.vgsi.com/newlondonct/Map.aspx?pid=. 
DEBUG: Failed to scrape details for https://gis.vgsi.com/newlondonct/Map.aspx?pid=. 
DEBUG: Failed to scrape details for https://gis.vgsi.com/newlondonct/Map.aspx?pid=. 
DEBUG: Failed to scrape details for https://gis.vgsi.com/newlondonct/Map.aspx?pid=. 
DEBUG: Failed to scrape details for https://gis.vgsi.com/newlondonct/Map.aspx?pid=. 
DEBUG: Failed to scrape details for https://gis.vgsi.com/newlondonct/Map.aspx?pid=. 
DEBUG: Failed to scrape details for https://gis.vgsi.com/newlondonct/Map.aspx?pid=. 
DEBUG: Failed to scrape details for https://gis.vgsi.com/newlondonct/Map.aspx?pid=. 
DEBUG: Failed to scrape details for https://gis.vgsi.com/newlondonct/Map.aspx?pid=. 
DEBUG: Failed to scrape details for https://gis.vgsi.com/newlondonct/Map.aspx?pid=. 
DEBUG: Failed to scrape details for https://gis.vgsi.com/newlondonct/Map.aspx?pid=. 
DEBUG: Failed to scrape details for https://gis.vgsi.com/newlondonct/Map.aspx?pid=. 
DEBUG: Failed to scrape details for https://gis.vgsi.com/newlondonct/Map.aspx?pid=. 
DEBUG: Failed to scrape details for https://gis.vgsi.com/newlondonct/Map.aspx?pid=. 
DEBUG: Failed to scrape details for https://gis.vgsi.com/newlondonct/Map.aspx?pid=. 
DEBUG: Failed to scrape details for https://gis.vgsi.com/newlondonct/Map.aspx?pid=. 
DEBUG: Failed to scrape details for https://gis.vgsi.com/newlondonct/Map.aspx?pid=. 
DEBUG: Failed to scrape details for https://gis.vgsi.com/newlondonct/Map.aspx?pid=. 
DEBUG: Failed to scrape details for https://gis.vgsi.com/newlondonct/Map.aspx?pid=. 
DEBUG: Failed to scrape details for https://gis.vgsi.com/newlondonct/Map.aspx?pid=. 
DEBUG: Failed to scrape details for https://gis.vgsi.com/newlondonct/Map.aspx?pid=. 
DEBUG: Failed to scrape details for https://gis.vgsi.com/newlondonct/Map.aspx?pid=. 
DEBUG: Failed to scrape details for https://gis.vgsi.com/newlondonct/Map.aspx?pid=. 
DEBUG: Failed to scrape details for https://gis.vgsi.com/newlondonct/Map.aspx?pid=. 
DEBUG: Failed to scrape details for https://gis.vgsi.com/newlondonct/Map.aspx?pid=. 
DEBUG: Failed to scrape details for https://gis.vgsi.com/newlondonct/Map.aspx?pid=. 
DEBUG: Failed to scrape details for https://gis.vgsi.com/newlondonct/Map.aspx?pid=. 
DEBUG: Failed to scrape details for https://gis.vgsi.com/newlondonct/Map.aspx?pid=. 
DEBUG: Failed to scrape details for https://gis.vgsi.com/newlondonct/Map.aspx?pid=. 
DEBUG: Failed to scrape details for https://gis.vgsi.com/newlondonct/Map.aspx?pid=. 
DEBUG: Failed to scrape details for https://gis.vgsi.com/newlondonct/Map.aspx?pid=. 
DEBUG: Failed to scrape details for https://gis.vgsi.com/newlondonct/Map.aspx?pid=. 
DEBUG: Failed to scrape details for https://gis.vgsi.com/newlondonct/Map.aspx?pid=. 
DEBUG: Failed to scrape details for https://gis.vgsi.com/newlondonct/Map.aspx?pid=. 
DEBUG: Failed to scrape details for https://gis.vgsi.com/newlondonct/Map.aspx?pid=. 
DEBUG: Failed to scrape details for https://gis.vgsi.com/newlondonct/Map.aspx?pid=. 
DEBUG: Failed to scrape details for https://gis.vgsi.com/newlondonct/Map.aspx?pid=. 
DEBUG: Failed to scrape details for https://gis.vgsi.com/newlondonct/Map.aspx?pid=. 
DEBUG: Failed to scrape details for https://gis.vgsi.com/newlondonct/Map.aspx?pid=. 
DEBUG: Failed to scrape details for https://gis.vgsi.com/newlondonct/Map.aspx?pid=. 
DEBUG: Failed to scrape details for https://gis.vgsi.com/newlondonct/Map.aspx?pid=. 
DEBUG: Failed to scrape details for https://gis.vgsi.com/newlondonct/Map.aspx?pid=. 
DEBUG: Failed to scrape details for https://gis.vgsi.com/newlondonct/Map.aspx?pid=. 
DEBUG: Failed to scrape details for https://gis.vgsi.com/newlondonct/Map.aspx?pid=. 
DEBUG: Failed to scrape details for https://gis.vgsi.com/newlondonct/Map.aspx?pid=. 
DEBUG: Failed to scrape details for https://gis.vgsi.com/newlondonct/Map.aspx?pid=. 
DEBUG: Failed to scrape details for https://gis.vgsi.com/newlondonct/Map.aspx?pid=. 
DEBUG: Failed to scrape details for https://gis.vgsi.com/newlondonct/Map.aspx?pid=. 
[2026-01-27 15:17:20]   -> [Progress] Scraped 550/714 streets...
DEBUG: Failed to scrape details for https://gis.vgsi.com/newlondonct/Map.aspx?pid=. 
DEBUG: Failed to scrape details for https://gis.vgsi.com/newlondonct/Map.aspx?pid=. 
DEBUG: Failed to scrape details for https://gis.vgsi.com/newlondonct/Map.aspx?pid=. 
DEBUG: Failed to scrape details for https://gis.vgsi.com/newlondonct/Map.aspx?pid=. 
DEBUG: Failed to scrape details for https://gis.vgsi.com/newlondonct/Map.aspx?pid=. 
DEBUG: Failed to scrape details for https://gis.vgsi.com/newlondonct/Map.aspx?pid=. 
DEBUG: Failed to scrape details for https://gis.vgsi.com/newlondonct/Map.aspx?pid=. 
DEBUG: Failed to scrape details for https://gis.vgsi.com/newlondonct/Map.aspx?pid=. 
DEBUG: Failed to scrape details for https://gis.vgsi.com/newlondonct/Map.aspx?pid=. 
DEBUG: Failed to scrape details for https://gis.vgsi.com/newlondonct/Map.aspx?pid=. 
DEBUG: Failed to scrape details for https://gis.vgsi.com/newlondonct/Map.aspx?pid=. 
DEBUG: Failed to scrape details for https://gis.vgsi.com/newlondonct/Parcel.aspx?pid=7982. 
DEBUG: Failed to scrape details for https://gis.vgsi.com/newlondonct/Map.aspx?pid=. 
DEBUG: Failed to scrape details for https://gis.vgsi.com/newlondonct/Map.aspx?pid=. 
DEBUG: Failed to scrape details for https://gis.vgsi.com/newlondonct/Map.aspx?pid=. 
DEBUG: Failed to scrape details for https://gis.vgsi.com/newlondonct/Map.aspx?pid=. 
DEBUG: Failed to scrape details for https://gis.vgsi.com/newlondonct/Parcel.aspx?pid=7983. 
DEBUG: Failed to scrape details for https://gis.vgsi.com/newlondonct/Map.aspx?pid=. 
DEBUG: Failed to scrape details for https://gis.vgsi.com/newlondonct/Map.aspx?pid=. 
DEBUG: Failed to scrape details for https://gis.vgsi.com/newlondonct/Map.aspx?pid=. 
DEBUG: Failed to scrape details for https://gis.vgsi.com/newlondonct/Map.aspx?pid=. 
DEBUG: Failed to scrape details for https://gis.vgsi.com/newlondonct/Map.aspx?pid=. 
DEBUG: Failed to scrape details for https://gis.vgsi.com/newlondonct/Map.aspx?pid=. 
DEBUG: Failed to scrape details for https://gis.vgsi.com/newlondonct/Map.aspx?pid=. 
DEBUG: Failed to scrape details for https://gis.vgsi.com/newlondonct/Map.aspx?pid=. 
DEBUG: Failed to scrape details for https://gis.vgsi.com/newlondonct/Map.aspx?pid=. 
DEBUG: Failed to scrape details for https://gis.vgsi.com/newlondonct/Map.aspx?pid=. 
DEBUG: Failed to scrape details for https://gis.vgsi.com/newlondonct/Map.aspx?pid=. 
DEBUG: Failed to scrape details for https://gis.vgsi.com/newlondonct/Map.aspx?pid=. 
DEBUG: Failed to scrape details for https://gis.vgsi.com/newlondonct/Map.aspx?pid=. 
DEBUG: Failed to scrape details for https://gis.vgsi.com/newlondonct/Map.aspx?pid=. 
DEBUG: Failed to scrape details for https://gis.vgsi.com/newlondonct/Map.aspx?pid=. 
DEBUG: Failed to scrape details for https://gis.vgsi.com/newlondonct/Map.aspx?pid=. 
DEBUG: Failed to scrape details for https://gis.vgsi.com/newlondonct/Map.aspx?pid=. 
DEBUG: Failed to scrape details for https://gis.vgsi.com/newlondonct/Map.aspx?pid=. 
DEBUG: Failed to scrape details for https://gis.vgsi.com/newlondonct/Map.aspx?pid=. 
DEBUG: Failed to scrape details for https://gis.vgsi.com/newlondonct/Map.aspx?pid=. 
DEBUG: Failed to scrape details for https://gis.vgsi.com/newlondonct/Map.aspx?pid=. 
DEBUG: Failed to scrape details for https://gis.vgsi.com/newlondonct/Map.aspx?pid=. 
DEBUG: Failed to scrape details for https://gis.vgsi.com/newlondonct/Map.aspx?pid=. 
DEBUG: Failed to scrape details for https://gis.vgsi.com/newlondonct/Map.aspx?pid=. 
DEBUG: Failed to scrape details for https://gis.vgsi.com/newlondonct/Map.aspx?pid=. 
DEBUG: Failed to scrape details for https://gis.vgsi.com/newlondonct/Map.aspx?pid=. 
DEBUG: Failed to scrape details for https://gis.vgsi.com/newlondonct/Map.aspx?pid=. 
DEBUG: Failed to scrape details for https://gis.vgsi.com/newlondonct/Map.aspx?pid=. 
DEBUG: Failed to scrape details for https://gis.vgsi.com/newlondonct/Map.aspx?pid=. 
DEBUG: Failed to scrape details for https://gis.vgsi.com/newlondonct/Map.aspx?pid=. 
DEBUG: Failed to scrape details for https://gis.vgsi.com/newlondonct/Map.aspx?pid=. 
DEBUG: Failed to scrape details for https://gis.vgsi.com/newlondonct/Map.aspx?pid=. 
[2026-01-27 15:17:56]   -> [Progress] Scraped 600/714 streets...
DEBUG: Failed to scrape details for https://gis.vgsi.com/newlondonct/Map.aspx?pid=. 
DEBUG: Failed to scrape details for https://gis.vgsi.com/newlondonct/Map.aspx?pid=. 
DEBUG: Failed to scrape details for https://gis.vgsi.com/newlondonct/Map.aspx?pid=. 
DEBUG: Failed to scrape details for https://gis.vgsi.com/newlondonct/Map.aspx?pid=. 
DEBUG: Failed to scrape details for https://gis.vgsi.com/newlondonct/Map.aspx?pid=. 
DEBUG: Failed to scrape details for https://gis.vgsi.com/newlondonct/Map.aspx?pid=. 
DEBUG: Failed to scrape details for https://gis.vgsi.com/newlondonct/Map.aspx?pid=. 
DEBUG: Failed to scrape details for https://gis.vgsi.com/newlondonct/Map.aspx?pid=. 
DEBUG: Failed to scrape details for https://gis.vgsi.com/newlondonct/Parcel.aspx?pid=102587. 
DEBUG: Failed to scrape details for https://gis.vgsi.com/newlondonct/Map.aspx?pid=. 
DEBUG: Failed to scrape details for https://gis.vgsi.com/newlondonct/Map.aspx?pid=. 
DEBUG: Failed to scrape details for https://gis.vgsi.com/newlondonct/Map.aspx?pid=. 
DEBUG: Failed to scrape details for https://gis.vgsi.com/newlondonct/Map.aspx?pid=. 
DEBUG: Failed to scrape details for https://gis.vgsi.com/newlondonct/Map.aspx?pid=. 
DEBUG: Failed to scrape details for https://gis.vgsi.com/newlondonct/Map.aspx?pid=. 
DEBUG: Failed to scrape details for https://gis.vgsi.com/newlondonct/Map.aspx?pid=. 
DEBUG: Failed to scrape details for https://gis.vgsi.com/newlondonct/Map.aspx?pid=. 
DEBUG: Failed to scrape details for https://gis.vgsi.com/newlondonct/Map.aspx?pid=. 
DEBUG: Failed to scrape details for https://gis.vgsi.com/newlondonct/Map.aspx?pid=. 
DEBUG: Failed to scrape details for https://gis.vgsi.com/newlondonct/Map.aspx?pid=. 
DEBUG: Failed to scrape details for https://gis.vgsi.com/newlondonct/Map.aspx?pid=. 
DEBUG: Failed to scrape details for https://gis.vgsi.com/newlondonct/Map.aspx?pid=. 
DEBUG: Failed to scrape details for https://gis.vgsi.com/newlondonct/Map.aspx?pid=. 
DEBUG: Failed to scrape details for https://gis.vgsi.com/newlondonct/Map.aspx?pid=. 
DEBUG: Failed to scrape details for https://gis.vgsi.com/newlondonct/Map.aspx?pid=. 
DEBUG: Failed to scrape details for https://gis.vgsi.com/newlondonct/Map.aspx?pid=. 
DEBUG: Failed to scrape details for https://gis.vgsi.com/newlondonct/Map.aspx?pid=. 
DEBUG: Failed to scrape details for https://gis.vgsi.com/newlondonct/Map.aspx?pid=. 
DEBUG: Failed to scrape details for https://gis.vgsi.com/newlondonct/Map.aspx?pid=. 
DEBUG: Failed to scrape details for https://gis.vgsi.com/newlondonct/Map.aspx?pid=. 
DEBUG: Failed to scrape details for https://gis.vgsi.com/newlondonct/Map.aspx?pid=. 
DEBUG: Failed to scrape details for https://gis.vgsi.com/newlondonct/Map.aspx?pid=. 
DEBUG: Failed to scrape details for https://gis.vgsi.com/newlondonct/Map.aspx?pid=. 
DEBUG: Failed to scrape details for https://gis.vgsi.com/newlondonct/Map.aspx?pid=. 
DEBUG: Failed to scrape details for https://gis.vgsi.com/newlondonct/Map.aspx?pid=. 
DEBUG: Failed to scrape details for https://gis.vgsi.com/newlondonct/Map.aspx?pid=. 
DEBUG: Failed to scrape details for https://gis.vgsi.com/newlondonct/Map.aspx?pid=. 
DEBUG: Failed to scrape details for https://gis.vgsi.com/newlondonct/Map.aspx?pid=. 
DEBUG: Failed to scrape details for https://gis.vgsi.com/newlondonct/Map.aspx?pid=. 
DEBUG: Failed to scrape details for https://gis.vgsi.com/newlondonct/Map.aspx?pid=. 
DEBUG: Failed to scrape details for https://gis.vgsi.com/newlondonct/Map.aspx?pid=. 
DEBUG: Failed to scrape details for https://gis.vgsi.com/newlondonct/Map.aspx?pid=. 
DEBUG: Failed to scrape details for https://gis.vgsi.com/newlondonct/Map.aspx?pid=. 
DEBUG: Failed to scrape details for https://gis.vgsi.com/newlondonct/Map.aspx?pid=. 
DEBUG: Failed to scrape details for https://gis.vgsi.com/newlondonct/Map.aspx?pid=. 
DEBUG: Failed to scrape details for https://gis.vgsi.com/newlondonct/Map.aspx?pid=. 
DEBUG: Failed to scrape details for https://gis.vgsi.com/newlondonct/Map.aspx?pid=. 
DEBUG: Failed to scrape details for https://gis.vgsi.com/newlondonct/Map.aspx?pid=. 
DEBUG: Failed to scrape details for https://gis.vgsi.com/newlondonct/Map.aspx?pid=. 
DEBUG: Failed to scrape details for https://gis.vgsi.com/newlondonct/Map.aspx?pid=. 
DEBUG: Failed to scrape details for https://gis.vgsi.com/newlondonct/Map.aspx?pid=. 
DEBUG: Failed to scrape details for https://gis.vgsi.com/newlondonct/Map.aspx?pid=. 
DEBUG: Failed to scrape details for https://gis.vgsi.com/newlondonct/Map.aspx?pid=. 
[2026-01-27 15:18:25]   -> [Progress] Scraped 650/714 streets...
DEBUG: Failed to scrape details for https://gis.vgsi.com/newlondonct/Map.aspx?pid=. 
DEBUG: Failed to scrape details for https://gis.vgsi.com/newlondonct/Map.aspx?pid=. 
DEBUG: Failed to scrape details for https://gis.vgsi.com/newlondonct/Map.aspx?pid=. 
DEBUG: Failed to scrape details for https://gis.vgsi.com/newlondonct/Map.aspx?pid=. 
DEBUG: Failed to scrape details for https://gis.vgsi.com/newlondonct/Map.aspx?pid=. 
DEBUG: Failed to scrape details for https://gis.vgsi.com/newlondonct/Map.aspx?pid=. 
DEBUG: Failed to scrape details for https://gis.vgsi.com/newlondonct/Map.aspx?pid=. 
DEBUG: Failed to scrape details for https://gis.vgsi.com/newlondonct/Map.aspx?pid=. 
DEBUG: Failed to scrape details for https://gis.vgsi.com/newlondonct/Map.aspx?pid=. 
DEBUG: Failed to scrape details for https://gis.vgsi.com/newlondonct/Map.aspx?pid=. 
DEBUG: Failed to scrape details for https://gis.vgsi.com/newlondonct/Map.aspx?pid=. 
DEBUG: Failed to scrape details for https://gis.vgsi.com/newlondonct/Map.aspx?pid=. 
DEBUG: Failed to scrape details for https://gis.vgsi.com/newlondonct/Map.aspx?pid=. 
DEBUG: Failed to scrape details for https://gis.vgsi.com/newlondonct/Map.aspx?pid=. 
DEBUG: Failed to scrape details for https://gis.vgsi.com/newlondonct/Map.aspx?pid=. 
DEBUG: Failed to scrape details for https://gis.vgsi.com/newlondonct/Map.aspx?pid=. 
DEBUG: Failed to scrape details for https://gis.vgsi.com/newlondonct/Map.aspx?pid=. 
DEBUG: Failed to scrape details for https://gis.vgsi.com/newlondonct/Map.aspx?pid=. 
DEBUG: Failed to scrape details for https://gis.vgsi.com/newlondonct/Map.aspx?pid=. 
DEBUG: Failed to scrape details for https://gis.vgsi.com/newlondonct/Map.aspx?pid=. 
DEBUG: Failed to scrape details for https://gis.vgsi.com/newlondonct/Map.aspx?pid=. 
DEBUG: Failed to scrape details for https://gis.vgsi.com/newlondonct/Map.aspx?pid=. 
DEBUG: Failed to scrape details for https://gis.vgsi.com/newlondonct/Map.aspx?pid=. 
DEBUG: Failed to scrape details for https://gis.vgsi.com/newlondonct/Map.aspx?pid=. 
DEBUG: Failed to scrape details for https://gis.vgsi.com/newlondonct/Map.aspx?pid=. 
DEBUG: Failed to scrape details for https://gis.vgsi.com/newlondonct/Map.aspx?pid=. 
DEBUG: Failed to scrape details for https://gis.vgsi.com/newlondonct/Map.aspx?pid=. 
DEBUG: Failed to scrape details for https://gis.vgsi.com/newlondonct/Map.aspx?pid=. 
DEBUG: Failed to scrape details for https://gis.vgsi.com/newlondonct/Map.aspx?pid=. 
DEBUG: Failed to scrape details for https://gis.vgsi.com/newlondonct/Map.aspx?pid=. 
DEBUG: Failed to scrape details for https://gis.vgsi.com/newlondonct/Map.aspx?pid=. 
DEBUG: Failed to scrape details for https://gis.vgsi.com/newlondonct/Map.aspx?pid=. 
DEBUG: Failed to scrape details for https://gis.vgsi.com/newlondonct/Map.aspx?pid=. 
DEBUG: Failed to scrape details for https://gis.vgsi.com/newlondonct/Map.aspx?pid=. 
DEBUG: Failed to scrape details for https://gis.vgsi.com/newlondonct/Map.aspx?pid=. 
DEBUG: Failed to scrape details for https://gis.vgsi.com/newlondonct/Map.aspx?pid=. 
DEBUG: Failed to scrape details for https://gis.vgsi.com/newlondonct/Map.aspx?pid=. 
DEBUG: Failed to scrape details for https://gis.vgsi.com/newlondonct/Map.aspx?pid=. 
DEBUG: Failed to scrape details for https://gis.vgsi.com/newlondonct/Map.aspx?pid=. 
DEBUG: Failed to scrape details for https://gis.vgsi.com/newlondonct/Map.aspx?pid=. 
DEBUG: Failed to scrape details for https://gis.vgsi.com/newlondonct/Map.aspx?pid=. 
DEBUG: Failed to scrape details for https://gis.vgsi.com/newlondonct/Map.aspx?pid=. 
DEBUG: Failed to scrape details for https://gis.vgsi.com/newlondonct/Map.aspx?pid=. 
DEBUG: Failed to scrape details for https://gis.vgsi.com/newlondonct/Map.aspx?pid=. 
DEBUG: Failed to scrape details for https://gis.vgsi.com/newlondonct/Map.aspx?pid=. 
DEBUG: Failed to scrape details for https://gis.vgsi.com/newlondonct/Parcel.aspx?pid=102588. 
DEBUG: Failed to scrape details for https://gis.vgsi.com/newlondonct/Map.aspx?pid=. 
DEBUG: Failed to scrape details for https://gis.vgsi.com/newlondonct/Map.aspx?pid=. 
[2026-01-27 15:18:52]   -> [Progress] Scraped 700/714 streets...
[2026-01-27 15:20:21]   -> Scraped 7026 properties total for NEW LONDON.
[2026-01-27 15:20:21]   -> SLOW PATH: Matching 6974 DB properties against 7026 scraped results...
[2026-01-27 15:20:22]     -> Matched 100/6974, updated 99 so far...
[2026-01-27 15:20:22]     -> Matched 200/6974, updated 196 so far...
[2026-01-27 15:20:22]     -> Matched 300/6974, updated 296 so far...
[2026-01-27 15:20:23]     -> Matched 400/6974, updated 396 so far...
[2026-01-27 15:20:23]     -> Matched 500/6974, updated 496 so far...
[2026-01-27 15:20:23]     -> Matched 600/6974, updated 596 so far...
[2026-01-27 15:20:23]     -> Matched 700/6974, updated 696 so far...
[2026-01-27 15:20:24]     -> Matched 800/6974, updated 796 so far...
[2026-01-27 15:20:24]     -> Matched 900/6974, updated 896 so far...
[2026-01-27 15:20:24]     -> Matched 1000/6974, updated 996 so far...
[2026-01-27 15:20:25]     -> Matched 1100/6974, updated 1096 so far...
[2026-01-27 15:20:25]     -> Matched 1200/6974, updated 1196 so far...
[2026-01-27 15:20:25]     -> Matched 1300/6974, updated 1296 so far...
[2026-01-27 15:20:25]     -> Matched 1400/6974, updated 1395 so far...
[2026-01-27 15:20:26]     -> Matched 1500/6974, updated 1494 so far...
[2026-01-27 15:20:26]     -> Matched 1600/6974, updated 1594 so far...
[2026-01-27 15:20:26]     -> Matched 1700/6974, updated 1694 so far...
[2026-01-27 15:20:27]     -> Matched 1800/6974, updated 1794 so far...
[2026-01-27 15:20:27]     -> Matched 1900/6974, updated 1894 so far...
[2026-01-27 15:20:27]     -> Matched 2000/6974, updated 1994 so far...
[2026-01-27 15:20:27]     -> Matched 2100/6974, updated 2094 so far...
[2026-01-27 15:20:28]     -> Matched 2200/6974, updated 2194 so far...
[2026-01-27 15:20:28]     -> Matched 2300/6974, updated 2294 so far...
[2026-01-27 15:20:28]     -> Matched 2400/6974, updated 2394 so far...
[2026-01-27 15:20:29]     -> Matched 2500/6974, updated 2494 so far...
[2026-01-27 15:20:29]     -> Matched 2600/6974, updated 2594 so far...
[2026-01-27 15:20:29]     -> Matched 2700/6974, updated 2694 so far...
[2026-01-27 15:20:29]     -> Matched 2800/6974, updated 2794 so far...
[2026-01-27 15:20:30]     -> Matched 2900/6974, updated 2894 so far...
[2026-01-27 15:20:30]     -> Matched 3000/6974, updated 2994 so far...
[2026-01-27 15:20:30]     -> Matched 3100/6974, updated 3094 so far...
[2026-01-27 15:20:31]     -> Matched 3200/6974, updated 3194 so far...
[2026-01-27 15:20:31]     -> Matched 3300/6974, updated 3294 so far...
[2026-01-27 15:20:31]     -> Matched 3400/6974, updated 3394 so far...
[2026-01-27 15:20:31]     -> Matched 3500/6974, updated 3494 so far...
[2026-01-27 15:20:32]     -> Matched 3600/6974, updated 3594 so far...
[2026-01-27 15:20:32]     -> Matched 3700/6974, updated 3694 so far...
[2026-01-27 15:20:32]     -> Matched 3800/6974, updated 3793 so far...
[2026-01-27 15:20:33]     -> Matched 3900/6974, updated 3893 so far...
[2026-01-27 15:20:33]     -> Matched 4000/6974, updated 3993 so far...
[2026-01-27 15:20:33]     -> Matched 4100/6974, updated 4093 so far...
[2026-01-27 15:20:33]     -> Matched 4200/6974, updated 4193 so far...
[2026-01-27 15:20:34]     -> Matched 4300/6974, updated 4293 so far...
[2026-01-27 15:20:34]     -> Matched 4400/6974, updated 4393 so far...
[2026-01-27 15:20:34]     -> Matched 4500/6974, updated 4493 so far...
[2026-01-27 15:20:35]     -> Matched 4600/6974, updated 4593 so far...
[2026-01-27 15:20:35]     -> Matched 4700/6974, updated 4693 so far...
[2026-01-27 15:20:35]     -> Matched 4800/6974, updated 4793 so far...
[2026-01-27 15:20:35]     -> Matched 4900/6974, updated 4893 so far...
[2026-01-27 15:20:36]     -> Matched 5000/6974, updated 4993 so far...
[2026-01-27 15:20:36]     -> Matched 5100/6974, updated 5093 so far...
[2026-01-27 15:20:36]     -> Matched 5200/6974, updated 5193 so far...
[2026-01-27 15:20:37]     -> Matched 5300/6974, updated 5293 so far...
[2026-01-27 15:20:37]     -> Matched 5400/6974, updated 5368 so far...
[2026-01-27 15:20:37]     -> Matched 5500/6974, updated 5468 so far...
[2026-01-27 15:20:37]     -> Matched 5600/6974, updated 5568 so far...
[2026-01-27 15:20:38]     -> Matched 5700/6974, updated 5668 so far...
[2026-01-27 15:20:38]     -> Matched 5800/6974, updated 5768 so far...
[2026-01-27 15:20:38]     -> Matched 5900/6974, updated 5868 so far...
[2026-01-27 15:20:39]     -> Matched 6000/6974, updated 5968 so far...
[2026-01-27 15:20:39]     -> Matched 6100/6974, updated 6068 so far...
[2026-01-27 15:20:39]     -> Matched 6200/6974, updated 6168 so far...
[2026-01-27 15:20:39]     -> Matched 6300/6974, updated 6268 so far...
[2026-01-27 15:20:40]     -> Matched 6400/6974, updated 6368 so far...
[2026-01-27 15:20:40]     -> Matched 6500/6974, updated 6468 so far...
[2026-01-27 15:20:40]     -> Matched 6600/6974, updated 6568 so far...
[2026-01-27 15:20:41]     -> Matched 6700/6974, updated 6662 so far...
[2026-01-27 15:20:41]     -> Matched 6800/6974, updated 6762 so far...
[2026-01-27 15:20:41]     -> Matched 6900/6974, updated 6857 so far...
[2026-01-27 15:20:41]   -> SLOW PATH complete. Updated 6931 properties (and populated their URLs).
[2026-01-27 15:20:41]   -> Finalizing: Marking all 6974 properties as processed for today.
[2026-01-27 15:20:56] Finished NEW LONDON. Total Updated: 6931 of 6974 properties.
[2026-01-27 15:20:56] WORKER_DONE: Finished job for NEW LONDON. Updated 6931 properties.
[2026-01-27 15:20:56] WORKER_CLEANUP: Closed DB connection for NEW LONDON.
[2026-01-27 15:20:56] COMPLETED: [1/1] Job for NEW LONDON finished, returned 6931 updates.
[2026-01-27 15:20:56] 
--- PROCESS COMPLETE ---
[2026-01-27 15:20:56] Updated 6931 total all properties across 1 municipalities.
[2026-01-27 15:20:56] Script finished.
