[2026-01-27 14:09:49] Starting data update process...
[2026-01-27 14:09:49] Settings: Parallel Municipalities=8, Force Reprocess=True
[2026-01-27 14:09:49] Database connection successful.
[2026-01-27 14:09:49] Ensured property_processing_log table exists for resumability.
[2026-01-27 14:09:49] Scraping https://www.vgsi.com/connecticut-online-database/ for municipalities...
[2026-01-27 14:09:49] Found 90 municipalities on the Vision Appraisal site.
[2026-01-27 14:09:49] Added custom data source municipality: HARTFORD (ct_geodata_csv)
[2026-01-27 14:09:49] Added custom data source municipality: ANSONIA (PROPERTYRECORDCARDS)
[2026-01-27 14:09:49] Added custom data source municipality: BEACON FALLS (MAPXPRESS)
[2026-01-27 14:09:49] Added custom data source municipality: BETHANY (PROPERTYRECORDCARDS)
[2026-01-27 14:09:49] Added custom data source municipality: CHESHIRE (PROPERTYRECORDCARDS)
[2026-01-27 14:09:49] Added custom data source municipality: COLCHESTER (MAPXPRESS)
[2026-01-27 14:09:49] Added custom data source municipality: DERBY (PROPERTYRECORDCARDS)
[2026-01-27 14:09:49] Added custom data source municipality: EAST HAVEN (PROPERTYRECORDCARDS)
[2026-01-27 14:09:49] Added custom data source municipality: FARMINGTON (PROPERTYRECORDCARDS)
[2026-01-27 14:09:49] Added custom data source municipality: LITCHFIELD (MAPXPRESS)
[2026-01-27 14:09:49] Added custom data source municipality: NAUGATUCK (PROPERTYRECORDCARDS)
[2026-01-27 14:09:49] Added custom data source municipality: OXFORD (PROPERTYRECORDCARDS)
[2026-01-27 14:09:49] Added custom data source municipality: PLAINVILLE (PROPERTYRECORDCARDS)
[2026-01-27 14:09:49] Added custom data source municipality: SEYMOUR (PROPERTYRECORDCARDS)
[2026-01-27 14:09:49] Added custom data source municipality: SUFFIELD (PROPERTYRECORDCARDS)
[2026-01-27 14:09:49] Added custom data source municipality: ASHFORD (PROPERTYRECORDCARDS)
[2026-01-27 14:09:49] Added custom data source municipality: BOZRAH (PROPERTYRECORDCARDS)
[2026-01-27 14:09:49] Added custom data source municipality: CANAAN (PROPERTYRECORDCARDS)
[2026-01-27 14:09:49] Added custom data source municipality: CHESTER (PROPERTYRECORDCARDS)
[2026-01-27 14:09:49] Added custom data source municipality: COLEBROOK (PROPERTYRECORDCARDS)
[2026-01-27 14:09:49] Added custom data source municipality: COLUMBIA (PROPERTYRECORDCARDS)
[2026-01-27 14:09:49] Added custom data source municipality: DANBURY (ct_geodata_csv)
[2026-01-27 14:09:49] Added custom data source municipality: DURHAM (PROPERTYRECORDCARDS)
[2026-01-27 14:09:49] Added custom data source municipality: EAST HAMPTON (ct_geodata_csv)
[2026-01-27 14:09:49] Added custom data source municipality: EASTFORD (PROPERTYRECORDCARDS)
[2026-01-27 14:09:49] Added custom data source municipality: EASTON (PROPERTYRECORDCARDS)
[2026-01-27 14:09:49] Added custom data source municipality: ELLINGTON (PROPERTYRECORDCARDS)
[2026-01-27 14:09:49] Added custom data source municipality: FRANKLIN (PROPERTYRECORDCARDS)
[2026-01-27 14:09:49] Added custom data source municipality: GUILFORD (PROPERTYRECORDCARDS)
[2026-01-27 14:09:49] Added custom data source municipality: HADDAM (PROPERTYRECORDCARDS)
[2026-01-27 14:09:49] Added custom data source municipality: HEBRON (PROPERTYRECORDCARDS)
[2026-01-27 14:09:49] Added custom data source municipality: KILLINGLY (PROPERTYRECORDCARDS)
[2026-01-27 14:09:49] Added custom data source municipality: KILLINGWORTH (PROPERTYRECORDCARDS)
[2026-01-27 14:09:49] Added custom data source municipality: MARLBOROUGH (PROPERTYRECORDCARDS)
[2026-01-27 14:09:49] Added custom data source municipality: MONTVILLE (PROPERTYRECORDCARDS)
[2026-01-27 14:09:49] Added custom data source municipality: NEW CANAAN (PROPERTYRECORDCARDS)
[2026-01-27 14:09:49] Added custom data source municipality: NEWINGTON (PROPERTYRECORDCARDS)
[2026-01-27 14:09:49] Added custom data source municipality: NORFOLK (PROPERTYRECORDCARDS)
[2026-01-27 14:09:49] Added custom data source municipality: NORTH CANAAN (PROPERTYRECORDCARDS)
[2026-01-27 14:09:49] Added custom data source municipality: NORTH HAVEN (PROPERTYRECORDCARDS)
[2026-01-27 14:09:49] Added custom data source municipality: NORTH STONINGTON (PROPERTYRECORDCARDS)
[2026-01-27 14:09:49] Added custom data source municipality: PLYMOUTH (PROPERTYRECORDCARDS)
[2026-01-27 14:09:49] Added custom data source municipality: PROSPECT (PROPERTYRECORDCARDS)
[2026-01-27 14:09:49] Added custom data source municipality: RIDGEFIELD (PROPERTYRECORDCARDS)
[2026-01-27 14:09:49] Added custom data source municipality: ROCKY HILL (PROPERTYRECORDCARDS)
[2026-01-27 14:09:49] Added custom data source municipality: ROXBURY (PROPERTYRECORDCARDS)
[2026-01-27 14:09:49] Added custom data source municipality: SCOTLAND (PROPERTYRECORDCARDS)
[2026-01-27 14:09:49] Added custom data source municipality: SHELTON (ct_geodata_csv)
[2026-01-27 14:09:49] Added custom data source municipality: SHERMAN (PROPERTYRECORDCARDS)
[2026-01-27 14:09:49] Added custom data source municipality: SIMSBURY (PROPERTYRECORDCARDS)
[2026-01-27 14:09:49] Added custom data source municipality: TORRINGTON (ct_geodata_csv)
[2026-01-27 14:09:49] Added custom data source municipality: VOLUNTOWN (PROPERTYRECORDCARDS)
[2026-01-27 14:09:49] Added custom data source municipality: WARREN (PROPERTYRECORDCARDS)
[2026-01-27 14:09:49] Added custom data source municipality: WASHINGTON (PROPERTYRECORDCARDS)
[2026-01-27 14:09:49] Added custom data source municipality: WATERBURY (ct_geodata_csv)
[2026-01-27 14:09:49] Added custom data source municipality: WATERTOWN (PROPERTYRECORDCARDS)
[2026-01-27 14:09:49] Added custom data source municipality: WESTON (PROPERTYRECORDCARDS)
[2026-01-27 14:09:49] Added custom data source municipality: WILTON (PROPERTYRECORDCARDS)
[2026-01-27 14:09:49] Added custom data source municipality: WINDSOR LOCKS (PROPERTYRECORDCARDS)
[2026-01-27 14:09:49] Added custom data source municipality: WOODBRIDGE (PROPERTYRECORDCARDS)
[2026-01-27 14:09:49] Added custom data source municipality: WOODBURY (PROPERTYRECORDCARDS)
[2026-01-27 14:09:49] Added custom data source municipality: GREENWICH (ct_geodata_csv)
[2026-01-27 14:09:49] Added custom data source municipality: EAST HARTFORD (ct_geodata_csv)
[2026-01-27 14:09:49] Added custom data source municipality: CROMWELL (ct_geodata_csv)
[2026-01-27 14:09:49] Added custom data source municipality: GROTON (ct_geodata_csv)
[2026-01-27 14:09:49] --- Job Queue: 1 municipalities to process ---
[2026-01-27 14:09:49]   - NEW HAVEN (updated: 2026-01-27) [vision_appraisal]
[2026-01-27 14:09:49] ---------------------------------------------------

[2026-01-27 14:09:49] Setup complete. Closed main DB connection. Starting worker pool.
[2026-01-27 14:09:49] WORKER_START: Starting job for NEW HAVEN
[2026-01-27 14:09:49] Submitted 1 municipality jobs to the thread pool with 8 workers...
[2026-01-27 14:09:49] Database connection successful.
[2026-01-27 14:09:49] --- Processing municipality: NEW HAVEN (Force=True) ---
[2026-01-27 14:09:49]   -> Data Source Last Updated: 2026-01-27. Normal update mode.
[2026-01-27 14:09:49] Found 26889 all (force) properties in NEW HAVEN.
[2026-01-27 14:09:49] Total to process: 26889. Direct URL Mode: 0. Full Scrape Mode: 26889.
[2026-01-27 14:09:49]   -> Starting SLOW PATH: Full street scrape required for 26889 properties...
[2026-01-27 14:09:49]   -> Fetching street index for NEW HAVEN...
[2026-01-27 14:09:49]   -> Found 24 letter pages to scan for NEW HAVEN.
[2026-01-27 14:09:49]   -> discovering streets across 24 letters in parallel...
[2026-01-27 14:09:50]   -> Total streets discovered: 3654. Starting massive parallel scrape...
[2026-01-27 14:10:02]   -> [Progress] Scraped 50/3654 streets...
[2026-01-27 14:10:10]   -> [Progress] Scraped 100/3654 streets...
[2026-01-27 14:10:30]   -> [Progress] Scraped 150/3654 streets...
[2026-01-27 14:10:37]   -> [Progress] Scraped 200/3654 streets...
[2026-01-27 14:10:52]   -> [Progress] Scraped 250/3654 streets...
[2026-01-27 14:11:07]   -> [Progress] Scraped 300/3654 streets...
[2026-01-27 14:11:19]   -> [Progress] Scraped 350/3654 streets...
[2026-01-27 14:11:28]   -> [Progress] Scraped 400/3654 streets...
[2026-01-27 14:11:39]   -> [Progress] Scraped 450/3654 streets...
[2026-01-27 14:11:52]   -> [Progress] Scraped 500/3654 streets...
[2026-01-27 14:12:00]   -> [Progress] Scraped 550/3654 streets...
[2026-01-27 14:12:19]   -> [Progress] Scraped 600/3654 streets...
[2026-01-27 14:12:37]   -> [Progress] Scraped 650/3654 streets...
[2026-01-27 14:12:45]   -> [Progress] Scraped 700/3654 streets...
[2026-01-27 14:12:50]   -> [Progress] Scraped 750/3654 streets...
[2026-01-27 14:12:55]   -> [Progress] Scraped 800/3654 streets...
[2026-01-27 14:13:04]   -> [Progress] Scraped 850/3654 streets...
[2026-01-27 14:13:26]   -> [Progress] Scraped 900/3654 streets...
[2026-01-27 14:13:38]   -> [Progress] Scraped 950/3654 streets...
[2026-01-27 14:13:46]   -> [Progress] Scraped 1000/3654 streets...
[2026-01-27 14:13:53]   -> [Progress] Scraped 1050/3654 streets...
[2026-01-27 14:14:01]   -> [Progress] Scraped 1100/3654 streets...
[2026-01-27 14:14:07]   -> [Progress] Scraped 1150/3654 streets...
[2026-01-27 14:14:13]   -> [Progress] Scraped 1200/3654 streets...
[2026-01-27 14:14:18]   -> [Progress] Scraped 1250/3654 streets...
[2026-01-27 14:14:22]   -> [Progress] Scraped 1300/3654 streets...
[2026-01-27 14:14:34]   -> [Progress] Scraped 1350/3654 streets...
[2026-01-27 14:14:42]   -> [Progress] Scraped 1400/3654 streets...
[2026-01-27 14:14:51]   -> [Progress] Scraped 1450/3654 streets...
[2026-01-27 14:14:58]   -> [Progress] Scraped 1500/3654 streets...
[2026-01-27 14:15:04]   -> [Progress] Scraped 1550/3654 streets...
[2026-01-27 14:15:11]   -> [Progress] Scraped 1600/3654 streets...
[2026-01-27 14:15:19]   -> [Progress] Scraped 1650/3654 streets...
[2026-01-27 14:15:28]   -> [Progress] Scraped 1700/3654 streets...
[2026-01-27 14:15:35]   -> [Progress] Scraped 1750/3654 streets...
[2026-01-27 14:15:51]   -> [Progress] Scraped 1800/3654 streets...
[2026-01-27 14:16:14]   -> [Progress] Scraped 1850/3654 streets...
[2026-01-27 14:16:31]   -> [Progress] Scraped 1900/3654 streets...
[2026-01-27 14:16:42]   -> [Progress] Scraped 1950/3654 streets...
[2026-01-27 14:16:50]   -> [Progress] Scraped 2000/3654 streets...
[2026-01-27 14:17:01]   -> [Progress] Scraped 2050/3654 streets...
[2026-01-27 14:17:08]   -> [Progress] Scraped 2100/3654 streets...
[2026-01-27 14:17:19]   -> [Progress] Scraped 2150/3654 streets...
DEBUG: EXCEPTION for https://gis.vgsi.com/newhavenct/Parcel.aspx?pid=113239: HTTPSConnectionPool(host='gis.vgsi.com', port=443): Read timed out. (read timeout=20)
DEBUG: EXCEPTION for https://gis.vgsi.com/newhavenct/Parcel.aspx?pid=113236: HTTPSConnectionPool(host='gis.vgsi.com', port=443): Read timed out. (read timeout=20)
DEBUG: EXCEPTION for https://gis.vgsi.com/newhavenct/Parcel.aspx?pid=113242: HTTPSConnectionPool(host='gis.vgsi.com', port=443): Read timed out. (read timeout=20)
[2026-01-27 14:17:34]   -> [Progress] Scraped 2200/3654 streets...
DEBUG: EXCEPTION for https://gis.vgsi.com/newhavenct/Parcel.aspx?pid=113235: HTTPSConnectionPool(host='gis.vgsi.com', port=443): Read timed out. (read timeout=20)
DEBUG: EXCEPTION for https://gis.vgsi.com/newhavenct/Parcel.aspx?pid=113232: HTTPSConnectionPool(host='gis.vgsi.com', port=443): Read timed out. (read timeout=20)
[2026-01-27 14:17:42]   -> [Progress] Scraped 2250/3654 streets...
DEBUG: EXCEPTION for https://gis.vgsi.com/newhavenct/Parcel.aspx?pid=113238: HTTPSConnectionPool(host='gis.vgsi.com', port=443): Read timed out. (read timeout=20)
[2026-01-27 14:17:48]   -> [Progress] Scraped 2300/3654 streets...
DEBUG: EXCEPTION for https://gis.vgsi.com/newhavenct/Parcel.aspx?pid=113241: HTTPSConnectionPool(host='gis.vgsi.com', port=443): Read timed out. (read timeout=20)
[2026-01-27 14:17:53]   -> [Progress] Scraped 2350/3654 streets...
[2026-01-27 14:17:59]   -> [Progress] Scraped 2400/3654 streets...
[2026-01-27 14:18:13]   -> [Progress] Scraped 2450/3654 streets...
[2026-01-27 14:18:25]   -> [Progress] Scraped 2500/3654 streets...
[2026-01-27 14:18:48]   -> [Progress] Scraped 2550/3654 streets...
[2026-01-27 14:18:58]   -> [Progress] Scraped 2600/3654 streets...
[2026-01-27 14:19:04]   -> [Progress] Scraped 2650/3654 streets...
[2026-01-27 14:19:08]   -> [Progress] Scraped 2700/3654 streets...
[2026-01-27 14:19:14]   -> [Progress] Scraped 2750/3654 streets...
[2026-01-27 14:19:28]   -> [Progress] Scraped 2800/3654 streets...
[2026-01-27 14:19:36]   -> [Progress] Scraped 2850/3654 streets...
[2026-01-27 14:19:56]   -> [Progress] Scraped 2900/3654 streets...
[2026-01-27 14:20:07]   -> [Progress] Scraped 2950/3654 streets...
[2026-01-27 14:20:14]   -> [Progress] Scraped 3000/3654 streets...
[2026-01-27 14:20:21]   -> [Progress] Scraped 3050/3654 streets...
[2026-01-27 14:20:29]   -> [Progress] Scraped 3100/3654 streets...
[2026-01-27 14:20:35]   -> [Progress] Scraped 3150/3654 streets...
[2026-01-27 14:20:40]   -> [Progress] Scraped 3200/3654 streets...
[2026-01-27 14:20:44]   -> [Progress] Scraped 3250/3654 streets...
[2026-01-27 14:20:54]   -> [Progress] Scraped 3300/3654 streets...
[2026-01-27 14:21:02]   -> [Progress] Scraped 3350/3654 streets...
[2026-01-27 14:21:08]   -> [Progress] Scraped 3400/3654 streets...
[2026-01-27 14:21:23]   -> [Progress] Scraped 3450/3654 streets...
[2026-01-27 14:21:32]   -> [Progress] Scraped 3500/3654 streets...
[2026-01-27 14:21:39]   -> [Progress] Scraped 3550/3654 streets...
[2026-01-27 14:21:46]   -> [Progress] Scraped 3600/3654 streets...
[2026-01-27 14:21:58]   -> [Progress] Scraped 3650/3654 streets...
[2026-01-27 14:22:33]   -> Scraped 0 properties total for NEW HAVEN.
[2026-01-27 14:22:33]   -> Full scrape returned no data. Skipping 26889 properties for NEW HAVEN.
[2026-01-27 14:22:33]   -> Finalizing: Marking all 26889 properties as processed for today.
[2026-01-27 14:23:33] Finished NEW HAVEN. Total Updated: 0 of 26889 properties.
[2026-01-27 14:23:33] WORKER_DONE: Finished job for NEW HAVEN. Updated 0 properties.
[2026-01-27 14:23:33] WORKER_CLEANUP: Closed DB connection for NEW HAVEN.
[2026-01-27 14:23:33] COMPLETED: [1/1] Job for NEW HAVEN finished, returned 0 updates.
[2026-01-27 14:23:33] 
--- PROCESS COMPLETE ---
[2026-01-27 14:23:33] Updated 0 total all properties across 1 municipalities.
[2026-01-27 14:23:33] Script finished.
