Terminated
Fetching properties to enrich...
Found 21424 properties to process.
Error at 0/21424: No results found
Progress: 10/21424 updated. Current: 17 CAPITOL AVE, Unit 017B
Progress: 20/21424 updated. Current: 23 CONGRESS ST, Unit 023A
Progress: 30/21424 updated. Current: 17 EDGEWOOD ST
Progress: 40/21424 updated. Current: 21 HARRISON PL, Unit 021A
Progress: 50/21424 updated. Current: 17 HARRISON PL, Unit 017A
Progress: 60/21424 updated. Current: 17 MARSHALL ST, Unit B6
Progress: 70/21424 updated. Current: 17 MARSHALL ST, Unit LL2
Progress: 80/21424 updated. Current: 17 MARSHALL ST, Unit B1
Progress: 90/21424 updated. Current: 17 NEPAUG ST
Progress: 100/21424 updated. Current: 17 TREDEAU ST
Progress: 110/21424 updated. Current: 17-19 BALTIC ST
Progress: 120/21424 updated. Current: 17-19 CARPENTER ST
Progress: 130/21424 updated. Current: 17-19 ELLSWORTH ST
Progress: 140/21424 updated. Current: 17-19 LAWRENCE ST
Progress: 150/21424 updated. Current: 17-19 OWEN ST
Progress: 160/21424 updated. Current: 17-19 WILLIAMS ST
Progress: 170/21424 updated. Current: 21 WILLARD ST, Unit 109
Progress: 180/21424 updated. Current: 21 WILLARD ST, Unit 308
Progress: 190/21424 updated. Current: 170 AMHERST ST
Progress: 200/21424 updated. Current: 170 COLEBROOK ST
Progress: 210/21424 updated. Current: 170 MOUNTAIN ST
Progress: 220/21424 updated. Current: 170 SOUTH WHITNEY ST
Progress: 230/21424 updated. Current: 170-172 GRANDVIEW TER
Progress: 240/21424 updated. Current: 170-172 WETHERSFIELD AVE
Progress: 250/21424 updated. Current: 171 BONNER ST
Progress: 260/21424 updated. Current: 171 MANCHESTER ST
Progress: 270/21424 updated. Current: 171 SOUTH MARSHALL ST
Progress: 280/21424 updated. Current: 171-173 COLLINS ST
Progress: 290/21424 updated. Current: 171-173 WHITNEY ST
Progress: 300/21424 updated. Current: 172 BLUE HILLS AVE
Progress: 310/21424 updated. Current: 172 NILAN ST
Progress: 320/21424 updated. Current: 172-H BONNER ST
Progress: 330/21424 updated. Current: 173 ASHLEY ST, Unit 0411
Progress: 340/21424 updated. Current: 173 ASHLEY ST, Unit 0207
Progress: 350/21424 updated. Current: 173 ASHLEY ST, Unit 0309
Progress: 360/21424 updated. Current: 173 ASHLEY ST, Unit 0404
Progress: 370/21424 updated. Current: 173 KENSINGTON ST
Progress: 380/21424 updated. Current: 173-175 CLEVELAND AVE
Progress: 390/21424 updated. Current: 174 BROOKFIELD ST
Progress: 400/21424 updated. Current: 174 RUSS ST
Progress: 410/21424 updated. Current: 174-176 GRANDVIEW TER
Progress: 420/21424 updated. Current: 175 BLUE HILLS AVE
Progress: 430/21424 updated. Current: 175 LAWRENCE ST
Progress: 440/21424 updated. Current: 175 PRINCETON ST
Progress: 450/21424 updated. Current: 175 THOMASTON ST
Progress: 460/21424 updated. Current: 175-177 BROWN ST
Progress: 470/21424 updated. Current: 175-177 SIGOURNEY ST, Unit A3
Progress: 480/21424 updated. Current: 175-177 SIGOURNEY ST, Unit C2
Progress: 490/21424 updated. Current: 175-177 SIGOURNEY ST, Unit A6
Progress: 500/21424 updated. Current: 176 AMHERST ST
Progress: 510/21424 updated. Current: 176 COLLINS ST, Unit 303
Progress: 520/21424 updated. Current: 176 COLLINS ST, Unit 104
Progress: 530/21424 updated. Current: 176 NORTH BEACON ST
Progress: 540/21424 updated. Current: 176-178 BARKER ST
Progress: 550/21424 updated. Current: 177 ANDOVER ST
Progress: 560/21424 updated. Current: 177 NEWBURY ST
Progress: 570/21424 updated. Current: 177-179 GREENFIELD ST, Unit 0004
Progress: 580/21424 updated. Current: 178 BONNER ST
Progress: 590/21424 updated. Current: 55 ENFIELD ST, Unit B-27
Progress: 600/21424 updated. Current: 59 ENFIELD ST, Unit A-31
Progress: 610/21424 updated. Current: 178 MORNINGSIDE ST WEST
Progress: 620/21424 updated. Current: 178 ROGER ST
Progress: 630/21424 updated. Current: 178-180 GRANDVIEW TER
Progress: 640/21424 updated. Current: 178-180 PRESTON ST, Unit 004A
Progress: 650/21424 updated. Current: 179 BELLEVUE ST
Progress: 660/21424 updated. Current: 179 PEMBROKE ST
Progress: 670/21424 updated. Current: 179 SEYMOUR ST
Progress: 680/21424 updated. Current: 179-181 SIGOURNEY ST, Unit 108
Progress: 690/21424 updated. Current: 179-181 SIGOURNEY ST, Unit 304
Progress: 700/21424 updated. Current: 179-181 SIGOURNEY ST, Unit 113
Progress: 710/21424 updated. Current: 179-181 SIGOURNEY ST, Unit 311
Progress: 720/21424 updated. Current: 179-181 WHITNEY ST
Progress: 730/21424 updated. Current: 18 ASHFORD ST
Progress: 740/21424 updated. Current: 18 BELRIDGE ST
Progress: 750/21424 updated. Current: 18 COLONIAL ST
Progress: 760/21424 updated. Current: 18 ENFIELD ST
Progress: 770/21424 updated. Current: 18 HARWICH ST
Progress: 780/21424 updated. Current: 143 CLARK ST, Unit 000A
Progress: 790/21424 updated. Current: 18 NILES ST, Unit A02
Progress: 800/21424 updated. Current: 18 NILES ST, Unit C06
Progress: 810/21424 updated. Current: 18 NILES ST, Unit A03
Progress: 820/21424 updated. Current: 18 SOUTH WHITNEY ST
Progress: 830/21424 updated. Current: 18-20 ADAMS ST
Progress: 840/21424 updated. Current: 18-20 BOND ST
Progress: 850/21424 updated. Current: 18-20 DEERFIELD AVE
Progress: 860/21424 updated. Current: 18-20 FENWICK ST
Progress: 870/21424 updated. Current: 18-20 MADISON ST
Progress: 880/21424 updated. Current: 18-20 ROGER ST
Progress: 890/21424 updated. Current: 18-20 SHULTAS PL
Progress: 900/21424 updated. Current: 18-22 MADISON AVE
Progress: 910/21424 updated. Current: 180 BOND ST, Unit B2
Progress: 920/21424 updated. Current: 180 BOND ST, Unit B1
Progress: 930/21424 updated. Current: 180 GILMAN ST
Progress: 940/21424 updated. Current: 180 JOHN D WARDLAW WAY
Progress: 950/21424 updated. Current: 180 SARGEANT ST
Progress: 960/21424 updated. Current: 180 WALNUT ST
Progress: 970/21424 updated. Current: 180-182 WHITNEY ST
Progress: 980/21424 updated. Current: 181 BROWN ST
Progress: 990/21424 updated. Current: 181 EUCLID ST WEST
Progress: 1000/21424 updated. Current: 181 SOUTH MARSHALL ST
Progress: 1010/21424 updated. Current: 181-183 HILLSIDE AVE
Progress: 1020/21424 updated. Current: 181-191 WALNUT ST
Progress: 1030/21424 updated. Current: 182 EDGEWOOD ST, Unit H
Progress: 1040/21424 updated. Current: 182 SAYBROOKE ST
Progress: 1050/21424 updated. Current: 182-184 CAMPFIELD AVE
Progress: 1060/21424 updated. Current: 183 GILMAN ST
Progress: 1070/21424 updated. Current: 183 SEYMOUR ST
Progress: 1080/21424 updated. Current: 183-185 BROOK ST
Progress: 1090/21424 updated. Current: 183-185 SIGOURNEY ST, Unit 201
Progress: 1100/21424 updated. Current: 183-185 WHITNEY ST
Progress: 1110/21424 updated. Current: 184 HUBBARD RD
Progress: 1120/21424 updated. Current: 184 TOWER AVE
Progress: 1130/21424 updated. Current: 184-186 HOMESTEAD AVE
Progress: 1140/21424 updated. Current: 184-186 OXFORD ST
Progress: 1150/21424 updated. Current: 1846 MAIN ST, Unit 003S
Progress: 1160/21424 updated. Current: 185 BROWN ST
Progress: 1170/21424 updated. Current: 185 NEWINGTON AVE
Progress: 1180/21424 updated. Current: 185-187 HILLSIDE AVE
Progress: 1190/21424 updated. Current: 1850 PARK ST
Progress: 1200/21424 updated. Current: 186 BONNER ST
Progress: 1210/21424 updated. Current: 186 COLLINS ST, Unit A2
Progress: 1220/21424 updated. Current: 186 COLLINS ST, Unit C5
Progress: 1230/21424 updated. Current: 186-188 PRESTON ST, Unit 003B
Progress: 1240/21424 updated. Current: 186 TERRY RD
Progress: 1250/21424 updated. Current: 186-188 HOLCOMB ST
Progress: 1260/21424 updated. Current: 187 GRANBY ST
Progress: 1270/21424 updated. Current: 187 RUSS ST
Progress: 1280/21424 updated. Current: 187-189 BLUE HILLS AVE
Progress: 1290/21424 updated. Current: 188 BONNER ST
Progress: 1300/21424 updated. Current: 188 FREEMAN ST
Progress: 1310/21424 updated. Current: 188 SAYBROOKE ST
Progress: 1320/21424 updated. Current: 188-190 WARD ST
Progress: 1330/21424 updated. Current: 189 BEACON ST
Progress: 1340/21424 updated. Current: 189 MOUNTAIN ST
Progress: 1350/21424 updated. Current: 189-191 STANDISH ST
Progress: 1360/21424 updated. Current: 19 ATLANTIC ST
Progress: 1370/21424 updated. Current: 19 BENNETT CIR
Progress: 1380/21424 updated. Current: 19 CAPITOL AVE, Unit 000D
Progress: 1390/21424 updated. Current: 19 DORSET ST
Progress: 1400/21424 updated. Current: 19 FLORENCE ST, Unit 001B
Progress: 1410/21424 updated. Current: 19 HARBISON AVE
Progress: 1420/21424 updated. Current: 19 MELROSE ST
Progress: 1430/21424 updated. Current: 19 NORTH BEACON ST
Progress: 1440/21424 updated. Current: 19 SHARON ST
Progress: 1450/21424 updated. Current: 19 THEODORE NAPPER LA
Progress: 1460/21424 updated. Current: 19 WOODLAND ST, Unit 22
Progress: 1470/21424 updated. Current: 19 WOODLAND ST, Unit 26
Progress: 1480/21424 updated. Current: 19 WOODLAND ST, Unit 11
Progress: 1490/21424 updated. Current: 19-21 ANDOVER ST
Progress: 1500/21424 updated. Current: 19-21 GIDDINGS ST
Progress: 1510/21424 updated. Current: 19-21 LINCOLN ST, Unit A1
Progress: 1520/21424 updated. Current: 19-21 LINCOLN ST, Unit B5
Progress: 1530/21424 updated. Current: 19-21 STERLING ST
Progress: 1540/21424 updated. Current: 19-21 WETHERSFIELD AVE
Progress: 1550/21424 updated. Current: 19-25 COLONIAL ST
Progress: 1560/21424 updated. Current: 190 BLOOMFIELD AVE
Progress: 1570/21424 updated. Current: 190 MORGAN ST
Progress: 1580/21424 updated. Current: 190-192 AFFLECK ST
Progress: 1590/21424 updated. Current: 190-192 SOUTH WHITNEY ST
Progress: 1600/21424 updated. Current: 1901 PARK ST
Progress: 1610/21424 updated. Current: 191 CAMPFIELD AVE
Progress: 1620/21424 updated. Current: 191 LAWRENCE ST
Progress: 1630/21424 updated. Current: 191 VICTORIA RD
Progress: 1640/21424 updated. Current: 191-193 PRESTON ST
Progress: 1650/21424 updated. Current: 1916-1918 PARK ST
Progress: 1660/21424 updated. Current: 192 HUBBARD RD
Progress: 1670/21424 updated. Current: 192-194 FAIRFIELD AVE
Progress: 1680/21424 updated. Current: 1921 MAIN ST
Progress: 1690/21424 updated. Current: 193 TOWER AVE
Progress: 1700/21424 updated. Current: 193-203 NEW BRITAIN AVE
Progress: 1710/21424 updated. Current: 194 BELLEVUE ST
Progress: 1720/21424 updated. Current: 194 KENYON ST
Progress: 1730/21424 updated. Current: 194 WASHINGTON ST, Unit 205
Progress: 1740/21424 updated. Current: 194 WASHINGTON ST, Unit 306
Progress: 1750/21424 updated. Current: 194 WASHINGTON ST, Unit 403
Progress: 1760/21424 updated. Current: 194 WASHINGTON ST, Unit 214
Progress: 1770/21424 updated. Current: 194 WASHINGTON ST, Unit 335
Progress: 1780/21424 updated. Current: 194 WASHINGTON ST, Unit 319
Progress: 1790/21424 updated. Current: 194 WASHINGTON ST, Unit 425
Progress: 1800/21424 updated. Current: 194 WASHINGTON ST, Unit 230
Progress: 1810/21424 updated. Current: 194 WASHINGTON ST, Unit 126
Progress: 1820/21424 updated. Current: 194 WASHINGTON ST, Unit 337
Progress: 1830/21424 updated. Current: 194 WASHINGTON ST, Unit 235
Progress: 1840/21424 updated. Current: 194 WASHINGTON ST, Unit 428
Progress: 1850/21424 updated. Current: 194 WASHINGTON ST, Unit 336
Progress: 1860/21424 updated. Current: 194 WASHINGTON ST, Unit 211
Progress: 1870/21424 updated. Current: 194-196 HILLSIDE AVE
Progress: 1880/21424 updated. Current: 194-198 NEW BRITAIN AVE
Progress: 1890/21424 updated. Current: 195 BEACON ST
Progress: 1900/21424 updated. Current: 195 PUTNAM ST
Progress: 1910/21424 updated. Current: 195 WHITNEY ST
Progress: 1920/21424 updated. Current: 195-197 PRESTON ST
Progress: 1930/21424 updated. Current: 195-197 SIGOURNEY ST, Unit C4
Progress: 1940/21424 updated. Current: 195-197 SIGOURNEY ST, Unit B10
Progress: 1950/21424 updated. Current: 195-197 SIGOURNEY ST, Unit A1
Progress: 1960/21424 updated. Current: 1953-1955 MAIN ST
Progress: 1970/21424 updated. Current: 196 HUBBARD RD
Progress: 1980/21424 updated. Current: 196 SIGOURNEY ST, Unit C7
Progress: 1990/21424 updated. Current: 196 SIGOURNEY ST, Unit C4
Progress: 2000/21424 updated. Current: 196 SIGOURNEY ST, Unit A2
Progress: 2010/21424 updated. Current: 196-198 PARK ST
Progress: 2020/21424 updated. Current: 197 COLLINS ST, Unit 3B
Progress: 2030/21424 updated. Current: 197 COLLINS ST, Unit 1C
Progress: 2040/21424 updated. Current: 197 MORNINGSIDE ST WEST
Progress: 2050/21424 updated. Current: 197-199 RUSS ST
Progress: 2060/21424 updated. Current: 198 BROWN ST
Progress: 2070/21424 updated. Current: 198 JEFFERSON ST
Progress: 2080/21424 updated. Current: 198 SIGOURNEY ST, Unit BA3
Progress: 2090/21424 updated. Current: 198 SIGOURNEY ST, Unit B4
Progress: 2100/21424 updated. Current: 198-200 FLATBUSH AVE
Progress: 2110/21424 updated. Current: 200 SOUTH MARSHALL ST, Unit 3
Progress: 2120/21424 updated. Current: 199 COLLINS ST, Unit 1A
Progress: 2130/21424 updated. Current: 199 GRANBY ST
Progress: 2140/21424 updated. Current: 199-201 HILLSIDE AVE
Progress: 2150/21424 updated. Current: 199-201 SIGOURNEY ST, Unit AA4
Progress: 2160/21424 updated. Current: 199-201 SIGOURNEY ST, Unit B8
Progress: 2170/21424 updated. Current: 199-201 SIGOURNEY ST, Unit C8
Progress: 2180/21424 updated. Current: 1991-1993 BROAD ST
Progress: 2190/21424 updated. Current: 1996 PARK ST
Progress: 2200/21424 updated. Current: 2 DEXTER ST
Progress: 2210/21424 updated. Current: 2 FAIRFIELD AVE
Progress: 2220/21424 updated. Current: 10 FRANKLIN AVE, Unit 010C
Progress: 2230/21424 updated. Current: 1 DEAN ST, Unit 007A
Progress: 2240/21424 updated. Current: 79 MORRIS ST, Unit 000C
Progress: 2250/21424 updated. Current: 2 FRASER PL, Unit 000F
Progress: 2260/21424 updated. Current: 57 GOODWIN CIR, Unit 035I
Progress: 2270/21424 updated. Current: 68 GOODWIN CIR, Unit 025D
Progress: 2280/21424 updated. Current: 30 GOODWIN CIR, Unit 049I
Progress: 2290/21424 updated. Current: 2 MAHL AVE
Progress: 2300/21424 updated. Current: 2 SIMPSON ST
Progress: 2310/21424 updated. Current: 2-10 HILLSIDE AVE
Progress: 2320/21424 updated. Current: 2-4 MAGNOLIA ST
Progress: 2330/21424 updated. Current: 2-4 WEST CLAY ST
Progress: 2340/21424 updated. Current: 20 BENNETT CIR
Progress: 2350/21424 updated. Current: 20 CAPEN ST
Progress: 2360/21424 updated. Current: 20 COWLES ST
Progress: 2370/21424 updated. Current: 18 ESSEX ST, Unit 004E
Progress: 2380/21424 updated. Current: 20 GOSHEN ST
Progress: 2390/21424 updated. Current: 20 HENRY ST
Progress: 2400/21424 updated. Current: 20 MAY ST, Unit 0108
Progress: 2410/21424 updated. Current: 20 MAY ST, Unit 0210
Progress: 2420/21424 updated. Current: 20 MAY ST, Unit 0107
Progress: 2430/21424 updated. Current: 20 MAY ST, Unit 00L1
Progress: 2440/21424 updated. Current: 20 MAY ST, Unit 0307
Progress: 2450/21424 updated. Current: 20 PERSHING ST
Progress: 2460/21424 updated. Current: 20 SOMERS ST
Progress: 2470/21424 updated. Current: 20 WARNER ST
Progress: 2480/21424 updated. Current: 20 WINSHIP ST
Progress: 2490/21424 updated. Current: 20-22 EAST RAYMOND ST
Progress: 2500/21424 updated. Current: 20-22 HARPER ST
Progress: 2510/21424 updated. Current: 20-22 IMLAY ST
Progress: 2520/21424 updated. Current: 20-22 ROSEMONT ST
Progress: 2530/21424 updated. Current: 200 BEACON ST
Progress: 2540/21424 updated. Current: 200 GEORGE ST
Progress: 2550/21424 updated. Current: 200 PLAINFIELD ST
Progress: 2560/21424 updated. Current: 200 SOUTH MARSHALL ST, Unit 4
Progress: 2570/21424 updated. Current: 200-202 BELLEVUE ST
Progress: 2580/21424 updated. Current: 2002-2004 BROAD ST
Progress: 2590/21424 updated. Current: 201 FLATBUSH AVE
Progress: 2600/21424 updated. Current: 201-203 OTIS ST
Progress: 2610/21424 updated. Current: 2016 MAIN ST
Progress: 2620/21424 updated. Current: 202 LAUREL ST
Progress: 2630/21424 updated. Current: 202 WALNUT ST
Progress: 2640/21424 updated. Current: 2020 BROAD ST, Unit CNDASC
Progress: 2650/21424 updated. Current: 2020 BROAD ST, Unit 0003
Progress: 2660/21424 updated. Current: 203 LOCUST ST
Progress: 2670/21424 updated. Current: 203-205 HOLCOMB ST
Progress: 2680/21424 updated. Current: 204 ANDOVER ST
Progress: 2690/21424 updated. Current: 208 SOUTH MARSHALL ST, Unit 3
Progress: 2700/21424 updated. Current: 204-206 LAUREL ST
Progress: 2710/21424 updated. Current: 204-206 SARGEANT ST
Progress: 2720/21424 updated. Current: 2048-2058 PARK ST, Unit A2
Progress: 2730/21424 updated. Current: 205 CHESHIRE ST
Progress: 2740/21424 updated. Current: 205 NEWINGTON AVE
Progress: 2750/21424 updated. Current: 205 SIGOURNEY ST, Unit AA2
Progress: 2760/21424 updated. Current: 205 SIGOURNEY ST, Unit B2
Progress: 2770/21424 updated. Current: 205 SIGOURNEY ST, Unit C7
Progress: 2780/21424 updated. Current: 205-207 STANDISH ST
Progress: 2790/21424 updated. Current: 206 BURNHAM ST
Progress: 2800/21424 updated. Current: 206 MURPHY RD
Progress: 2810/21424 updated. Current: 206-208 HOLCOMB ST
Progress: 2820/21424 updated. Current: 207 COLLINS ST
Progress: 2830/21424 updated. Current: 207 PLAINFIELD ST
Progress: 2840/21424 updated. Current: 207 SIGOURNEY ST, Unit C2D
Progress: 2850/21424 updated. Current: 207 SIGOURNEY ST, Unit C3D
Progress: 2860/21424 updated. Current: 207-209 HILLSIDE AVE
Progress: 2870/21424 updated. Current: 208 CLEVELAND AVE
Progress: 2880/21424 updated. Current: 206 SOUTH MARSHALL ST, Unit 2
Progress: 2890/21424 updated. Current: 208-210 MAGNOLIA ST
Progress: 2900/21424 updated. Current: 209 CLEVELAND AVE
Progress: 2910/21424 updated. Current: 209-211 OTIS ST
Progress: 2920/21424 updated. Current: 209-211 WHITE ST
Progress: 2930/21424 updated. Current: 21 BLISS ST
Progress: 2940/21424 updated. Current: 21 CAPITOL AVE, Unit 000B
Progress: 2950/21424 updated. Current: 21 CRANE CT
Progress: 2960/21424 updated. Current: 21 EVERGREEN AVE, Unit A4
Progress: 2970/21424 updated. Current: 21 EVERGREEN AVE, Unit C22
Progress: 2980/21424 updated. Current: 21 EVERGREEN AVE, Unit B9
Progress: 2990/21424 updated. Current: 21 GAINES DR
Progress: 3000/21424 updated. Current: 21 LEDGER ST
Progress: 3010/21424 updated. Current: 21 PEMBROKE ST
Progress: 3020/21424 updated. Current: 21 STAFFORD ST
Progress: 3030/21424 updated. Current: 21 WINDHAM ST
Progress: 3040/21424 updated. Current: 13-15 ALLEN PL, Unit C1
Progress: 3050/21424 updated. Current: 13-15 ALLEN PL, Unit A3
Progress: 3060/21424 updated. Current: 325-327 WASHINGTON ST, Unit C1
Progress: 3070/21424 updated. Current: 333 WASHINGTON ST, Unit A1
Progress: 3080/21424 updated. Current: 21-23 DEERFIELD AVE
Progress: 3090/21424 updated. Current: 21-23 FENWICK ST
Progress: 3100/21424 updated. Current: 21-23 IRVING ST
Progress: 3110/21424 updated. Current: 21-23 MC LEAN ST
Progress: 3120/21424 updated. Current: 21-23 WARD PL, Unit M5
Progress: 3130/21424 updated. Current: 21-23 WARD PL, Unit 206
Progress: 3140/21424 updated. Current: 21-23 WARD PL, Unit 203
Progress: 3150/21424 updated. Current: 21-29 WADSWORTH ST
Progress: 3160/21424 updated. Current: 210 GEORGE ST
Progress: 3170/21424 updated. Current: 210 STANDISH ST
Progress: 3180/21424 updated. Current: 210-212 MONROE ST
Progress: 3190/21424 updated. Current: 211 FRANKLIN AVE
Progress: 3200/21424 updated. Current: 211 HAMILTON ST
Progress: 3210/21424 updated. Current: 241 LEDYARD ST, Unit B07
Progress: 3220/21424 updated. Current: 211 NORTH BEACON ST
Progress: 3230/21424 updated. Current: 211-213 BLUE HILLS AVE
Progress: 3240/21424 updated. Current: 212 LAUREL ST, Unit B4
Progress: 3250/21424 updated. Current: 212 LAUREL ST, Unit C6
Progress: 3260/21424 updated. Current: 212 LAUREL ST, Unit C5
Progress: 3270/21424 updated. Current: 212 THOMASTON ST
Progress: 3280/21424 updated. Current: 212-214 SOUTH ST
Progress: 3290/21424 updated. Current: 213-217 FRANKLIN AVE, Unit 0009
Progress: 3300/21424 updated. Current: 213-217 FRANKLIN AVE, Unit 0017
Progress: 3310/21424 updated. Current: 213-215 SOUTH WHITNEY ST
Progress: 3320/21424 updated. Current: 213-217 FRANKLIN AVE, Unit 0004
Progress: 3330/21424 updated. Current: 2137-2139 MAIN ST
Progress: 3340/21424 updated. Current: 214 FARMINGTON AVE
Progress: 3350/21424 updated. Current: 214 PRINCETON ST
Progress: 3360/21424 updated. Current: 214-216 MAIN ST
Progress: 3370/21424 updated. Current: 215 COLEBROOK ST
Progress: 3380/21424 updated. Current: 215 MANCHESTER ST
Progress: 3390/21424 updated. Current: 215 SAYBROOKE ST
Progress: 3400/21424 updated. Current: 215-217 GRANDVIEW TER
Progress: 3410/21424 updated. Current: 216 CORNWALL ST
Progress: 3420/21424 updated. Current: 216 NEW BRITAIN AVE
Progress: 3430/21424 updated. Current: 216 VICTORIA RD
Progress: 3440/21424 updated. Current: 2165-2169 MAIN ST
Progress: 3450/21424 updated. Current: 217 LAUREL ST
Progress: 3460/21424 updated. Current: 217-219 PRESTON ST
Progress: 3470/21424 updated. Current: 218 BRANFORD ST
Progress: 3480/21424 updated. Current: 220 SOUTH MARSHALL ST, Unit 5
Progress: 3490/21424 updated. Current: 218 SOUTH MARSHALL ST, Unit 2
Progress: 3500/21424 updated. Current: 219 CLARK ST
Progress: 3510/21424 updated. Current: 219 HARVARD ST
Progress: 3520/21424 updated. Current: 219 SAYBROOKE ST
Progress: 3530/21424 updated. Current: 219-221 LAUREL ST, Unit 203
Progress: 3540/21424 updated. Current: 219-221 LAUREL ST, Unit 202
Progress: 3550/21424 updated. Current: 22 AMHERST ST
Progress: 3560/21424 updated. Current: 22 BRANFORD ST
Progress: 3570/21424 updated. Current: 22 CHARTER OAK PL, Unit RU4
Progress: 3580/21424 updated. Current: 22 GOODRICH ST
Progress: 3590/21424 updated. Current: 22 HOLLYWOOD AVE
Progress: 3600/21424 updated. Current: 22 MONTROSE ST
Progress: 3610/21424 updated. Current: 22 RODNEY ST
Progress: 3620/21424 updated. Current: 22 SUNSET ST
Progress: 3630/21424 updated. Current: 22-24 ARLINGTON ST
Progress: 3640/21424 updated. Current: 22-24 CABOT ST
Progress: 3650/21424 updated. Current: 22-24 ELMER ST
Progress: 3660/21424 updated. Current: 22-24 HUNTINGTON ST
Progress: 3670/21424 updated. Current: 22-24 OAKLAND TER
Progress: 3680/21424 updated. Current: 22-24 WARD PL
Progress: 3690/21424 updated. Current: 22-H NORTH BEACON ST
Progress: 3700/21424 updated. Current: 220 HIGH ST
Progress: 3710/21424 updated. Current: 218 SOUTH MARSHALL ST
Progress: 3720/21424 updated. Current: 220-222 NEW BRITAIN AVE
Progress: 3730/21424 updated. Current: 221 BRAINARD RD
Progress: 3740/21424 updated. Current: 221 HANMER ST
Progress: 3750/21424 updated. Current: 221-225 GREENFIELD ST
Progress: 3760/21424 updated. Current: 222 BARBOUR ST
Progress: 3770/21424 updated. Current: 222-224 GRANDVIEW TER
Progress: 3780/21424 updated. Current: 223 PRINCETON ST
Progress: 3790/21424 updated. Current: 223-225 FRANKLIN AVE
Progress: 3800/21424 updated. Current: 224 GEORGE ST
Progress: 3810/21424 updated. Current: 224 PEMBROKE ST
Progress: 3820/21424 updated. Current: 224-226 SOUTH ST
Progress: 3830/21424 updated. Current: 225 BROWN ST
Progress: 3840/21424 updated. Current: 225 RIDGEFIELD ST
Progress: 3850/21424 updated. Current: 225-227 SOUTH WHITNEY ST
Progress: 3860/21424 updated. Current: 226 HILLSIDE AVE
Progress: 3870/21424 updated. Current: 226 MARTIN ST, Unit 12
Progress: 3880/21424 updated. Current: 226-228 COLEBROOK ST
Progress: 3890/21424 updated. Current: 227 JEFFERSON ST
Progress: 3900/21424 updated. Current: 227 TERRY RD
Progress: 3910/21424 updated. Current: 228 CLEVELAND AVE
Progress: 3920/21424 updated. Current: 228 WALNUT ST
Progress: 3930/21424 updated. Current: 228-230 WHITE ST
Progress: 3940/21424 updated. Current: 229 OXFORD ST
Progress: 3950/21424 updated. Current: 229-231 FRANKLIN AVE, Unit 0006
Progress: 3960/21424 updated. Current: 2292-2300 MAIN ST
Progress: 3970/21424 updated. Current: 23 CAPITOL AVE
Progress: 3980/21424 updated. Current: 23 COLEBROOK ST
Progress: 3990/21424 updated. Current: 23 FLORENCE ST
Progress: 4000/21424 updated. Current: 23 HUNTINGTON ST
Progress: 4010/21424 updated. Current: 23 MARSHALL ST, Unit A6
Progress: 4020/21424 updated. Current: 23 MARSHALL ST, Unit CNDASC
Progress: 4030/21424 updated. Current: 23 MARSHALL ST, Unit B1
Progress: 4040/21424 updated. Current: 23 OWEN ST
Progress: 4050/21424 updated. Current: 23 SUNSET ST
Progress: 4060/21424 updated. Current: 23 WOODSTOCK ST
Progress: 4070/21424 updated. Current: 23-25 EUCLID ST WEST
Progress: 4080/21424 updated. Current: 23-25 HUMPHREY ST
Progress: 4090/21424 updated. Current: 23-25 PUTNAM ST
Progress: 4100/21424 updated. Current: 23-25 VIOLET ST
Progress: 4110/21424 updated. Current: 23-25 YORK ST
Progress: 4120/21424 updated. Current: 230-232 FARMINGTON AVE, Unit 00G7
Progress: 4130/21424 updated. Current: 230-232 FARMINGTON AVE, Unit 00F6
Progress: 4140/21424 updated. Current: 230-232 FARMINGTON AVE, Unit 00D4
Progress: 4150/21424 updated. Current: 230 MONROE ST
Progress: 4160/21424 updated. Current: 230 TERRY RD
Progress: 4170/21424 updated. Current: 230-232 FARMINGTON AVE, Unit 00C2
Progress: 4180/21424 updated. Current: 230-232 FARMINGTON AVE, Unit 00E2
Progress: 4190/21424 updated. Current: 230-232 FARMINGTON AVE, Unit 00E7
Progress: 4200/21424 updated. Current: 230-234 SOUTH MARSHALL ST
Progress: 4210/21424 updated. Current: 231 LEDYARD ST
Progress: 4220/21424 updated. Current: 231 SAYBROOKE ST
Progress: 4230/21424 updated. Current: 231-233 SARGEANT ST
Progress: 4240/21424 updated. Current: 232 GOODRICH ST
Progress: 4250/21424 updated. Current: 232-234 PUTNAM ST, Unit 234B
Progress: 4260/21424 updated. Current: 234 PUTNAM ST, Unit H
Progress: 4270/21424 updated. Current: 232 MAIN ST
Progress: 4280/21424 updated. Current: 232 MAIN ST
Progress: 4290/21424 updated. Current: 232 MAIN ST
Progress: 4300/21424 updated. Current: 232 MAIN ST
Progress: 4310/21424 updated. Current: 232 MAIN ST
Progress: 4320/21424 updated. Current: 232 MAIN ST
Progress: 4330/21424 updated. Current: 232 MAIN ST
Progress: 4340/21424 updated. Current: 232 MAIN ST
Progress: 4350/21424 updated. Current: 232 MAIN ST
Progress: 4360/21424 updated. Current: 232 MAIN ST
Progress: 4370/21424 updated. Current: 232 MAIN ST
Progress: 4380/21424 updated. Current: 232 MAIN ST
Progress: 4390/21424 updated. Current: 232 MAIN ST
Progress: 4400/21424 updated. Current: 232 MAIN ST
Progress: 4410/21424 updated. Current: 232 MAIN ST
Progress: 4420/21424 updated. Current: 232 MAIN ST
Progress: 4430/21424 updated. Current: 232 MAIN ST
Progress: 4440/21424 updated. Current: 232 MAIN ST
Progress: 4450/21424 updated. Current: 232 MAIN ST
Progress: 4460/21424 updated. Current: 232 MAIN ST
Progress: 4470/21424 updated. Current: 232 MAIN ST
Progress: 4480/21424 updated. Current: 232 MAIN ST
Progress: 4490/21424 updated. Current: 232 MAIN ST
Progress: 4500/21424 updated. Current: 233 MANCHESTER ST
Progress: 4510/21424 updated. Current: 233-235 CAMPFIELD AVE
Progress: 4520/21424 updated. Current: 234 COLEBROOK ST
Progress: 4530/21424 updated. Current: 234 NORTH BEACON ST
Progress: 4540/21424 updated. Current: 234-236 CORNWALL ST
Progress: 4550/21424 updated. Current: 235 BROWN ST
Progress: 4560/21424 updated. Current: 69 IMLAY ST, Unit 00D1
Progress: 4570/21424 updated. Current: 235 NORTH BEACON ST
Progress: 4580/21424 updated. Current: 235-237 RIDGEFIELD ST
Progress: 4590/21424 updated. Current: 236 BROWN ST
Progress: 4600/21424 updated. Current: 236 PEMBROKE ST
Progress: 4610/21424 updated. Current: 236-238 SOUTH ST
Progress: 4620/21424 updated. Current: 237 LEDYARD ST
Progress: 4630/21424 updated. Current: 237 VICTORIA RD
Progress: 4640/21424 updated. Current: 75-B IMLAY ST, Unit 00C3
Progress: 4650/21424 updated. Current: 238 COLEBROOK ST
Progress: 4660/21424 updated. Current: 238 SOUTH WHITNEY ST
Progress: 4670/21424 updated. Current: 238-240 TOWER AVE
Progress: 4680/21424 updated. Current: 239 TERRY RD
Progress: 4690/21424 updated. Current: 2399 MAIN ST
Progress: 4700/21424 updated. Current: 24 BLISS ST
Progress: 4710/21424 updated. Current: 24 CEDAR ST
Progress: 4720/21424 updated. Current: 24 EAST EUCLID ST
Progress: 4730/21424 updated. Current: 24 GREENWICH ST
Progress: 4740/21424 updated. Current: 24 JULIUS ST
Progress: 4750/21424 updated. Current: 24 MERRILL ST, Unit 00B5
Progress: 4760/21424 updated. Current: 24 MERRILL ST, Unit 00A3
Progress: 4770/21424 updated. Current: 24 MERRILL ST, Unit 00A4
Progress: 4780/21424 updated. Current: 24 NEPAUG ST
Progress: 4790/21424 updated. Current: 24 STORRS ST
Progress: 4800/21424 updated. Current: 24 WINDHAM ST
Progress: 4810/21424 updated. Current: 24-26 CENTER ST
Progress: 4820/21424 updated. Current: 24-26 HARBISON AVE
Progress: 4830/21424 updated. Current: 24-26 OLIVER ST
Progress: 4840/21424 updated. Current: 24-26 THOMASTON ST
Progress: 4850/21424 updated. Current: 240 BLUE HILLS AVE
Progress: 4860/21424 updated. Current: 240 NEW BRITAIN AVE
Progress: 4870/21424 updated. Current: 240-242 CLEVELAND AVE, Unit 1B
Progress: 4880/21424 updated. Current: 240-248 FARMINGTON AVE
Progress: 4890/21424 updated. Current: 241 LAUREL ST, Unit 00A5
Progress: 4900/21424 updated. Current: 241 LAUREL ST, Unit 00A4
Progress: 4910/21424 updated. Current: 241 LEDYARD ST, Unit B15
Progress: 4920/21424 updated. Current: 241 VICTORIA RD
Progress: 4930/21424 updated. Current: 241-243 SOUTH ST
Progress: 4940/21424 updated. Current: 242 OXFORD ST
Progress: 4950/21424 updated. Current: 242-244 PUTNAM ST, Unit 242B
Progress: 4960/21424 updated. Current: 243 LAUREL ST, Unit C5
Progress: 4970/21424 updated. Current: 243 LAUREL ST, Unit C2
Progress: 4980/21424 updated. Current: 243 SISSON AVE
Progress: 4990/21424 updated. Current: 244 BRANFORD ST
Progress: 5000/21424 updated. Current: 244 WINDSOR ST
Progress: 5010/21424 updated. Current: 245 BONNER ST
Progress: 5020/21424 updated. Current: 245 PEMBROKE ST
Progress: 5030/21424 updated. Current: 245-251 SOUTH WHITNEY ST
Progress: 5040/21424 updated. Current: 246 TERRY RD
Progress: 5050/21424 updated. Current: 246-250 BARBOUR ST
Progress: 5060/21424 updated. Current: 247 VINE ST, Unit 0001
Progress: 5070/21424 updated. Current: 247-251 PEARL ST
Progress: 5080/21424 updated. Current: 248 FRANKLIN AVE, Unit 000C
Progress: 5090/21424 updated. Current: 248-250 FAIRFIELD AVE
Progress: 5100/21424 updated. Current: 2483-2485 MAIN ST
Progress: 5110/21424 updated. Current: 249 NEW BRITAIN AVE, Unit C5
Progress: 5120/21424 updated. Current: 249 NEW BRITAIN AVE, Unit C7
Progress: 5130/21424 updated. Current: 249 NEW BRITAIN AVE, Unit C6
Progress: 5140/21424 updated. Current: 249 NEWBURY ST
Progress: 5150/21424 updated. Current: 249-251 CAMPFIELD AVE
Progress: 5160/21424 updated. Current: 25 BURLINGTON ST
Progress: 5170/21424 updated. Current: 25 COLEMAN DR
Progress: 5180/21424 updated. Current: 25 DEAN ST
Progress: 5190/21424 updated. Current: 25 FISHFRY ST
Progress: 5200/21424 updated. Current: 25 HUNTINGTON ST
Progress: 5210/21424 updated. Current: 25 LINNMOORE ST
Progress: 5220/21424 updated. Current: 25 OLDS PL
Progress: 5230/21424 updated. Current: 25 SALEM ST
Progress: 5240/21424 updated. Current: 25 WARD PL
Progress: 5250/21424 updated. Current: 25-27 ACTON ST
Progress: 5260/21424 updated. Current: 25-27 CHATHAM ST
Progress: 5270/21424 updated. Current: 25-27 GILLETT ST
Progress: 5280/21424 updated. Current: 25-27 LEBANON ST
Progress: 5290/21424 updated. Current: 25-27 OAKLAND TER
Progress: 5300/21424 updated. Current: 25-27 WARD ST
Progress: 5310/21424 updated. Current: 250 COLUMBUS BLVD
Progress: 5320/21424 updated. Current: 330 LAUREL ST, Unit 0215
Progress: 5330/21424 updated. Current: 330 LAUREL ST, Unit 0402
Progress: 5340/21424 updated. Current: 330 LAUREL ST, Unit 0105
Progress: 5350/21424 updated. Current: 250 PUTNAM ST
Progress: 5360/21424 updated. Current: 250-252 VICTORIA RD
Progress: 5370/21424 updated. Current: 251 LAWRENCE ST
Progress: 5380/21424 updated. Current: 251 ZION ST
Progress: 5390/21424 updated. Current: 252 LAUREL ST, Unit CNDASC
Progress: 5400/21424 updated. Current: 252 LAUREL ST, Unit 206
Progress: 5410/21424 updated. Current: 252 LAUREL ST, Unit 306
Progress: 5420/21424 updated. Current: 2521-2525 MAIN ST
Progress: 5430/21424 updated. Current: 253-257 MAIN ST, Unit 0004
Progress: 5440/21424 updated. Current: 254 COLEBROOK ST
Progress: 5450/21424 updated. Current: 254 PRINCETON ST
Progress: 5460/21424 updated. Current: 255 BROWN ST
Progress: 5470/21424 updated. Current: 255 HUDSON ST
Progress: 5480/21424 updated. Current: 255 LAUREL ST, Unit A4
Progress: 5490/21424 updated. Current: 255 PALM ST
Progress: 5500/21424 updated. Current: 255-257 ZION ST
Progress: 5510/21424 updated. Current: 256 SOUTH MARSHALL ST, Unit B5
Progress: 5520/21424 updated. Current: 256 SOUTH MARSHALL ST, Unit D4
Progress: 5530/21424 updated. Current: 256 SOUTH MARSHALL ST, Unit C7
Progress: 5540/21424 updated. Current: 256-258 OXFORD ST
Progress: 5550/21424 updated. Current: 257 GEORGE ST
Progress: 5560/21424 updated. Current: 257-259 HIGH ST
Progress: 5570/21424 updated. Current: 258 HILLSIDE AVE
Progress: 5580/21424 updated. Current: 258-260 SISSON AVE
Progress: 5590/21424 updated. Current: 259 PLAINFIELD ST
Progress: 5600/21424 updated. Current: 259-261 WHITE ST
Progress: 5610/21424 updated. Current: 26 CHARLOTTE ST
Progress: 5620/21424 updated. Current: 26 CONGRESS ST, Unit CNDASC
Progress: 5630/21424 updated. Current: 26 CONGRESS ST, Unit 204
Progress: 5640/21424 updated. Current: 26 CONGRESS ST, Unit 104
Progress: 5650/21424 updated. Current: 26 FISHFRY ST
Progress: 5660/21424 updated. Current: 26 HAROLD ST
Progress: 5670/21424 updated. Current: 26 MADISON ST
Progress: 5680/21424 updated. Current: 26 NEPAUG ST
Progress: 5690/21424 updated. Current: 26 RUSS ST
Progress: 5700/21424 updated. Current: 26 STAFFORD ST
Progress: 5710/21424 updated. Current: 26-28 ADELAIDE ST
Progress: 5720/21424 updated. Current: 26-28 BRINLEY AVE
Progress: 5730/21424 updated. Current: 26-28 GIDDINGS ST
Progress: 5740/21424 updated. Current: 26-28 MAHL AVE
Progress: 5750/21424 updated. Current: 26-28 NEWTON ST
Progress: 5760/21424 updated. Current: 26-28 SHERBROOKE AVE
Progress: 5770/21424 updated. Current: 26-28 YORK ST
Progress: 5780/21424 updated. Current: 26-38 HUGHES ST, Unit 38-03
Progress: 5790/21424 updated. Current: 26-38 HUGHES ST, Unit 30-04
Progress: 5800/21424 updated. Current: 54-66 HUGHES ST, Unit 66-04
Progress: 5810/21424 updated. Current: 260 EDGEWOOD ST
Progress: 5820/21424 updated. Current: 260-262 HILLSIDE AVE
Progress: 5830/21424 updated. Current: 261 NEWFIELD AVE
Progress: 5840/21424 updated. Current: 261 WETHERSFIELD AVE
Progress: 5850/21424 updated. Current: 262 KENYON ST
Progress: 5860/21424 updated. Current: 262-266 MAPLE AVE
Progress: 5870/21424 updated. Current: 263 TOWER AVE
Progress: 5880/21424 updated. Current: 263-265 HIGH ST
Progress: 5890/21424 updated. Current: 264 FLATBUSH AVE
Progress: 5900/21424 updated. Current: 265 CHURCH ST
Progress: 5910/21424 updated. Current: 265 WASHINGTON ST
Progress: 5920/21424 updated. Current: 266 FRANKLIN AVE
Progress: 5930/21424 updated. Current: 266 PEARL ST, Unit 0301
Progress: 5940/21424 updated. Current: 266 PEARL ST, Unit 0505
Progress: 5950/21424 updated. Current: 266 PEARL ST, Unit 0304
Progress: 5960/21424 updated. Current: 266 PEARL ST, Unit 0306
Progress: 5970/21424 updated. Current: 266 PEARL ST, Unit 0603
Progress: 5980/21424 updated. Current: 266-268 CAPEN ST
Progress: 5990/21424 updated. Current: 267 BRANFORD ST
Progress: 6000/21424 updated. Current: 267-269 HOLCOMB ST
Progress: 6010/21424 updated. Current: 268 BROWN ST
Progress: 6020/21424 updated. Current: 2682-2684 MAIN ST
Progress: 6030/21424 updated. Current: 269-273 SOUTH MARSHALL ST
Progress: 6040/21424 updated. Current: 27 BANNISTER ST
Progress: 6050/21424 updated. Current: 27 CHARTER OAK PL, Unit 000A
Progress: 6060/21424 updated. Current: 27 DURHAM ST
Progress: 6070/21424 updated. Current: 27 GUILFORD ST
Progress: 6080/21424 updated. Current: 27 HUNTINGTON ST, Unit A1
Progress: 6090/21424 updated. Current: 27 JULIUS ST
Progress: 6100/21424 updated. Current: 27 MARSHALL ST, Unit A5
Progress: 6110/21424 updated. Current: 27 MARSHALL ST, Unit C7
Progress: 6120/21424 updated. Current: 27 MARSHALL ST, Unit B4
Progress: 6130/21424 updated. Current: 27 OWEN ST
Progress: 6140/21424 updated. Current: 27 TAYLOR DR
Progress: 6150/21424 updated. Current: 27-29 ANDOVER ST
Progress: 6160/21424 updated. Current: 27-29 BRINLEY AVE
Progress: 6170/21424 updated. Current: 27-29 EARLE ST, Unit 27-3
Progress: 6180/21424 updated. Current: 27-29 HAZEL ST
Progress: 6190/21424 updated. Current: 27-29 MANCHESTER ST
Progress: 6200/21424 updated. Current: 27-29 SOUTH ST
Progress: 6210/21424 updated. Current: 27-29 WHITMORE ST
Progress: 6220/21424 updated. Current: 270 LAUREL ST, Unit 101
Progress: 6230/21424 updated. Current: 270 LAUREL ST, Unit 321
Progress: 6240/21424 updated. Current: 270 LAUREL ST, Unit 404
Progress: 6250/21424 updated. Current: 270 LAUREL ST, Unit 218
Progress: 6260/21424 updated. Current: 270 LAUREL ST, Unit 316
Progress: 6270/21424 updated. Current: 270 LAUREL ST, Unit 411
Progress: 6280/21424 updated. Current: 270 LAUREL ST, Unit 409
Progress: 6290/21424 updated. Current: 270 LAUREL ST, Unit 314
Progress: 6300/21424 updated. Current: 270 LYME ST
Progress: 6310/21424 updated. Current: 270-272 VINE ST
Progress: 6320/21424 updated. Current: 271 CAMPFIELD AVE
Progress: 6330/21424 updated. Current: 271-273 LINNMOORE ST
Progress: 6340/21424 updated. Current: 272 BARBOUR ST, Unit A
Progress: 6350/21424 updated. Current: 272 CLEVELAND AVE, Unit 2
Progress: 6360/21424 updated. Current: 272 GRANDVIEW TER
Progress: 6370/21424 updated. Current: 273 CAPEN ST
Progress: 6380/21424 updated. Current: 273 ROGER ST
Progress: 6390/21424 updated. Current: 274 FREEMAN ST
Progress: 6400/21424 updated. Current: 275 BUCKINGHAM ST
Progress: 6410/21424 updated. Current: 275 PEARL ST
Progress: 6420/21424 updated. Current: 275-277 LAUREL ST
Progress: 6430/21424 updated. Current: 276 WHITNEY ST
Progress: 6440/21424 updated. Current: 277 BUCKINGHAM ST, Unit 204
Progress: 6450/21424 updated. Current: 277 BUCKINGHAM ST, Unit 205
Progress: 6460/21424 updated. Current: 277 BUCKINGHAM ST, Unit 305
Progress: 6470/21424 updated. Current: 277 OXFORD ST
Progress: 6480/21424 updated. Current: 277-279 SOUTH MARSHALL ST
Progress: 6490/21424 updated. Current: 278 PARK TER
Progress: 6500/21424 updated. Current: 279 TOWER AVE
Progress: 6510/21424 updated. Current: 28 ALLEN PL
Progress: 6520/21424 updated. Current: 28 CANTERBURY ST
Progress: 6530/21424 updated. Current: 28 EAST MORNINGSIDE ST
Progress: 6540/21424 updated. Current: 28 FLATBUSH AVE
Progress: 6550/21424 updated. Current: 28 HENRY ST
Progress: 6560/21424 updated. Current: 28 HUNTINGTON ST, Unit A3
Progress: 6570/21424 updated. Current: 28 HUNTINGTON ST, Unit A4
Progress: 6580/21424 updated. Current: 28 HUNTINGTON ST, Unit B1
Progress: 6590/21424 updated. Current: 28 MARSHALL ST
Progress: 6600/21424 updated. Current: 28 SUNSET ST
Progress: 6610/21424 updated. Current: 28-30 ARNOLD ST
Progress: 6620/21424 updated. Current: 28-30 EAST EUCLID ST
Progress: 6630/21424 updated. Current: 28-30 GRAFTON ST
Progress: 6640/21424 updated. Current: 28-30 MADISON AVE
Progress: 6650/21424 updated. Current: 28-30 STEDMAN ST
Progress: 6660/21424 updated. Current: 280 BROAD ST
Progress: 6670/21424 updated. Current: 280 COLLINS ST, Unit 0305
Progress: 6680/21424 updated. Current: 280 COLLINS ST, Unit 0410
Progress: 6690/21424 updated. Current: 280 COLLINS ST, Unit 0415
Progress: 6700/21424 updated. Current: 280 COLLINS ST, Unit 0201
Progress: 6710/21424 updated. Current: 280 COLLINS ST, Unit 0209
Progress: 6720/21424 updated. Current: 280 COLLINS ST, Unit 0411
Progress: 6730/21424 updated. Current: 280 TRUMBULL ST
Progress: 6740/21424 updated. Current: 281 FLATBUSH AVE
Progress: 6750/21424 updated. Current: 281-283 GARDEN ST
Progress: 6760/21424 updated. Current: 282 HUYSHOPE AVE
Progress: 6770/21424 updated. Current: 282-284 SARGEANT ST
Progress: 6780/21424 updated. Current: 283 TOWER AVE
Progress: 6790/21424 updated. Current: 283-291 ASYLUM ST, Unit 401
Progress: 6800/21424 updated. Current: 284 FREEMAN ST
Progress: 6810/21424 updated. Current: 285 FARMINGTON AVE
Progress: 6820/21424 updated. Current: 285 PARK ST
Progress: 6830/21424 updated. Current: 286 CLEVELAND AVE
Progress: 6840/21424 updated. Current: 286 PARK ST, Unit CNDASC
Progress: 6850/21424 updated. Current: 287 GRANDVIEW TER
Progress: 6860/21424 updated. Current: 287-289 WHITE ST
Progress: 6870/21424 updated. Current: 288-290 MAPLE AVE, Unit 001A
Progress: 6880/21424 updated. Current: 288-290 MAPLE AVE, Unit 002E
Progress: 6890/21424 updated. Current: 289 MOUNTAIN ST
Progress: 6900/21424 updated. Current: 29 ASHLEY ST
Progress: 6910/21424 updated. Current: 29 COLEMAN DR
Progress: 6920/21424 updated. Current: 29 ELLIOTT ST
Progress: 6930/21424 updated. Current: 29 MELROSE ST
Progress: 6940/21424 updated. Current: 29 NEWFIELD AVE
Progress: 6950/21424 updated. Current: 29 SOMERS ST
Progress: 6960/21424 updated. Current: 29-29H MATHER ST
Progress: 6970/21424 updated. Current: 29-31 ANNAWAN ST, Unit 29A-E5
Progress: 6980/21424 updated. Current: 29-31 ANNAWAN ST, Unit 31A-G2
Progress: 6990/21424 updated. Current: 29-31 ANNAWAN ST, Unit 29A-E1
Progress: 7000/21424 updated. Current: 29-31 ANNAWAN ST, Unit 31A-H5
Progress: 7010/21424 updated. Current: 29-31 ANNAWAN ST, Unit 29A-E2
Progress: 7020/21424 updated. Current: 29-31 ANNAWAN ST, Unit 29A-C6
Progress: 7030/21424 updated. Current: 29-31 BARKER ST
Progress: 7040/21424 updated. Current: 29-31 FENWICK ST
Progress: 7050/21424 updated. Current: 29-31 LIBERTY ST
Progress: 7060/21424 updated. Current: 29-31 NEPAUG ST
Progress: 7070/21424 updated. Current: 29-31 WARD PL
Progress: 7080/21424 updated. Current: 29-35 CHARTER OAK AVE, Unit B
Progress: 7090/21424 updated. Current: 290 CORNWALL ST
Progress: 7100/21424 updated. Current: 291 BUCKINGHAM ST, Unit A1
Progress: 7110/21424 updated. Current: 291 BUCKINGHAM ST, Unit A6
Progress: 7120/21424 updated. Current: 291 BUCKINGHAM ST, Unit B3
Progress: 7130/21424 updated. Current: 291 COLLINS ST
Progress: 7140/21424 updated. Current: 291-293 SARGEANT ST
Progress: 7150/21424 updated. Current: 292-294 VINE ST
Progress: 7160/21424 updated. Current: 294 COLLINS ST
Progress: 7170/21424 updated. Current: 294-296 PEARL ST
Progress: 7180/21424 updated. Current: 295 LYME ST
Progress: 7190/21424 updated. Current: 296 BROWN ST
Progress: 7200/21424 updated. Current: 296 HUDSON ST, Unit B4
Progress: 7210/21424 updated. Current: 296 HUDSON ST, Unit B3
Progress: 7220/21424 updated. Current: 296-298 SOUTH ST
Progress: 7230/21424 updated. Current: 298-300 SARGEANT ST
Progress: 7240/21424 updated. Current: 299 SAYBROOKE ST
Progress: 7250/21424 updated. Current: 299-305 WASHINGTON ST, Unit 209
Progress: 7260/21424 updated. Current: 299-305 WASHINGTON ST, Unit 132
Progress: 7270/21424 updated. Current: 299-305 WASHINGTON ST, Unit 238
Progress: 7280/21424 updated. Current: 299-305 WASHINGTON ST, Unit 204
Progress: 7290/21424 updated. Current: 299-305 WASHINGTON ST, Unit 131
Progress: 7300/21424 updated. Current: 3 COLUMBIA ST
Progress: 7310/21424 updated. Current: 3 MORTSON ST
Progress: 7320/21424 updated. Current: 3-5 BALTIC ST
Progress: 7330/21424 updated. Current: 30 ANN UCCELLO ST
Progress: 7340/21424 updated. Current: 30 BROWNELL AVE
Progress: 7350/21424 updated. Current: 30 DEXTER ST
Progress: 7360/21424 updated. Current: 30 EVERGREEN AVE, Unit 302
Progress: 7370/21424 updated. Current: 30 EVERGREEN AVE, Unit 104
Progress: 7380/21424 updated. Current: 30 EVERGREEN AVE, Unit 107
Progress: 7390/21424 updated. Current: 30 FOREST ST, Unit C4
Progress: 7400/21424 updated. Current: 30 FOREST ST, Unit B1
Progress: 7410/21424 updated. Current: 30 FOREST ST, Unit B3
Progress: 7420/21424 updated. Current: 30 GILLETT ST, Unit CNDASC
Progress: 7430/21424 updated. Current: 30 GILLETT ST, Unit 003E
Progress: 7440/21424 updated. Current: 30 GILLETT ST, Unit 001B
Progress: 7450/21424 updated. Current: 30 GILLETT ST, Unit 002F
Progress: 7460/21424 updated. Current: 30 HUBBARD RD
Progress: 7470/21424 updated. Current: 30 MARION ST
Progress: 7480/21424 updated. Current: 38-40 CONGRESS ST, Unit 302
Progress: 7490/21424 updated. Current: 22-24 MORRIS ST, Unit 202
Progress: 7500/21424 updated. Current: 30 NEW PARK AVE
Progress: 7510/21424 updated. Current: 30 SCHOOL ST
Progress: 7520/21424 updated. Current: 30 TERRY RD
Progress: 7530/21424 updated. Current: 30 WOODLAND ST, Unit 004K
Progress: 7540/21424 updated. Current: 30 WOODLAND ST, Unit 003J
Progress: 7550/21424 updated. Current: 30 WOODLAND ST, Unit 009A
Progress: 7560/21424 updated. Current: 30 WOODLAND ST, Unit 012B
Progress: 7570/21424 updated. Current: 30 WOODLAND ST, Unit CNDASC
Progress: 7580/21424 updated. Current: 30 WOODLAND ST, Unit 012JK
Progress: 7590/21424 updated. Current: 30 WOODLAND ST, Unit 009I
Progress: 7600/21424 updated. Current: 42-44 ALDEN ST, Unit 302
Progress: 7610/21424 updated. Current: 30-32 BONNER ST
Progress: 7620/21424 updated. Current: 30-32 DEERFIELD AVE
Progress: 7630/21424 updated. Current: 30-32 GROTON ST
Progress: 7640/21424 updated. Current: 30-32 MORTSON ST
Progress: 7650/21424 updated. Current: 30-32 SISSON AVE
Progress: 7660/21424 updated. Current: 30-32 WESTLAND ST
Progress: 7670/21424 updated. Current: 300 HOMESTEAD AVE
Progress: 7680/21424 updated. Current: 300-302 FRANKLIN AVE
Progress: 7690/21424 updated. Current: 300-302 VINE ST
Progress: 7700/21424 updated. Current: 3013-3021 MAIN ST
Progress: 7710/21424 updated. Current: 303 LOCUST ST
Progress: 7720/21424 updated. Current: 304 SAYBROOKE ST
Progress: 7730/21424 updated. Current: 304-306 GARDEN ST
Progress: 7740/21424 updated. Current: 305-307 VICTORIA RD
Progress: 7750/21424 updated. Current: 306 PROSPECT AVE
Progress: 7760/21424 updated. Current: 307 WHITE ST
Progress: 7770/21424 updated. Current: 308 FAIRFIELD AVE
Progress: 7780/21424 updated. Current: 308-310 SOUTH ST
Progress: 7790/21424 updated. Current: 309 LYME ST
Progress: 7800/21424 updated. Current: 31 ALDEN ST, Unit 031A
Progress: 7810/21424 updated. Current: 31 BANNISTER ST
Progress: 7820/21424 updated. Current: 31 CANTERBURY ST
Progress: 7830/21424 updated. Current: 33 CRESCENT ST
Progress: 7840/21424 updated. Current: 31 ELLIOTT ST
Progress: 7850/21424 updated. Current: 31 GILLETT ST, Unit 0311
Progress: 7860/21424 updated. Current: 31 GILLETT ST, Unit 0111
Progress: 7870/21424 updated. Current: 31 GILLETT ST, Unit 0101
Progress: 7880/21424 updated. Current: 31 GILLETT ST, Unit 0304
Progress: 7890/21424 updated. Current: 31 GILLETT ST, Unit 0302
Progress: 7900/21424 updated. Current: 31 GILLETT ST, Unit 0405
Progress: 7910/21424 updated. Current: 31 GUILFORD ST, Unit 031A
Progress: 7920/21424 updated. Current: 31 LOOMIS ST
Progress: 7930/21424 updated. Current: 31 PAWTUCKET ST
Progress: 7940/21424 updated. Current: 31 SUMNER ST
Progress: 7950/21424 updated. Current: 31-33 WETHERSFIELD AVE, Unit 000G
Progress: 7960/21424 updated. Current: 31 WOODLAND ST, Unit 006P
Progress: 7970/21424 updated. Current: 31 WOODLAND ST, Unit 008P
Progress: 7980/21424 updated. Current: 31 WOODLAND ST, Unit 011J
Progress: 7990/21424 updated. Current: 31 WOODLAND ST, Unit 009L
Progress: 8000/21424 updated. Current: 31 WOODLAND ST, Unit 009J
Progress: 8010/21424 updated. Current: 31 WOODLAND ST, Unit 0MMA
Progress: 8020/21424 updated. Current: 31 WOODLAND ST, Unit 007A
Progress: 8030/21424 updated. Current: 31 WOODLAND ST, Unit 003U
Progress: 8040/21424 updated. Current: 31 WOODLAND ST, Unit 003I
Progress: 8050/21424 updated. Current: 31 WOODLAND ST, Unit 011S
Progress: 8060/21424 updated. Current: 31 WOODLAND ST, Unit 010L
Progress: 8070/21424 updated. Current: 31 WOODLAND ST, Unit 004G
Progress: 8080/21424 updated. Current: 31 WOODLAND ST, Unit 007O
Progress: 8090/21424 updated. Current: 31 WOODLAND ST, Unit 004T
Progress: 8100/21424 updated. Current: 31 WOODLAND ST, Unit 011O
Progress: 8110/21424 updated. Current: 31 WOODLAND ST, Unit 005H
Progress: 8120/21424 updated. Current: 31 WOODLAND ST, Unit 009K
Progress: 8130/21424 updated. Current: 31 WOODLAND ST, Unit 007D
Progress: 8140/21424 updated. Current: 31 WOODLAND ST, Unit 004D
Progress: 8150/21424 updated. Current: 31 WOODLAND ST, Unit 002B
Progress: 8160/21424 updated. Current: 31 WOODLAND ST, Unit 003O
Progress: 8170/21424 updated. Current: 31 WOODLAND ST, Unit 010C
Progress: 8180/21424 updated. Current: 31 WOODLAND ST, Unit 004O
Progress: 8190/21424 updated. Current: 31 WOODLAND ST, Unit 001F
Progress: 8200/21424 updated. Current: 31-33 BARNARD ST
Progress: 8210/21424 updated. Current: 31 BOND ST
Progress: 8220/21424 updated. Current: 31-33 BRINLEY AVE
Progress: 8230/21424 updated. Current: 31-33 EARLE ST
Progress: 8240/21424 updated. Current: 31-33 MANCHESTER ST
Progress: 8250/21424 updated. Current: 31-33 SHERBROOKE AVE
Progress: 8260/21424 updated. Current: 31-33 WETHERSFIELD AVE, Unit 000F
Progress: 8270/21424 updated. Current: 31-51 PRATT ST
Progress: 8280/21424 updated. Current: 310 HOLCOMB ST
Progress: 8290/21424 updated. Current: 311 WHITE ST
Progress: 8300/21424 updated. Current: 312 FREEMAN ST
Progress: 8310/21424 updated. Current: 312-314 WHITE ST
Progress: 8320/21424 updated. Current: 3130-3132 MAIN ST
Progress: 8330/21424 updated. Current: 314-H CHURCH ST
Progress: 8340/21424 updated. Current: 315 SAYBROOKE ST
Progress: 8350/21424 updated. Current: 3155 MAIN ST
Progress: 8360/21424 updated. Current: 317-319 GARDEN ST
Progress: 8370/21424 updated. Current: 318 CAPEN ST
Progress: 8380/21424 updated. Current: 319 MURPHY RD
Progress: 8390/21424 updated. Current: 32 BANNISTER ST
Progress: 8400/21424 updated. Current: 19 CAPITOL AVE, Unit 000A
Progress: 8410/21424 updated. Current: 32 CONE ST
Progress: 8420/21424 updated. Current: 32 GILMAN ST
Progress: 8430/21424 updated. Current: 32 HOLLYWOOD AVE
Progress: 8440/21424 updated. Current: 32 PLAINFIELD ST
Progress: 8450/21424 updated. Current: 32 STANWOOD ST
Progress: 8460/21424 updated. Current: 32-34 BEDFORD ST
Progress: 8470/21424 updated. Current: 32-34 HAZEL ST
Progress: 8480/21424 updated. Current: 32-34 MADISON ST
Progress: 8490/21424 updated. Current: 32-34 WOLCOTT ST
Progress: 8500/21424 updated. Current: 320 BROWN ST
Progress: 8510/21424 updated. Current: 321 GRANBY ST
Progress: 8520/21424 updated. Current: 321-323 HILLSIDE AVE
Progress: 8530/21424 updated. Current: 322 HUDSON ST, Unit A6
Progress: 8540/21424 updated. Current: 322 HUDSON ST, Unit B10
Progress: 8550/21424 updated. Current: 322 HUDSON ST, Unit B3
Progress: 8560/21424 updated. Current: 322 HUDSON ST, Unit BB1
Progress: 8570/21424 updated. Current: 323 CORNWALL ST
Progress: 8580/21424 updated. Current: 324 FRANKLIN AVE
Progress: 8590/21424 updated. Current: 325 MURPHY RD
Progress: 8600/21424 updated. Current: 13-15 ALLEN PL, Unit A2
Progress: 8610/21424 updated. Current: 4 VERNON ST, Unit D2
Progress: 8620/21424 updated. Current: 325-327 WASHINGTON ST, Unit A2
Progress: 8630/21424 updated. Current: 3250-H MAIN ST
Progress: 8640/21424 updated. Current: 327 HILLSIDE AVE
Progress: 8650/21424 updated. Current: 3281 MAIN ST
Progress: 8660/21424 updated. Current: 33 BELMONT ST
Progress: 8670/21424 updated. Current: 33 CAPITOL AVE
Progress: 8680/21424 updated. Current: 39 CONGRESS ST, Unit 0G12
Progress: 8690/21424 updated. Current: 33 CURCOMBE ST
Progress: 8700/21424 updated. Current: 33 GOODRICH ST
Progress: 8710/21424 updated. Current: 43 GREEN ST, Unit 0002
Progress: 8720/21424 updated. Current: 106 FAIRMOUNT ST, Unit 0019
Progress: 8730/21424 updated. Current: 45 GUILFORD ST, Unit 45
Progress: 8740/21424 updated. Current: 33 IMLAY ST, Unit 301
Progress: 8750/21424 updated. Current: 33 JULIUS ST
Progress: 8760/21424 updated. Current: 29 MORRIS ST, Unit 0G48
Progress: 8770/21424 updated. Current: 33 NEWFIELD AVE
Progress: 8780/21424 updated. Current: 33 STAFFORD ST
Progress: 8790/21424 updated. Current: 33-35 ADAMS ST
Progress: 8800/21424 updated. Current: 33-35 CABOT ST
Progress: 8810/21424 updated. Current: 33-35 FREEMAN ST
Progress: 8820/21424 updated. Current: 33-35 LITCHFIELD ST
Progress: 8830/21424 updated. Current: 33-35 SPRAGUE ST
Progress: 8840/21424 updated. Current: 33-39 SUMNER ST, Unit 35-C3
Progress: 8850/21424 updated. Current: 33-39 SUMNER ST, Unit 39-C2
Progress: 8860/21424 updated. Current: 33-39 SUMNER ST, Unit 37-A2
Progress: 8870/21424 updated. Current: 59 SUMNER ST, Unit 711
Progress: 8880/21424 updated. Current: 59 SUMNER ST, Unit 204
Progress: 8890/21424 updated. Current: 59 SUMNER ST, Unit 410
Progress: 8900/21424 updated. Current: 33-41 OSTEN BLVD
Progress: 8910/21424 updated. Current: 330 LAUREL ST, Unit 0206
Progress: 8920/21424 updated. Current: 330 LAUREL ST, Unit 0405
Progress: 8930/21424 updated. Current: 330 LAUREL ST, Unit 0212
Progress: 8940/21424 updated. Current: 330-332 JEFFERSON ST
Progress: 8950/21424 updated. Current: 331 WETHERSFIELD AVE
Progress: 8960/21424 updated. Current: 332-334 PARK TER
Progress: 8970/21424 updated. Current: 3333-3335 MAIN ST
Progress: 8980/21424 updated. Current: 3340 MAIN ST
Progress: 8990/21424 updated. Current: 335-339 CAPITOL AVE
Progress: 9000/21424 updated. Current: 337 CAMPFIELD AVE
Progress: 9010/21424 updated. Current: 337 VINE ST
Progress: 9020/21424 updated. Current: 338 JEFFERSON ST, Unit A4
Progress: 9030/21424 updated. Current: 338 JEFFERSON ST, Unit C3
Progress: 9040/21424 updated. Current: 339 FRANKLIN AVE
Progress: 9050/21424 updated. Current: 34 AMHERST ST
Progress: 9060/21424 updated. Current: 34 BONNER ST, Unit CNDASC
Progress: 9070/21424 updated. Current: 34 CONGRESS ST, Unit 034A
Progress: 9080/21424 updated. Current: 34 ESSEX ST, Unit 002F
Progress: 9090/21424 updated. Current: 34 FOREST ST, Unit A5
Progress: 9100/21424 updated. Current: 34 FOREST ST, Unit C11
Progress: 9110/21424 updated. Current: 34 FRANCIS AVE
Progress: 9120/21424 updated. Current: 34 HUBBARD RD
Progress: 9130/21424 updated. Current: 34 LORRAINE ST
Progress: 9140/21424 updated. Current: 34 PROSPECT AVE
Progress: 9150/21424 updated. Current: 34 SOUTH WHITNEY ST
Progress: 9160/21424 updated. Current: 40-50 WILLARD ST, Unit S213
Progress: 9170/21424 updated. Current: 40-50 WILLARD ST, Unit N315
Progress: 9180/21424 updated. Current: 40-50 WILLARD ST, Unit S317
Progress: 9190/21424 updated. Current: 40-50 WILLARD ST, Unit N413
Progress: 9200/21424 updated. Current: 40-50 WILLARD ST, Unit S319
Progress: 9210/21424 updated. Current: 40-50 WILLARD ST, Unit S411
Progress: 9220/21424 updated. Current: 40-50 WILLARD ST, Unit N403
Progress: 9230/21424 updated. Current: 34-36 ARLINGTON ST
Progress: 9240/21424 updated. Current: 34-36 BONNER ST, Unit 0202
Progress: 9250/21424 updated. Current: 34-36 CHARTER OAK PL, Unit 0004
Progress: 9260/21424 updated. Current: 34-36 GREENFIELD ST
Progress: 9270/21424 updated. Current: 34-36 MILFORD ST
Progress: 9280/21424 updated. Current: 34-36 ROWE AVE
Progress: 9290/21424 updated. Current: 34-36 WESTBOURNE PKWY
Progress: 9300/21424 updated. Current: 34-38 FRASER PL
Progress: 9310/21424 updated. Current: 160-162 NEW BRITAIN AVE, Unit 0107
Progress: 9320/21424 updated. Current: 34-38 VERNON ST, Unit 0204
Progress: 9330/21424 updated. Current: 34-38 VERNON ST, Unit 0504
Progress: 9340/21424 updated. Current: 34-38 VERNON ST, Unit 0408
Progress: 9350/21424 updated. Current: 34-38 VERNON ST, Unit 0607
Progress: 9360/21424 updated. Current: 34-38 VERNON ST, Unit 0205
Progress: 9370/21424 updated. Current: 340 LAUREL ST
Progress: 9380/21424 updated. Current: 341 HOLCOMB ST
Progress: 9390/21424 updated. Current: 342 JEFFERSON ST, Unit A4
Progress: 9400/21424 updated. Current: 342 JEFFERSON ST, Unit C1
Progress: 9410/21424 updated. Current: 343 MARKET ST EXT
Progress: 9420/21424 updated. Current: 344-348 NEW PARK AVE
Progress: 9430/21424 updated. Current: 3458-3460 MAIN ST
Progress: 9440/21424 updated. Current: 346-348 WEST PRESTON ST
Progress: 9450/21424 updated. Current: 3478-H MAIN ST
Progress: 9460/21424 updated. Current: 349 LYME ST
Progress: 9470/21424 updated. Current: 35 BENTON ST
Progress: 9480/21424 updated. Current: 35 CHAPMAN ST
Progress: 9490/21424 updated. Current: 35 EDWARDS ST
Progress: 9500/21424 updated. Current: 51 ENFIELD ST, Unit 24
Progress: 9510/21424 updated. Current: 35 HADDAM ST
Progress: 9520/21424 updated. Current: 35 MARION ST
Progress: 9530/21424 updated. Current: 35 PUTNAM HTS
Progress: 9540/21424 updated. Current: 35 STANWOOD ST
Progress: 9550/21424 updated. Current: 35 WOODSIDE CIR
Progress: 9560/21424 updated. Current: 35-37 ASHFORD ST
Progress: 9570/21424 updated. Current: 35-37 BURTON ST
Progress: 9580/21424 updated. Current: 35-37 HAZEL ST
Progress: 9590/21424 updated. Current: 35-37 PAWTUCKET ST
Progress: 9600/21424 updated. Current: 35-37 YORK ST
Progress: 9610/21424 updated. Current: 350 BLUE HILLS AVE
Progress: 9620/21424 updated. Current: 350-352 SOUTH ST
Progress: 9630/21424 updated. Current: 351-353 NEW PARK AVE
Progress: 9640/21424 updated. Current: 353 FRANKLIN AVE
Progress: 9650/21424 updated. Current: 353-355 CAPITOL AVE, Unit B3
Progress: 9660/21424 updated. Current: 353-355 WETHERSFIELD AVE
Progress: 9670/21424 updated. Current: 354-356 WEST PRESTON ST
Progress: 9680/21424 updated. Current: 356 CAMPFIELD AVE
Progress: 9690/21424 updated. Current: 356 FRANKLIN AVE, Unit 11
Progress: 9700/21424 updated. Current: 356 FRANKLIN AVE, Unit 00B9
Progress: 9710/21424 updated. Current: 356 FRANKLIN AVE, Unit 00B8
Progress: 9720/21424 updated. Current: 356 FRANKLIN AVE, Unit 10
Progress: 9730/21424 updated. Current: 356-358 WOODLAND ST, Unit 0104
Progress: 9740/21424 updated. Current: 357-369 MAIN ST
Progress: 9750/21424 updated. Current: 358-368 PROSPECT AVE
Progress: 9760/21424 updated. Current: 359-361 FRANKLIN AVE
Progress: 9770/21424 updated. Current: 359-361 NEW PARK AVE, Unit CNDASC
Progress: 9780/21424 updated. Current: 36-H ALDEN ST, Unit G32
Progress: 9790/21424 updated. Current: 36 CLARENDON ST
Progress: 9800/21424 updated. Current: 36 ELLINGTON ST
Progress: 9810/21424 updated. Current: 36 ESSEX ST, Unit 001A
Progress: 9820/21424 updated. Current: 36 HARVARD ST
Progress: 9830/21424 updated. Current: 36 LIBERTY ST
Progress: 9840/21424 updated. Current: 36 SHULTAS PL
Progress: 9850/21424 updated. Current: 36 WARREN ST
Progress: 9860/21424 updated. Current: 36-38 ARNOLD ST
Progress: 9870/21424 updated. Current: 36-38 CAPEN ST, Unit 001A
Progress: 9880/21424 updated. Current: 36-38 IMLAY ST
Progress: 9890/21424 updated. Current: 36-38 NATICK ST
Progress: 9900/21424 updated. Current: 36-38 SISSON AVE
Progress: 9910/21424 updated. Current: 36 ALDEN ST, Unit 36A
Progress: 9920/21424 updated. Current: 360 HOMESTEAD AVE
Progress: 9930/21424 updated. Current: 360 MAIN ST, Unit 412
Progress: 9940/21424 updated. Current: 360 MAIN ST, Unit 212
Progress: 9950/21424 updated. Current: 360 MAIN ST, Unit 707
Progress: 9960/21424 updated. Current: 360 MAIN ST, Unit 201
Progress: 9970/21424 updated. Current: 360 MAIN ST, Unit 109
Progress: 9980/21424 updated. Current: 360 MAIN ST, Unit 805
Progress: 9990/21424 updated. Current: 360 MAIN ST, Unit CNDASC
Progress: 10000/21424 updated. Current: 360 MAIN ST, Unit 607
Progress: 10010/21424 updated. Current: 360 MAIN ST, Unit 910
Progress: 10020/21424 updated. Current: 360 MAIN ST, Unit 301
Progress: 10030/21424 updated. Current: 360 MAIN ST, Unit 407
Progress: 10040/21424 updated. Current: 360-362 WOODLAND ST, Unit 0202
Progress: 10050/21424 updated. Current: 361 GARDEN ST
Progress: 10060/21424 updated. Current: 362-364 LAUREL ST, Unit 000C
Progress: 10070/21424 updated. Current: 363 BLUE HILLS AVE
Progress: 10080/21424 updated. Current: 364 BLUE HILLS AVE
Progress: 10090/21424 updated. Current: 365 BROAD ST
Progress: 10100/21424 updated. Current: 365-367 WEST PRESTON ST
Progress: 10110/21424 updated. Current: 367 BLUE HILLS AVE
Progress: 10120/21424 updated. Current: 367-369 FARMINGTON AVE, Unit 403
Progress: 10130/21424 updated. Current: 367-381 HOMESTEAD AVE
Progress: 10140/21424 updated. Current: 369 CORNWALL ST
Progress: 10150/21424 updated. Current: 369-375 CAPITOL AVE
Progress: 10160/21424 updated. Current: 37 ALDEN ST, Unit 037W
Progress: 10170/21424 updated. Current: 37 ALDEN ST, Unit 037B
Progress: 10180/21424 updated. Current: 37 CABOT ST
Progress: 10190/21424 updated. Current: 37 DOUGLAS ST
Progress: 10200/21424 updated. Current: 17 EAST ELLIOTT ST, Unit 0017
Progress: 10210/21424 updated. Current: 27 GREENFIELD ST, Unit 38
Progress: 10220/21424 updated. Current: 37 GAINES DR
Progress: 10230/21424 updated. Current: 37 HUNTINGTON ST, Unit 1E
Progress: 10240/21424 updated. Current: 37 HUNTINGTON ST, Unit 4C
Progress: 10250/21424 updated. Current: 37 HUNTINGTON ST, Unit 3I
Progress: 10260/21424 updated. Current: 37 HUNTINGTON ST, Unit 4B
Progress: 10270/21424 updated. Current: 37 HUNTINGTON ST, Unit 3B
Progress: 10280/21424 updated. Current: 37 LIBERTY ST
Progress: 10290/21424 updated. Current: 37 OXFORD ST
Progress: 10300/21424 updated. Current: 37 STAFFORD ST
Progress: 10310/21424 updated. Current: 37 WINDHAM ST
Progress: 10320/21424 updated. Current: 37-39 CHARTER OAK PL, Unit 37-C17
Progress: 10330/21424 updated. Current: 37-39 CHARTER OAK PL, Unit 37-B2
Progress: 10340/21424 updated. Current: 37-39 CHARTER OAK PL, Unit 37-D12
Progress: 10350/21424 updated. Current: 37-39 CHARTER OAK PL, Unit 37-D10
Progress: 10360/21424 updated. Current: 37-39 CHARTER OAK PL, Unit 37-D1
Progress: 10370/21424 updated. Current: 37-39 CHARTER OAK PL, Unit 37-B17
Progress: 10380/21424 updated. Current: 37-39 CHARTER OAK PL, Unit 37-D7
Progress: 10390/21424 updated. Current: 37-39 CHARTER OAK PL, Unit 37-B3
Progress: 10400/21424 updated. Current: 37-39 HEBRON ST
Progress: 10410/21424 updated. Current: 37-39 MAPLETON ST
Progress: 10420/21424 updated. Current: 37-39 SHARON ST
Progress: 10430/21424 updated. Current: 41-43 WILLARD ST, Unit 043B
Progress: 10440/21424 updated. Current: 370 FREEMAN ST
Progress: 10450/21424 updated. Current: 371-373 BLUE HILLS AVE
Progress: 10460/21424 updated. Current: 371-373 FARMINGTON AVE, Unit 102
Progress: 10470/21424 updated. Current: 372 LINNMOORE ST
Progress: 10480/21424 updated. Current: 373-375 HILLSIDE AVE
Progress: 10490/21424 updated. Current: 374-376 SIGOURNEY ST
Progress: 10500/21424 updated. Current: 375-381 FARMINGTON AVE, Unit 205
Progress: 10510/21424 updated. Current: 375-381 FARMINGTON AVE, Unit 204
Progress: 10520/21424 updated. Current: 375-381 FARMINGTON AVE, Unit 302
Progress: 10530/21424 updated. Current: 377 FRANKLIN AVE
Progress: 10540/21424 updated. Current: 377 WOODLAND ST, Unit 003A
Progress: 10550/21424 updated. Current: 378 FRANKLIN AVE
Progress: 10560/21424 updated. Current: 379 PALM ST
Progress: 10570/21424 updated. Current: 379-381 FARMINGTON AVE, Unit 204
Progress: 10580/21424 updated. Current: 38 AMHERST ST
Progress: 10590/21424 updated. Current: 38 BURNHAM ST
Progress: 10600/21424 updated. Current: 38 GIRARD AVE
Progress: 10610/21424 updated. Current: 38 LIBERTY ST
Progress: 10620/21424 updated. Current: 38 MORNINGSIDE ST WEST
Progress: 10630/21424 updated. Current: 38 SOUTH WHITNEY ST
Progress: 10640/21424 updated. Current: 38 WESTMINSTER ST
Progress: 10650/21424 updated. Current: 38-40 BARKER ST
Progress: 10660/21424 updated. Current: 58-60 CONGRESS ST, Unit 202
Progress: 10670/21424 updated. Current: 58-60 CONGRESS ST, Unit 301
Progress: 10680/21424 updated. Current: 38-40 CONGRESS ST, Unit 201
Progress: 10690/21424 updated. Current: 38-40 GILMAN ST
Progress: 10700/21424 updated. Current: 38-40 MADISON ST
Progress: 10710/21424 updated. Current: 38-40 PLYMOUTH ST
Progress: 10720/21424 updated. Current: 38-40 SOUTH ST
Progress: 10730/21424 updated. Current: 380 CAMPFIELD AVE
Progress: 10740/21424 updated. Current: 381 CORNWALL ST
Progress: 10750/21424 updated. Current: 382-384 PROSPECT AVE
Progress: 10760/21424 updated. Current: 384 BELLEVUE ST
Progress: 10770/21424 updated. Current: 385 HOLCOMB ST
Progress: 10780/21424 updated. Current: 379 WOODLAND ST, Unit 002D
Progress: 10790/21424 updated. Current: 386 GARDEN ST
Progress: 10800/21424 updated. Current: 388 CAMPFIELD AVE
Progress: 10810/21424 updated. Current: 389 CAMPFIELD AVE
Progress: 10820/21424 updated. Current: 39 BABCOCK ST
Progress: 10830/21424 updated. Current: 39 BURTON ST
Progress: 10840/21424 updated. Current: 39 CORNELL ST
Progress: 10850/21424 updated. Current: 39 HARVARD ST
Progress: 10860/21424 updated. Current: 39 MARION ST
Progress: 10870/21424 updated. Current: 39 RUSS ST
Progress: 10880/21424 updated. Current: 39 VICTORIA RD
Progress: 10890/21424 updated. Current: 39 WOODLAND ST
Progress: 10900/21424 updated. Current: 39-41 BLUE HILLS AVE
Progress: 10910/21424 updated. Current: 39-41 COWLES ST
Progress: 10920/21424 updated. Current: 39-41 LENOX ST
Progress: 10930/21424 updated. Current: 39-41 SQUIRE ST
Progress: 10940/21424 updated. Current: 39-41 YORK ST
Progress: 10950/21424 updated. Current: 390 FARMINGTON AVE, Unit A1
Progress: 10960/21424 updated. Current: 386 FARMINGTON AVE, Unit B2
Progress: 10970/21424 updated. Current: 390 PROSPECT AVE
Progress: 10980/21424 updated. Current: 393 BELLEVUE ST
Progress: 10990/21424 updated. Current: 393-397 CAPITOL AVE
Progress: 11000/21424 updated. Current: 395 LYME ST
Progress: 11010/21424 updated. Current: 396-410 WOODLAND ST
Progress: 11020/21424 updated. Current: 398-400 FRANKLIN AVE
Progress: 11030/21424 updated. Current: 399 ZION ST, Unit C18
Progress: 11040/21424 updated. Current: 399 ZION ST, Unit AB
Progress: 11050/21424 updated. Current: 399 ZION ST, Unit B11
Progress: 11060/21424 updated. Current: 4 ELLIOTT PL
Progress: 11070/21424 updated. Current: 4 JEWELL CT
Progress: 11080/21424 updated. Current: 4 SOMERS ST
Progress: 11090/21424 updated. Current: 4-6 MEADOW ST
Progress: 11100/21424 updated. Current: 4-8 NEW PARK AVE
Progress: 11110/21424 updated. Current: 40 BABCOCK ST
Progress: 11120/21424 updated. Current: 40 CLEVELAND AVE
Progress: 11130/21424 updated. Current: 40 EVERGREEN AVE
Progress: 11140/21424 updated. Current: 4 GOODWIN CIR, Unit 062D
Progress: 11150/21424 updated. Current: 1280 ASYLUM AVE, Unit 004D
Progress: 11160/21424 updated. Current: 102 GOODWIN CIR, Unit 020I
Progress: 11170/21424 updated. Current: 40 GRAND ST
Progress: 11180/21424 updated. Current: 40 NEPAUG ST
Progress: 11190/21424 updated. Current: 40 OWEN ST, Unit E-10
Progress: 11200/21424 updated. Current: 40 OWEN ST, Unit C-6
Progress: 11210/21424 updated. Current: 40 OWEN ST, Unit A-4
Progress: 11220/21424 updated. Current: 40 OWEN ST, Unit A-2
Progress: 11230/21424 updated. Current: 40 OWEN ST, Unit E-7
Progress: 11240/21424 updated. Current: 40 OWEN ST, Unit AA-1
Progress: 11250/21424 updated. Current: 40 POPIELUSZKO CT
Progress: 11260/21424 updated. Current: 40 VERNON ST
Progress: 11270/21424 updated. Current: 30 WOODLAND ST, Unit 009JK
Progress: 11280/21424 updated. Current: 30 WOODLAND ST, Unit 006A
Progress: 11290/21424 updated. Current: 30 WOODLAND ST, Unit 004P
Progress: 11300/21424 updated. Current: 30 WOODLAND ST, Unit 007B
Progress: 11310/21424 updated. Current: 30 WOODLAND ST, Unit 009N
Progress: 11320/21424 updated. Current: 30 WOODLAND ST, Unit 003B
Progress: 11330/21424 updated. Current: 30 WOODLAND ST, Unit 011I
Progress: 11340/21424 updated. Current: 40-42 BEDFORD ST
Progress: 11350/21424 updated. Current: 40-42 FLATBUSH AVE
Progress: 11360/21424 updated. Current: 40 KENT ST
Progress: 11370/21424 updated. Current: 40-42 ROSEMONT ST
Progress: 11380/21424 updated. Current: 40-42 STANDISH ST
Progress: 11390/21424 updated. Current: 30-32 ALDEN ST, Unit 202
Progress: 11400/21424 updated. Current: 40-50 WILLARD ST, Unit N219
Progress: 11410/21424 updated. Current: 40-50 WILLARD ST, Unit S412
Progress: 11420/21424 updated. Current: 40-50 WILLARD ST, Unit S414
Progress: 11430/21424 updated. Current: 40-50 WILLARD ST, Unit S306
Progress: 11440/21424 updated. Current: 40-50 WILLARD ST, Unit N324
Progress: 11450/21424 updated. Current: 40-50 WILLARD ST, Unit N312
Progress: 11460/21424 updated. Current: 400 CORNWALL ST
Progress: 11470/21424 updated. Current: 400 WASHINGTON ST
Progress: 11480/21424 updated. Current: 401-403 SIGOURNEY ST
Progress: 11490/21424 updated. Current: 402-406 FRANKLIN AVE
Progress: 11500/21424 updated. Current: 412 BARBOUR ST, Unit 5
Progress: 11510/21424 updated. Current: 408 BARBOUR ST, Unit 1
Progress: 11520/21424 updated. Current: 405-407 FRANKLIN AVE
Progress: 11530/21424 updated. Current: 408 FAIRFIELD AVE
Progress: 11540/21424 updated. Current: 409 WINDSOR ST
Progress: 11550/21424 updated. Current: 41 ARLINGTON ST
Progress: 11560/21424 updated. Current: 41 CAPITOL AVE
Progress: 11570/21424 updated. Current: 41 FORSTER ST
Progress: 11580/21424 updated. Current: 41 HARRISON PL
Progress: 11590/21424 updated. Current: 41 HUNTINGTON ST, Unit 401
Progress: 11600/21424 updated. Current: 41 HUNTINGTON ST, Unit 406
Progress: 11610/21424 updated. Current: 41 HUNTINGTON ST
Progress: 11620/21424 updated. Current: 41 MILFORD ST
Progress: 11630/21424 updated. Current: 41 PUTNAM HTS
Progress: 11640/21424 updated. Current: 41 WESTBROOK ST
Progress: 11650/21424 updated. Current: 41 ZION ST, Unit 0001
Progress: 11660/21424 updated. Current: 41 ZION ST, Unit 0004
Progress: 11670/21424 updated. Current: 41-43 DOUGLAS ST
Progress: 11680/21424 updated. Current: 41-43 LISBON ST, Unit 43B
Progress: 11690/21424 updated. Current: 41-43 PRESTON ST
Progress: 11700/21424 updated. Current: 41-43 WARRENTON AVE
Progress: 11710/21424 updated. Current: 41-65 ARCH ST
Progress: 11720/21424 updated. Current: 410 MARKET ST
Progress: 11730/21424 updated. Current: 411-417 ZION ST, Unit B13
Progress: 11740/21424 updated. Current: 411-417 ZION ST, Unit A5
Progress: 11750/21424 updated. Current: 411-417 ZION ST, Unit C26
Progress: 11760/21424 updated. Current: 406 BARBOUR ST, Unit 2
Progress: 11770/21424 updated. Current: 412 BARBOUR ST, Unit 2
Progress: 11780/21424 updated. Current: 412-416 FRANKLIN AVE, Unit 0B05
Progress: 11790/21424 updated. Current: 412-416 FRANKLIN AVE, Unit 0A04
Progress: 11800/21424 updated. Current: 412-416 FRANKLIN AVE, Unit 0A01
Progress: 11810/21424 updated. Current: 412-416 FRANKLIN AVE, Unit 0C07
Progress: 11820/21424 updated. Current: 414 WOODLAND ST
Progress: 11830/21424 updated. Current: 415 WETHERSFIELD AVE, Unit CNDASC
Progress: 11840/21424 updated. Current: 416-418 EDGEWOOD ST
Progress: 11850/21424 updated. Current: 42 ACTON ST
Progress: 11860/21424 updated. Current: 42 BATTLES ST
Progress: 11870/21424 updated. Current: 42 BUCKINGHAM ST, Unit CNDASC
Progress: 11880/21424 updated. Current: 42 COLONIAL ST
Progress: 11890/21424 updated. Current: 42 GOSHEN ST
Progress: 11900/21424 updated. Current: 42 LIBERTY ST
Progress: 11910/21424 updated. Current: 42 POPIELUSZKO CT
Progress: 11920/21424 updated. Current: 42 STAFFORD ST
Progress: 11930/21424 updated. Current: 42-44 BALTIC ST
Progress: 11940/21424 updated. Current: 42-44 CLEVELAND AVE
Progress: 11950/21424 updated. Current: 42-44 HOMESTEAD AVE
Progress: 11960/21424 updated. Current: 42-44 NATICK ST
Progress: 11970/21424 updated. Current: 42-44 ROWE AVE
Progress: 11980/21424 updated. Current: 42-46 BROOK ST
Progress: 11990/21424 updated. Current: 421 BLUE HILLS AVE
Progress: 12000/21424 updated. Current: 421 WASHINGTON ST
Progress: 12010/21424 updated. Current: 421 WASHINGTON ST
Progress: 12020/21424 updated. Current: 421 WASHINGTON ST
Progress: 12030/21424 updated. Current: 421 WASHINGTON ST
Progress: 12040/21424 updated. Current: 421-423 WEST PRESTON ST
Progress: 12050/21424 updated. Current: 424 GRANBY ST
Progress: 12060/21424 updated. Current: 424-426 FAIRFIELD AVE
Progress: 12070/21424 updated. Current: 425-427 WETHERSFIELD AVE
Progress: 12080/21424 updated. Current: 426-442 ANN UCCELLO ST
Progress: 12090/21424 updated. Current: 429 BLUE HILLS AVE
Progress: 12100/21424 updated. Current: 43 ALDEN ST, Unit 043C
Progress: 12110/21424 updated. Current: 43 BRISTOL ST
Progress: 12120/21424 updated. Current: 47 CONGRESS ST, Unit 047B
Progress: 12130/21424 updated. Current: 47 CONGRESS ST, Unit 0G17
Progress: 12140/21424 updated. Current: 43 FERN ST
Progress: 12150/21424 updated. Current: 43 GUILFORD ST
Progress: 12160/21424 updated. Current: 43 JULIUS ST
Progress: 12170/21424 updated. Current: 43 PULASKI DR
Progress: 12180/21424 updated. Current: 43 STORRS ST
Progress: 12190/21424 updated. Current: 43-45 BEACON ST
Progress: 12200/21424 updated. Current: 43-45 COLONIAL ST
Progress: 12210/21424 updated. Current: 43-45 LENOX ST
Progress: 12220/21424 updated. Current: 43-45 ROSEMONT ST
Progress: 12230/21424 updated. Current: 43 ALDEN ST, Unit 043D
Progress: 12240/21424 updated. Current: 431 CAMPFIELD AVE
Progress: 12250/21424 updated. Current: 432-434 EDGEWOOD ST
Progress: 12260/21424 updated. Current: 435 CAPITOL AVE
Progress: 12270/21424 updated. Current: 438-440 HILLSIDE AVE
Progress: 12280/21424 updated. Current: 44 AMITY ST
Progress: 12290/21424 updated. Current: 44-52 BUCKINGHAM ST, Unit 52-2
Progress: 12300/21424 updated. Current: 44 CHESTER ST
Progress: 12310/21424 updated. Current: 44 FENWICK ST
Progress: 12320/21424 updated. Current: 44 FOREST ST, Unit A5
Progress: 12330/21424 updated. Current: 44 FOREST ST, Unit D6
Progress: 12340/21424 updated. Current: 44 FOREST ST, Unit C1
Progress: 12350/21424 updated. Current: 44 GIDDINGS ST
Progress: 12360/21424 updated. Current: 44 HOLLYWOOD AVE
Progress: 12370/21424 updated. Current: 44 NEW BRITAIN AVE, Unit B10
Progress: 12380/21424 updated. Current: 44 NEW BRITAIN AVE, Unit C7
Progress: 12390/21424 updated. Current: 44 NEW BRITAIN AVE, Unit M2
Progress: 12400/21424 updated. Current: 44 OTIS ST
Progress: 12410/21424 updated. Current: 44 THEODORE NAPPER LA
Progress: 12420/21424 updated. Current: 44-46 BODWELL ST
Progress: 12430/21424 updated. Current: 44-46 FRANKLIN AVE
Progress: 12440/21424 updated. Current: 44-46 LIBERTY ST
Progress: 12450/21424 updated. Current: 44-46 WILSON ST
Progress: 12460/21424 updated. Current: 44-48 PROSPECT ST
Progress: 12470/21424 updated. Current: 440 BROADVIEW TER
Progress: 12480/21424 updated. Current: 441-443 BARBOUR ST
Progress: 12490/21424 updated. Current: 442-444 FARMINGTON AVE
Progress: 12500/21424 updated. Current: 443-445 HILLSIDE AVE
Progress: 12510/21424 updated. Current: 445-447 BARBOUR ST, Unit 445-3
Progress: 12520/21424 updated. Current: 447 CORNWALL ST
Progress: 12530/21424 updated. Current: 449 FARMINGTON AVE
Progress: 12540/21424 updated. Current: 45 ALLEN PL, Unit C9
Progress: 12550/21424 updated. Current: 45 ALLEN PL, Unit A6
Progress: 12560/21424 updated. Current: 45 ALLEN PL, Unit C6
Progress: 12570/21424 updated. Current: 45 ALLEN PL, Unit D6
Progress: 12580/21424 updated. Current: 45 AMITY ST, Unit 2N
Progress: 12590/21424 updated. Current: 45 BRAINARD RD
Progress: 12600/21424 updated. Current: 45 CUMBERLAND ST
Progress: 12610/21424 updated. Current: 45 GOODRICH ST
Progress: 12620/21424 updated. Current: 45 JAMES ST
Progress: 12630/21424 updated. Current: 45 NILES ST
Progress: 12640/21424 updated. Current: 45 ROXBURY ST
Progress: 12650/21424 updated. Current: 45 WADSWORTH ST, Unit 0002
Progress: 12660/21424 updated. Current: 45 WEBSTER ST, Unit D14
Progress: 12670/21424 updated. Current: 45 WEBSTER ST, Unit C15
Progress: 12680/21424 updated. Current: 45 WEBSTER ST, Unit C3
Progress: 12690/21424 updated. Current: 45 WEBSTER ST, Unit B17
Progress: 12700/21424 updated. Current: 45 WEBSTER ST, Unit C4
Progress: 12710/21424 updated. Current: 45 WEBSTER ST, Unit B9
Progress: 12720/21424 updated. Current: 45-51 WILLARD ST, Unit 02DR
Progress: 12730/21424 updated. Current: 45-51 WILLARD ST, Unit 02CL
Progress: 12740/21424 updated. Current: 45 WOODSIDE CIR
Progress: 12750/21424 updated. Current: 45-47 FENWICK ST
Progress: 12760/21424 updated. Current: 45-47 LISBON ST
Progress: 12770/21424 updated. Current: 45-47 ROWE AVE
Progress: 12780/21424 updated. Current: 45-51 BETHEL ST
Progress: 12790/21424 updated. Current: 45-51 EVERGREEN AVE, Unit 0006
Progress: 12800/21424 updated. Current: 45-51 WILLARD ST, Unit 02ER
Progress: 12810/21424 updated. Current: 45-55 BARTHOLOMEW AVE, Unit 0001
Progress: 12820/21424 updated. Current: 450 WEST PRESTON ST
Progress: 12830/21424 updated. Current: 450 WINDSOR ST
Progress: 12840/21424 updated. Current: 450-452 HILLSIDE AVE
Progress: 12850/21424 updated. Current: 451-453 BARBOUR ST, Unit 453-1
Progress: 12860/21424 updated. Current: 451-455 EDGEWOOD ST, Unit 103
Progress: 12870/21424 updated. Current: 451-455 EDGEWOOD ST, Unit 106
Progress: 12880/21424 updated. Current: 453 BLUE HILLS AVE
Progress: 12890/21424 updated. Current: 454-456 WASHINGTON ST
Progress: 12900/21424 updated. Current: 455 MAPLE AVE
Progress: 12910/21424 updated. Current: 458 CORNWALL ST
Progress: 12920/21424 updated. Current: 459-463 FRANKLIN AVE
Progress: 12930/21424 updated. Current: 46 CHESTER ST
Progress: 12940/21424 updated. Current: 46 GRAND ST
Progress: 12950/21424 updated. Current: 46 MONTOWESE ST
Progress: 12960/21424 updated. Current: 46 SEQUIN ST
Progress: 12970/21424 updated. Current: 46 WINCHESTER ST
Progress: 12980/21424 updated. Current: 46-48 BRINLEY AVE
Progress: 12990/21424 updated. Current: 46-48 ENFIELD ST
Progress: 13000/21424 updated. Current: 46-48 LISBON ST
Progress: 13010/21424 updated. Current: 46-48 PUTNAM ST
Progress: 13020/21424 updated. Current: 46-48 WESTBOURNE PKWY
Progress: 13030/21424 updated. Current: 460 LEDYARD ST
Progress: 13040/21424 updated. Current: 462 GRANBY ST
Progress: 13050/21424 updated. Current: 463 BROADVIEW TER
Progress: 13060/21424 updated. Current: 465-467 NEW BRITAIN AVE
Progress: 13070/21424 updated. Current: 467-469 BROAD ST
Progress: 13080/21424 updated. Current: 469-471 NEW BRITAIN AVE
Progress: 13090/21424 updated. Current: 47 BATTLES ST
Progress: 13100/21424 updated. Current: 47 CLERMONT ST
Progress: 13110/21424 updated. Current: 47 GRANT ST
Progress: 13120/21424 updated. Current: 47 ROCKVILLE ST
Progress: 13130/21424 updated. Current: 47 SUMNER ST, Unit 0407
Progress: 13140/21424 updated. Current: 47 SUMNER ST, Unit 0403
Progress: 13150/21424 updated. Current: 47 SUMNER ST, Unit 0205
Progress: 13160/21424 updated. Current: 47 SUMNER ST, Unit 0102
Progress: 13170/21424 updated. Current: 47 SUMNER ST, Unit 0503
Progress: 13180/21424 updated. Current: 47 SUMNER ST, Unit 0307
Progress: 13190/21424 updated. Current: 47 SUMNER ST, Unit 0505
Progress: 13200/21424 updated. Current: 47 SUMNER ST, Unit 0302
Progress: 13210/21424 updated. Current: 47 SUMNER ST, Unit 0407
Progress: 13220/21424 updated. Current: 53 WINCHESTER ST
Progress: 13230/21424 updated. Current: 47-49 BARNARD ST
Progress: 13240/21424 updated. Current: 47-49 EAST MORNINGSIDE ST
Progress: 13250/21424 updated. Current: 47-49 LENOX ST
Progress: 13260/21424 updated. Current: 47-49 SHERMAN ST
Progress: 13270/21424 updated. Current: 47-53 CENTER ST
Progress: 13280/21424 updated. Current: 470-474 PROSPECT AVE
Progress: 13290/21424 updated. Current: 472-476 ANN UCCELLO ST
Progress: 13300/21424 updated. Current: 474-476 WOODLAND ST
Progress: 13310/21424 updated. Current: 478 CORNWALL ST
Progress: 13320/21424 updated. Current: 479-483 BROAD ST, Unit CNDASC
Progress: 13330/21424 updated. Current: 479-487 FARMINGTON AVE
Progress: 13340/21424 updated. Current: 48 BOND ST
Progress: 13350/21424 updated. Current: 48 EAST BURNHAM ST
Progress: 13360/21424 updated. Current: 48 ELLIOTT ST, Unit CNDASC
Progress: 13370/21424 updated. Current: 48 EVERGREEN AVE, Unit CNDASC
Progress: 13380/21424 updated. Current: 48 FOREST ST, Unit B5
Progress: 13390/21424 updated. Current: 48 FOREST ST, Unit C3
Progress: 13400/21424 updated. Current: 48 FOREST ST, Unit C2
Progress: 13410/21424 updated. Current: 48 FOREST ST, Unit A11
Progress: 13420/21424 updated. Current: 48 LIBERTY ST
Progress: 13430/21424 updated. Current: 48 THEODORE NAPPER LA
Progress: 13440/21424 updated. Current: 48 WHITNEY ST
Progress: 13450/21424 updated. Current: 48-50 BLISS ST
Progress: 13460/21424 updated. Current: 48-50 CLERMONT ST
Progress: 13470/21424 updated. Current: 48-50 HAROLD ST
Progress: 13480/21424 updated. Current: 48-50 MOUNTAIN ST
Progress: 13490/21424 updated. Current: 48-52 CAPITOL AVE
Progress: 13500/21424 updated. Current: 480-484 ANN UCCELLO ST
Progress: 13510/21424 updated. Current: 483 BROADVIEW TER
Progress: 13520/21424 updated. Current: 485-489 WETHERSFIELD AVE
Progress: 13530/21424 updated. Current: 485-493 MAIN ST, Unit R1
Progress: 13540/21424 updated. Current: 489-491 ZION ST
Progress: 13550/21424 updated. Current: 49 BURLINGTON ST
Progress: 13560/21424 updated. Current: 49 EUCLID ST WEST
Progress: 13570/21424 updated. Current: 49 GUILFORD ST
Progress: 13580/21424 updated. Current: 49 MADISON AVE
Progress: 13590/21424 updated. Current: 49 PLYMOUTH ST
Progress: 13600/21424 updated. Current: 49 WINDHAM ST
Progress: 13610/21424 updated. Current: 49-51 BROWNELL AVE
Progress: 13620/21424 updated. Current: 49-51 EDGEWOOD ST
Progress: 13630/21424 updated. Current: 49-51 HUNGERFORD ST
Progress: 13640/21424 updated. Current: 49-51 NEWTON ST
Progress: 13650/21424 updated. Current: 49-51 WARD ST
Progress: 13660/21424 updated. Current: 490 WETHERSFIELD AVE
Progress: 13670/21424 updated. Current: 491-493 HILLSIDE AVE
Progress: 13680/21424 updated. Current: 494 NEW BRITAIN AVE
Progress: 13690/21424 updated. Current: 496-516 GARDEN ST, Unit CNDASC
Progress: 13700/21424 updated. Current: 496-516 GARDEN ST, Unit 516B
Progress: 13710/21424 updated. Current: 496-516 GARDEN ST, Unit 498B
Progress: 13720/21424 updated. Current: 496-516 GARDEN ST, Unit 496C
Progress: 13730/21424 updated. Current: 498-500 EDGEWOOD ST
Progress: 13740/21424 updated. Current: 5 BRISTOL ST
Progress: 13750/21424 updated. Current: 5 CONE ST
Progress: 13760/21424 updated. Current: 5 FALES ST, Unit 000A
Progress: 13770/21424 updated. Current: 5 FALES ST, Unit 000B
Progress: 13780/21424 updated. Current: 5 HARWICH ST
Progress: 13790/21424 updated. Current: 5 UNION PL
Progress: 13800/21424 updated. Current: 5-13 FRANKLIN PL, Unit A
Progress: 13810/21424 updated. Current: 5-7 BARNARD ST
Progress: 13820/21424 updated. Current: 5-7 SOUTH ST
Progress: 13830/21424 updated. Current: 50 BRANFORD ST
Progress: 13840/21424 updated. Current: 50 CHAPMAN ST
Progress: 13850/21424 updated. Current: 50 DURHAM ST
Progress: 13860/21424 updated. Current: 50 FOREST ST, Unit B10
Progress: 13870/21424 updated. Current: 50 FOREST ST, Unit C4
Progress: 13880/21424 updated. Current: 50 FOREST ST, Unit C9
Progress: 13890/21424 updated. Current: 50 GILLETT ST, Unit C6
Progress: 13900/21424 updated. Current: 50 GILLETT ST, Unit D6
Progress: 13910/21424 updated. Current: 50 GILLETT ST, Unit D3
Progress: 13920/21424 updated. Current: 50 HARWICH ST
Progress: 13930/21424 updated. Current: 50 MAGNOLIA ST
Progress: 13940/21424 updated. Current: 50 OLIVER ST
Progress: 13950/21424 updated. Current: 50 REDDING ST
Progress: 13960/21424 updated. Current: 50 TREDEAU ST
Progress: 13970/21424 updated. Current: 50-52 ASHFORD ST
Progress: 13980/21424 updated. Current: 50-52 GREEN ST
Progress: 13990/21424 updated. Current: 50-52 KING ST
Progress: 14000/21424 updated. Current: 50-52 PLYMOUTH ST
Progress: 14010/21424 updated. Current: 50-52 WESTBOURNE PKWY
Progress: 14020/21424 updated. Current: 50-56 ALLEN PL, Unit CNDASC
Progress: 14030/21424 updated. Current: 50-56 ALLEN PL, Unit C5
Progress: 14040/21424 updated. Current: 50-56 ALLEN PL, Unit A10
Progress: 14050/21424 updated. Current: 50-56 ALLEN PL, Unit B8
Progress: 14060/21424 updated. Current: 500 BLUE HILLS AVE
Progress: 14070/21424 updated. Current: 500 WINDSOR ST
Progress: 14080/21424 updated. Current: 501-503 GARDEN ST
Progress: 14090/21424 updated. Current: 503-509 ALBANY AVE
Progress: 14100/21424 updated. Current: 506-508 PROSPECT AVE
Progress: 14110/21424 updated. Current: 51 AMITY ST
Progress: 14120/21424 updated. Current: 47 CONGRESS ST, Unit 047A
Progress: 14130/21424 updated. Current: 43 CONGRESS ST, Unit 043C
Progress: 14140/21424 updated. Current: 51 EASTVIEW ST
Progress: 14150/21424 updated. Current: 51 HARBISON AVE
Progress: 14160/21424 updated. Current: 51 MONTROSE ST
Progress: 14170/21424 updated. Current: 51 SOUTH WHITNEY ST
Progress: 14180/21424 updated. Current: 51 WEST SERVICE RD
Progress: 14190/21424 updated. Current: 51-53 BROOK ST
Progress: 14200/21424 updated. Current: 51-53 HUYSHOPE AVE
Progress: 14210/21424 updated. Current: 51-53 ROSEMONT ST
Progress: 14220/21424 updated. Current: 51-53 YALE ST
Progress: 14230/21424 updated. Current: 53 IMLAY ST
Progress: 14240/21424 updated. Current: 51 IMLAY ST
Progress: 14250/21424 updated. Current: 51 IMLAY ST
Progress: 14260/21424 updated. Current: 510-512 HILLSIDE AVE
Progress: 14270/21424 updated. Current: 515-517 FRANKLIN AVE
Progress: 14280/21424 updated. Current: 517-523 PARK ST, Unit B1
Progress: 14290/21424 updated. Current: 518-520 HILLSIDE AVE
Progress: 14300/21424 updated. Current: 52 COOLIDGE ST
Progress: 14310/21424 updated. Current: 52 FORSTER ST
Progress: 14320/21424 updated. Current: 52 IMLAY ST
Progress: 14330/21424 updated. Current: 52 RUSS ST
Progress: 14340/21424 updated. Current: 52 WARD PL
Progress: 14350/21424 updated. Current: 52-54 ATWOOD ST, Unit 003C
Progress: 14360/21424 updated. Current: 52-54 BODWELL ST
Progress: 14370/21424 updated. Current: 52-54 HEBRON ST
Progress: 14380/21424 updated. Current: 52-54 PERSHING ST
Progress: 14390/21424 updated. Current: 520 NEW BRITAIN AVE
Progress: 14400/21424 updated. Current: 522-524 HILLSIDE AVE
Progress: 14410/21424 updated. Current: 525-527 ZION ST
Progress: 14420/21424 updated. Current: 528 BROAD ST
Progress: 14430/21424 updated. Current: 53 BENTON ST
Progress: 14440/21424 updated. Current: 53 FRANKLIN AVE
Progress: 14450/21424 updated. Current: 53 LINCOLN ST
Progress: 14460/21424 updated. Current: 51 OSTEN BLVD, Unit CNDASC
Progress: 14470/21424 updated. Current: 53 SARGEANT ST
Progress: 14480/21424 updated. Current: 1400 BROAD ST
Progress: 14490/21424 updated. Current: 53 WEBSTER ST, Unit A1
Progress: 14500/21424 updated. Current: 53 WEBSTER ST, Unit B1
Progress: 14510/21424 updated. Current: 53-55 COLEBROOK ST
Progress: 14520/21424 updated. Current: 53-55 EVERGREEN AVE, Unit A1
Progress: 14530/21424 updated. Current: 53-55 FREEMAN ST
Progress: 14540/21424 updated. Current: 53-55 KENT ST
Progress: 14550/21424 updated. Current: 53-55 SHARON ST
Progress: 14560/21424 updated. Current: 59-61 NELSON ST, Unit 61B
Progress: 14570/21424 updated. Current: 53-59 HIGH ST, Unit 1
Progress: 14580/21424 updated. Current: 530 WETHERSFIELD AVE, Unit B6
Progress: 14590/21424 updated. Current: 530 WETHERSFIELD AVE, Unit A3
Progress: 14600/21424 updated. Current: 530 WETHERSFIELD AVE, Unit C6
Progress: 14610/21424 updated. Current: 530 WETHERSFIELD AVE, Unit B9
Progress: 14620/21424 updated. Current: 535-537 FRANKLIN AVE
Progress: 14630/21424 updated. Current: 539 FRANKLIN AVE
Progress: 14640/21424 updated. Current: 54 BATES ST
Progress: 14650/21424 updated. Current: 54 BURLINGTON ST
Progress: 14660/21424 updated. Current: 54 CLEVELAND AVE
Progress: 14670/21424 updated. Current: 54 GRANT ST
Progress: 14680/21424 updated. Current: 54 HUNTINGTON ST
Progress: 14690/21424 updated. Current: 54 PLINY ST
Progress: 14700/21424 updated. Current: 54 ROSLYN ST
Progress: 14710/21424 updated. Current: 54 WILBUR ST
Progress: 14720/21424 updated. Current: 54-56 BEDFORD ST
Progress: 14730/21424 updated. Current: 54-56 DOUGLAS ST
Progress: 14740/21424 updated. Current: 54-56 LINNMOORE ST
Progress: 14750/21424 updated. Current: 54-56 SOUTH ST
Progress: 14760/21424 updated. Current: 54-64 MARTIN ST
Progress: 14770/21424 updated. Current: 540 WINDSOR ST
Progress: 14780/21424 updated. Current: 544 PROSPECT AVE
Progress: 14790/21424 updated. Current: 546-548 BLUE HILLS AVE
Progress: 14800/21424 updated. Current: 55 ANDOVER ST
Progress: 14810/21424 updated. Current: 55 CABOT ST
Progress: 14820/21424 updated. Current: 55 EASTVIEW ST
Progress: 14830/21424 updated. Current: 55 FOREST ST
Progress: 14840/21424 updated. Current: 55 HAROLD ST
Progress: 14850/21424 updated. Current: 55 MONROE ST
Progress: 14860/21424 updated. Current: 55 SEQUIN ST
Progress: 14870/21424 updated. Current: 55 WAYLAND ST
Progress: 14880/21424 updated. Current: 55-57 BEDFORD ST
Progress: 14890/21424 updated. Current: 55-57 FISHFRY ST
Progress: 14900/21424 updated. Current: 55-57 MORRIS ST, Unit B3
Progress: 14910/21424 updated. Current: 55-57 MORRIS ST, Unit A5
Progress: 14920/21424 updated. Current: 55-57 MORRIS ST, Unit C8
Progress: 14930/21424 updated. Current: 55-57 TREMONT ST
Progress: 14940/21424 updated. Current: 27-37 HUGHES ST, Unit 37-02
Progress: 14950/21424 updated. Current: 9-21 HUGHES ST, Unit 0021
Progress: 14960/21424 updated. Current: 550 MAIN ST
Progress: 14970/21424 updated. Current: 553 BLUE HILLS AVE
Progress: 14980/21424 updated. Current: 555 FRANKLIN AVE
Progress: 14990/21424 updated. Current: 558 GARDEN ST
Progress: 15000/21424 updated. Current: 56-58 ATWOOD ST, Unit 003B
Progress: 15010/21424 updated. Current: 56 BOOTHBAY ST
Progress: 15020/21424 updated. Current: 56 EAST EUCLID ST
Progress: 15030/21424 updated. Current: 56 HARBISON AVE
Progress: 15040/21424 updated. Current: 56 NORTH BEACON ST
Progress: 15050/21424 updated. Current: 56 SCARBOROUGH ST
Progress: 15060/21424 updated. Current: 56 WHITNEY ST
Progress: 15070/21424 updated. Current: 56-58 ATWOOD ST, Unit 0A1C
Progress: 15080/21424 updated. Current: 56-58 KENNETH ST
Progress: 15090/21424 updated. Current: 56-58 OXFORD ST
Progress: 15100/21424 updated. Current: 561 WETHERSFIELD AVE
Progress: 15110/21424 updated. Current: 565 BLUE HILLS AVE
Progress: 15120/21424 updated. Current: 565-571 WINDSOR ST
Progress: 15130/21424 updated. Current: 569-583 FLATBUSH AVE
Progress: 15140/21424 updated. Current: 57 BURNHAM ST
Progress: 15150/21424 updated. Current: 57 GILLETT ST
Progress: 15160/21424 updated. Current: 57 HUNTINGTON ST, Unit 2B
Progress: 15170/21424 updated. Current: 57 HUNTINGTON ST, Unit 1A
Progress: 15180/21424 updated. Current: 57 LEIBERT RD
Progress: 15190/21424 updated. Current: 57 MORNINGSIDE ST WEST
Progress: 15200/21424 updated. Current: 57 SHERMAN ST
Progress: 15210/21424 updated. Current: 57 WOODSTOCK ST
Progress: 15220/21424 updated. Current: 57-59 CAMPFIELD AVE
Progress: 15230/21424 updated. Current: 57-59 EVERGREEN AVE, Unit A2
Progress: 15240/21424 updated. Current: 57-59 IRVING ST
Progress: 15250/21424 updated. Current: 57 MADISON ST, Unit CNDASC
Progress: 15260/21424 updated. Current: 57-59 OAKLAND TER, Unit 0002
Progress: 15270/21424 updated. Current: 57-59 WHITE ST
Progress: 15280/21424 updated. Current: 571 BROADVIEW TER
Progress: 15290/21424 updated. Current: 575-577 FRANKLIN AVE
Progress: 15300/21424 updated. Current: 578-580 BLUE HILLS AVE
Progress: 15310/21424 updated. Current: 58 BATES ST
Progress: 15320/21424 updated. Current: 58 BUCKINGHAM ST, Unit CNDASC
Progress: 15330/21424 updated. Current: 58 CHESTER ST
Progress: 15340/21424 updated. Current: 58 FRANCIS AVE
Progress: 15350/21424 updated. Current: 58 GRAFTON ST, Unit 0004
Progress: 15360/21424 updated. Current: 58 MONTOWESE ST
Progress: 15370/21424 updated. Current: 58 PROSPECT AVE
Progress: 15380/21424 updated. Current: 58 STONE ST
Progress: 15390/21424 updated. Current: 58-60 CHADWICK AVE
Progress: 15400/21424 updated. Current: 58-60 EVERGREEN AVE
Progress: 15410/21424 updated. Current: 58-60 MILFORD ST
Progress: 15420/21424 updated. Current: 58-60 STONINGTON ST
Progress: 15430/21424 updated. Current: 580 WINDSOR ST
Progress: 15440/21424 updated. Current: 583-585 BLUE HILLS AVE
Progress: 15450/21424 updated. Current: 585-593 PARK ST
Progress: 15460/21424 updated. Current: 59 ASHLEY ST
Progress: 15470/21424 updated. Current: 59 EAST EUCLID ST
Progress: 15480/21424 updated. Current: 59 GOSHEN ST
Progress: 15490/21424 updated. Current: 59 MARION ST
Progress: 15500/21424 updated. Current: 59 SAINT MONICA AVE
Progress: 15510/21424 updated. Current: 59 SUMNER ST, Unit 301
Progress: 15520/21424 updated. Current: 59 SUMNER ST, Unit 407
Progress: 15530/21424 updated. Current: 59 SUMNER ST, Unit 201
Progress: 15540/21424 updated. Current: 59 SUMNER ST, Unit 403
Progress: 15550/21424 updated. Current: 59 TOWER AVE
Progress: 15560/21424 updated. Current: 59 WEBSTER ST, Unit B7
Progress: 15570/21424 updated. Current: 59 WEBSTER ST, Unit C2
Progress: 15580/21424 updated. Current: 59 WEBSTER ST, Unit B4
Progress: 15590/21424 updated. Current: 59-61 CATHERINE ST
Progress: 15600/21424 updated. Current: 53-57 NELSON ST, Unit 55G
Progress: 15610/21424 updated. Current: 53-57 NELSON ST, Unit CNDASC
Progress: 15620/21424 updated. Current: 59-61 TREMONT ST
Progress: 15630/21424 updated. Current: 59-69 BULKELEY AVE, Unit B2
Progress: 15640/21424 updated. Current: 59-69 BULKELEY AVE, Unit A4
Progress: 15650/21424 updated. Current: 591 BROADVIEW TER
Progress: 15660/21424 updated. Current: 593-601 BROAD ST
Progress: 15670/21424 updated. Current: 596 BROADVIEW TER
Progress: 15680/21424 updated. Current: 597-607 BLUE HILLS AVE
Progress: 15690/21424 updated. Current: 6 BRANFORD ST
Progress: 15700/21424 updated. Current: 6 FALES ST
Progress: 15710/21424 updated. Current: 6 NORFOLK ST
Progress: 15720/21424 updated. Current: 6-8 AUBURN ST
Progress: 15730/21424 updated. Current: 6-8 MORTSON ST
Progress: 15740/21424 updated. Current: 6 ATWOOD ST, Unit CNDASC
Progress: 15750/21424 updated. Current: 60 CHARTER OAK AVE
Progress: 15760/21424 updated. Current: 60 EAST BURNHAM ST
Progress: 15770/21424 updated. Current: 60 FOREST ST
Progress: 15780/21424 updated. Current: 60 GRANT ST
Progress: 15790/21424 updated. Current: 60 MORNINGSIDE ST WEST
Progress: 15800/21424 updated. Current: 60 NILES ST, Unit CNDASC
Progress: 15810/21424 updated. Current: 60 REDDING ST
Progress: 15820/21424 updated. Current: 60 TREDEAU ST
Progress: 15830/21424 updated. Current: 101 HUYSHOPE AVE, Unit 001B
Progress: 15840/21424 updated. Current: 72-74 VAN BLOCK AVE, Unit 007E
Progress: 15850/21424 updated. Current: 60 WESTBROOK ST
Progress: 15860/21424 updated. Current: 60-62 EAST ST
Progress: 15870/21424 updated. Current: 60-62 JUDSON ST
Progress: 15880/21424 updated. Current: 60-62 NILES ST, Unit 00A6
Progress: 15890/21424 updated. Current: 60-66 MAIN ST
Progress: 15900/21424 updated. Current: 600 WETHERSFIELD AVE
Progress: 15910/21424 updated. Current: 602-606 ZION ST
Progress: 15920/21424 updated. Current: 605-621 ALBANY AVE
Progress: 15930/21424 updated. Current: 608-610 ZION ST
Progress: 15940/21424 updated. Current: 61 CROMWELL ST
Progress: 15950/21424 updated. Current: 61 EVERGREEN AVE, Unit B1
Progress: 15960/21424 updated. Current: 61 FISHFRY ST
Progress: 15970/21424 updated. Current: 61 IMLAY ST, Unit 3
Progress: 15980/21424 updated. Current: 61 IMLAY ST, Unit 17
Progress: 15990/21424 updated. Current: 61 IMLAY ST, Unit 18
Progress: 16000/21424 updated. Current: 61 NEWFIELD AVE
Progress: 16010/21424 updated. Current: 61 SHERMAN ST
Progress: 16020/21424 updated. Current: 61 WESTBROOK ST
Progress: 16030/21424 updated. Current: 61 WILLARD ST, Unit 307
Progress: 16040/21424 updated. Current: 61 WILLARD ST, Unit 306
Progress: 16050/21424 updated. Current: 61 YALE ST
Progress: 16060/21424 updated. Current: 61-63 BURNHAM ST
Progress: 16070/21424 updated. Current: 61-63 ELLIOTT ST
Progress: 16080/21424 updated. Current: 61-63 PERSHING ST
Progress: 16090/21424 updated. Current: 610 LEIBERT RD
Progress: 16100/21424 updated. Current: 612 CAPITOL AVE
Progress: 16110/21424 updated. Current: 615-621 FRANKLIN AVE
Progress: 16120/21424 updated. Current: 618-620 FRANKLIN AVE
Progress: 16130/21424 updated. Current: 62 BANNISTER ST
Progress: 16140/21424 updated. Current: 62 EASTVIEW ST
Progress: 16150/21424 updated. Current: 62 HARWICH ST
Progress: 16160/21424 updated. Current: 62 MONROE ST
Progress: 16170/21424 updated. Current: 62 WILLARD ST
Progress: 16180/21424 updated. Current: 62-64 CAPEN ST
Progress: 16190/21424 updated. Current: 62-64 JAMES ST
Progress: 16200/21424 updated. Current: 62-64 ROWE AVE
Progress: 16210/21424 updated. Current: 62-64 VICTORIA RD
Progress: 16220/21424 updated. Current: 622 BROADVIEW TER
Progress: 16230/21424 updated. Current: 624-630 BLUE HILLS AVE
Progress: 16240/21424 updated. Current: 629-633 PARK ST
Progress: 16250/21424 updated. Current: 63 BRISTOL ST
Progress: 16260/21424 updated. Current: 63 EAST MORNINGSIDE ST
Progress: 16270/21424 updated. Current: 63 HUNTINGTON ST, Unit 3A
Progress: 16280/21424 updated. Current: 63 HUNTINGTON ST, Unit 1D
Progress: 16290/21424 updated. Current: 63 HUNTINGTON ST, Unit 3G
Progress: 16300/21424 updated. Current: 63 NEPAUG ST
Progress: 16310/21424 updated. Current: 63 SIMPSON ST
Progress: 16320/21424 updated. Current: 63-65 BONNER ST
Progress: 16330/21424 updated. Current: 63-65 EVERGREEN AVE
Progress: 16340/21424 updated. Current: 63-65 MAHL AVE
Progress: 16350/21424 updated. Current: 63-65 SISSON AVE
Progress: 16360/21424 updated. Current: 630 LEIBERT RD
Progress: 16370/21424 updated. Current: 632-634 TOWER AVE
Progress: 16380/21424 updated. Current: 637 HILLSIDE AVE
Progress: 16390/21424 updated. Current: 638-640 WETHERSFIELD AVE
Progress: 16400/21424 updated. Current: 64 CAMPFIELD AVE
Progress: 16410/21424 updated. Current: 64-66 CONGRESS ST, Unit 0402
Progress: 16420/21424 updated. Current: 64 GOODRICH ST
Progress: 16430/21424 updated. Current: 64 NATICK ST
Progress: 16440/21424 updated. Current: 64 WARD PL
Progress: 16450/21424 updated. Current: 64-66 BABCOCK ST
Progress: 16460/21424 updated. Current: 64-66 GRANT ST
Progress: 16470/21424 updated. Current: 64-66 MORRIS ST, Unit 101
Progress: 16480/21424 updated. Current: 64-66 TOWER AVE
Progress: 16490/21424 updated. Current: 641-643 NEW BRITAIN AVE
Progress: 16500/21424 updated. Current: 645 FARMINGTON AVE
Progress: 16510/21424 updated. Current: 647-653 BLUE HILLS AVE
Progress: 16520/21424 updated. Current: 65 CATHERINE ST
Progress: 16530/21424 updated. Current: 65 ELMER ST
Progress: 16540/21424 updated. Current: 65 HENDRICXSEN AVE
Progress: 16550/21424 updated. Current: 65 MORNINGSIDE ST WEST
Progress: 16560/21424 updated. Current: 65 STAFFORD ST
Progress: 16570/21424 updated. Current: 65 SUMNER ST, Unit 205
Progress: 16580/21424 updated. Current: 65 SUMNER ST, Unit 409
Progress: 16590/21424 updated. Current: 65 SUMNER ST, Unit 204
Progress: 16600/21424 updated. Current: 65 VINELAND TER
