[2026-01-27 13:37:57] Starting data update process...
[2026-01-27 13:37:57] Settings: Parallel Municipalities=8, Force Reprocess=False
[2026-01-27 13:37:57] Database connection successful.
[2026-01-27 13:37:57] Ensured property_processing_log table exists for resumability.
[2026-01-27 13:37:57] Scraping https://www.vgsi.com/connecticut-online-database/ for municipalities...
[2026-01-27 13:37:57] Found 90 municipalities on the Vision Appraisal site.
[2026-01-27 13:37:57] Added custom data source municipality: HARTFORD (ct_geodata_csv)
[2026-01-27 13:37:57] Added custom data source municipality: ANSONIA (PROPERTYRECORDCARDS)
[2026-01-27 13:37:57] Added custom data source municipality: BEACON FALLS (MAPXPRESS)
[2026-01-27 13:37:57] Added custom data source municipality: BETHANY (PROPERTYRECORDCARDS)
[2026-01-27 13:37:57] Added custom data source municipality: CHESHIRE (PROPERTYRECORDCARDS)
[2026-01-27 13:37:57] Added custom data source municipality: COLCHESTER (MAPXPRESS)
[2026-01-27 13:37:57] Added custom data source municipality: DERBY (PROPERTYRECORDCARDS)
[2026-01-27 13:37:57] Added custom data source municipality: EAST HAVEN (PROPERTYRECORDCARDS)
[2026-01-27 13:37:57] Added custom data source municipality: FARMINGTON (PROPERTYRECORDCARDS)
[2026-01-27 13:37:57] Added custom data source municipality: LITCHFIELD (MAPXPRESS)
[2026-01-27 13:37:57] Added custom data source municipality: NAUGATUCK (PROPERTYRECORDCARDS)
[2026-01-27 13:37:57] Added custom data source municipality: OXFORD (PROPERTYRECORDCARDS)
[2026-01-27 13:37:57] Added custom data source municipality: PLAINVILLE (PROPERTYRECORDCARDS)
[2026-01-27 13:37:57] Added custom data source municipality: SEYMOUR (PROPERTYRECORDCARDS)
[2026-01-27 13:37:57] Added custom data source municipality: SUFFIELD (PROPERTYRECORDCARDS)
[2026-01-27 13:37:57] Added custom data source municipality: ASHFORD (PROPERTYRECORDCARDS)
[2026-01-27 13:37:57] Added custom data source municipality: BOZRAH (PROPERTYRECORDCARDS)
[2026-01-27 13:37:57] Added custom data source municipality: CANAAN (PROPERTYRECORDCARDS)
[2026-01-27 13:37:57] Added custom data source municipality: CHESTER (PROPERTYRECORDCARDS)
[2026-01-27 13:37:57] Added custom data source municipality: COLEBROOK (PROPERTYRECORDCARDS)
[2026-01-27 13:37:57] Added custom data source municipality: COLUMBIA (PROPERTYRECORDCARDS)
[2026-01-27 13:37:57] Added custom data source municipality: DANBURY (ct_geodata_csv)
[2026-01-27 13:37:57] Added custom data source municipality: DURHAM (PROPERTYRECORDCARDS)
[2026-01-27 13:37:57] Added custom data source municipality: EAST HAMPTON (ct_geodata_csv)
[2026-01-27 13:37:57] Added custom data source municipality: EASTFORD (PROPERTYRECORDCARDS)
[2026-01-27 13:37:57] Added custom data source municipality: EASTON (PROPERTYRECORDCARDS)
[2026-01-27 13:37:57] Added custom data source municipality: ELLINGTON (PROPERTYRECORDCARDS)
[2026-01-27 13:37:57] Added custom data source municipality: FRANKLIN (PROPERTYRECORDCARDS)
[2026-01-27 13:37:57] Added custom data source municipality: GUILFORD (PROPERTYRECORDCARDS)
[2026-01-27 13:37:57] Added custom data source municipality: HADDAM (PROPERTYRECORDCARDS)
[2026-01-27 13:37:57] Added custom data source municipality: HEBRON (PROPERTYRECORDCARDS)
[2026-01-27 13:37:57] Added custom data source municipality: KILLINGLY (PROPERTYRECORDCARDS)
[2026-01-27 13:37:57] Added custom data source municipality: KILLINGWORTH (PROPERTYRECORDCARDS)
[2026-01-27 13:37:57] Added custom data source municipality: MARLBOROUGH (PROPERTYRECORDCARDS)
[2026-01-27 13:37:57] Added custom data source municipality: MONTVILLE (PROPERTYRECORDCARDS)
[2026-01-27 13:37:57] Added custom data source municipality: NEW CANAAN (PROPERTYRECORDCARDS)
[2026-01-27 13:37:57] Added custom data source municipality: NEWINGTON (PROPERTYRECORDCARDS)
[2026-01-27 13:37:57] Added custom data source municipality: NORFOLK (PROPERTYRECORDCARDS)
[2026-01-27 13:37:57] Added custom data source municipality: NORTH CANAAN (PROPERTYRECORDCARDS)
[2026-01-27 13:37:57] Added custom data source municipality: NORTH HAVEN (PROPERTYRECORDCARDS)
[2026-01-27 13:37:57] Added custom data source municipality: NORTH STONINGTON (PROPERTYRECORDCARDS)
[2026-01-27 13:37:57] Added custom data source municipality: PLYMOUTH (PROPERTYRECORDCARDS)
[2026-01-27 13:37:57] Added custom data source municipality: PROSPECT (PROPERTYRECORDCARDS)
[2026-01-27 13:37:57] Added custom data source municipality: RIDGEFIELD (PROPERTYRECORDCARDS)
[2026-01-27 13:37:57] Added custom data source municipality: ROCKY HILL (PROPERTYRECORDCARDS)
[2026-01-27 13:37:57] Added custom data source municipality: ROXBURY (PROPERTYRECORDCARDS)
[2026-01-27 13:37:57] Added custom data source municipality: SCOTLAND (PROPERTYRECORDCARDS)
[2026-01-27 13:37:57] Added custom data source municipality: SHELTON (ct_geodata_csv)
[2026-01-27 13:37:57] Added custom data source municipality: SHERMAN (PROPERTYRECORDCARDS)
[2026-01-27 13:37:57] Added custom data source municipality: SIMSBURY (PROPERTYRECORDCARDS)
[2026-01-27 13:37:57] Added custom data source municipality: TORRINGTON (ct_geodata_csv)
[2026-01-27 13:37:57] Added custom data source municipality: VOLUNTOWN (PROPERTYRECORDCARDS)
[2026-01-27 13:37:57] Added custom data source municipality: WARREN (PROPERTYRECORDCARDS)
[2026-01-27 13:37:57] Added custom data source municipality: WASHINGTON (PROPERTYRECORDCARDS)
[2026-01-27 13:37:57] Added custom data source municipality: WATERBURY (ct_geodata_csv)
[2026-01-27 13:37:57] Added custom data source municipality: WATERTOWN (PROPERTYRECORDCARDS)
[2026-01-27 13:37:57] Added custom data source municipality: WESTON (PROPERTYRECORDCARDS)
[2026-01-27 13:37:57] Added custom data source municipality: WILTON (PROPERTYRECORDCARDS)
[2026-01-27 13:37:57] Added custom data source municipality: WINDSOR LOCKS (PROPERTYRECORDCARDS)
[2026-01-27 13:37:57] Added custom data source municipality: WOODBRIDGE (PROPERTYRECORDCARDS)
[2026-01-27 13:37:57] Added custom data source municipality: WOODBURY (PROPERTYRECORDCARDS)
[2026-01-27 13:37:57] Added custom data source municipality: GREENWICH (ct_geodata_csv)
[2026-01-27 13:37:57] Added custom data source municipality: EAST HARTFORD (ct_geodata_csv)
[2026-01-27 13:37:57] Added custom data source municipality: CROMWELL (ct_geodata_csv)
[2026-01-27 13:37:57] Added custom data source municipality: GROTON (ct_geodata_csv)
[2026-01-27 13:37:57] --- Job Queue: 1 municipalities to process ---
[2026-01-27 13:37:57]   - WEST HARTFORD (updated: 2026-01-27) [vision_appraisal]
[2026-01-27 13:37:57] ---------------------------------------------------

[2026-01-27 13:37:57] Setup complete. Closed main DB connection. Starting worker pool.
[2026-01-27 13:37:57] WORKER_START: Starting job for WEST HARTFORD
[2026-01-27 13:37:57] Submitted 1 municipality jobs to the thread pool with 8 workers...
[2026-01-27 13:37:57] Database connection successful.
[2026-01-27 13:37:57] --- Processing municipality: WEST HARTFORD (Force=False) ---
[2026-01-27 13:37:57]   -> Data Source Last Updated: 2026-01-27. Normal update mode.
[2026-01-27 13:37:57] Found 0 unprocessed properties in WEST HARTFORD.
[2026-01-27 13:37:57] No properties to process for WEST HARTFORD.
[2026-01-27 13:37:57] WORKER_DONE: Finished job for WEST HARTFORD. Updated 0 properties.
[2026-01-27 13:37:57] WORKER_CLEANUP: Closed DB connection for WEST HARTFORD.
[2026-01-27 13:37:57] COMPLETED: [1/1] Job for WEST HARTFORD finished, returned 0 updates.
[2026-01-27 13:37:57] 
--- PROCESS COMPLETE ---
[2026-01-27 13:37:57] Updated 0 total all properties across 1 municipalities.
[2026-01-27 13:37:57] Script finished.
