[2026-01-27 15:11:15] Starting data update process...
[2026-01-27 15:11:15] Settings: Parallel Municipalities=8, Force Reprocess=True
[2026-01-27 15:11:15] Database connection successful.
[2026-01-27 15:11:15] Ensured property_processing_log table exists for resumability.
[2026-01-27 15:11:15] Scraping https://www.vgsi.com/connecticut-online-database/ for municipalities...
[2026-01-27 15:11:15] Found 90 municipalities on the Vision Appraisal site.
[2026-01-27 15:11:15] Added custom data source municipality: HARTFORD (ct_geodata_csv)
[2026-01-27 15:11:15] Added custom data source municipality: ANSONIA (PROPERTYRECORDCARDS)
[2026-01-27 15:11:15] Added custom data source municipality: BEACON FALLS (MAPXPRESS)
[2026-01-27 15:11:15] Added custom data source municipality: BETHANY (PROPERTYRECORDCARDS)
[2026-01-27 15:11:15] Added custom data source municipality: CHESHIRE (PROPERTYRECORDCARDS)
[2026-01-27 15:11:15] Added custom data source municipality: COLCHESTER (MAPXPRESS)
[2026-01-27 15:11:15] Added custom data source municipality: DERBY (PROPERTYRECORDCARDS)
[2026-01-27 15:11:15] Added custom data source municipality: EAST HAVEN (PROPERTYRECORDCARDS)
[2026-01-27 15:11:15] Added custom data source municipality: FARMINGTON (PROPERTYRECORDCARDS)
[2026-01-27 15:11:15] Added custom data source municipality: LITCHFIELD (MAPXPRESS)
[2026-01-27 15:11:15] Added custom data source municipality: NAUGATUCK (PROPERTYRECORDCARDS)
[2026-01-27 15:11:15] Added custom data source municipality: OXFORD (PROPERTYRECORDCARDS)
[2026-01-27 15:11:15] Added custom data source municipality: PLAINVILLE (PROPERTYRECORDCARDS)
[2026-01-27 15:11:15] Added custom data source municipality: SEYMOUR (PROPERTYRECORDCARDS)
[2026-01-27 15:11:15] Added custom data source municipality: SUFFIELD (PROPERTYRECORDCARDS)
[2026-01-27 15:11:15] Added custom data source municipality: ASHFORD (PROPERTYRECORDCARDS)
[2026-01-27 15:11:15] Added custom data source municipality: BOZRAH (PROPERTYRECORDCARDS)
[2026-01-27 15:11:15] Added custom data source municipality: CANAAN (PROPERTYRECORDCARDS)
[2026-01-27 15:11:15] Added custom data source municipality: CHESTER (PROPERTYRECORDCARDS)
[2026-01-27 15:11:15] Added custom data source municipality: COLEBROOK (PROPERTYRECORDCARDS)
[2026-01-27 15:11:15] Added custom data source municipality: COLUMBIA (PROPERTYRECORDCARDS)
[2026-01-27 15:11:15] Added custom data source municipality: DANBURY (ct_geodata_csv)
[2026-01-27 15:11:15] Added custom data source municipality: DURHAM (PROPERTYRECORDCARDS)
[2026-01-27 15:11:15] Added custom data source municipality: EAST HAMPTON (ct_geodata_csv)
[2026-01-27 15:11:15] Added custom data source municipality: EASTFORD (PROPERTYRECORDCARDS)
[2026-01-27 15:11:15] Added custom data source municipality: EASTON (PROPERTYRECORDCARDS)
[2026-01-27 15:11:15] Added custom data source municipality: ELLINGTON (PROPERTYRECORDCARDS)
[2026-01-27 15:11:15] Added custom data source municipality: FRANKLIN (PROPERTYRECORDCARDS)
[2026-01-27 15:11:15] Added custom data source municipality: GUILFORD (PROPERTYRECORDCARDS)
[2026-01-27 15:11:15] Added custom data source municipality: HADDAM (PROPERTYRECORDCARDS)
[2026-01-27 15:11:15] Added custom data source municipality: HEBRON (PROPERTYRECORDCARDS)
[2026-01-27 15:11:15] Added custom data source municipality: KILLINGLY (PROPERTYRECORDCARDS)
[2026-01-27 15:11:15] Added custom data source municipality: KILLINGWORTH (PROPERTYRECORDCARDS)
[2026-01-27 15:11:15] Added custom data source municipality: MARLBOROUGH (PROPERTYRECORDCARDS)
[2026-01-27 15:11:15] Added custom data source municipality: MONTVILLE (PROPERTYRECORDCARDS)
[2026-01-27 15:11:15] Added custom data source municipality: NEW CANAAN (PROPERTYRECORDCARDS)
[2026-01-27 15:11:15] Added custom data source municipality: NEWINGTON (PROPERTYRECORDCARDS)
[2026-01-27 15:11:15] Added custom data source municipality: NORFOLK (PROPERTYRECORDCARDS)
[2026-01-27 15:11:15] Added custom data source municipality: NORTH CANAAN (PROPERTYRECORDCARDS)
[2026-01-27 15:11:15] Added custom data source municipality: NORTH HAVEN (PROPERTYRECORDCARDS)
[2026-01-27 15:11:15] Added custom data source municipality: NORTH STONINGTON (PROPERTYRECORDCARDS)
[2026-01-27 15:11:15] Added custom data source municipality: PLYMOUTH (PROPERTYRECORDCARDS)
[2026-01-27 15:11:15] Added custom data source municipality: PROSPECT (PROPERTYRECORDCARDS)
[2026-01-27 15:11:15] Added custom data source municipality: RIDGEFIELD (PROPERTYRECORDCARDS)
[2026-01-27 15:11:15] Added custom data source municipality: ROCKY HILL (PROPERTYRECORDCARDS)
[2026-01-27 15:11:15] Added custom data source municipality: ROXBURY (PROPERTYRECORDCARDS)
[2026-01-27 15:11:15] Added custom data source municipality: SCOTLAND (PROPERTYRECORDCARDS)
[2026-01-27 15:11:15] Added custom data source municipality: SHELTON (ct_geodata_csv)
[2026-01-27 15:11:15] Added custom data source municipality: SHERMAN (PROPERTYRECORDCARDS)
[2026-01-27 15:11:15] Added custom data source municipality: SIMSBURY (PROPERTYRECORDCARDS)
[2026-01-27 15:11:15] Added custom data source municipality: TORRINGTON (ct_geodata_csv)
[2026-01-27 15:11:15] Added custom data source municipality: VOLUNTOWN (PROPERTYRECORDCARDS)
[2026-01-27 15:11:15] Added custom data source municipality: WARREN (PROPERTYRECORDCARDS)
[2026-01-27 15:11:15] Added custom data source municipality: WASHINGTON (PROPERTYRECORDCARDS)
[2026-01-27 15:11:15] Added custom data source municipality: WATERBURY (ct_geodata_csv)
[2026-01-27 15:11:15] Added custom data source municipality: WATERTOWN (PROPERTYRECORDCARDS)
[2026-01-27 15:11:15] Added custom data source municipality: WESTON (PROPERTYRECORDCARDS)
[2026-01-27 15:11:15] Added custom data source municipality: WILTON (PROPERTYRECORDCARDS)
[2026-01-27 15:11:15] Added custom data source municipality: WINDSOR LOCKS (PROPERTYRECORDCARDS)
[2026-01-27 15:11:15] Added custom data source municipality: WOODBRIDGE (PROPERTYRECORDCARDS)
[2026-01-27 15:11:15] Added custom data source municipality: WOODBURY (PROPERTYRECORDCARDS)
[2026-01-27 15:11:15] Added custom data source municipality: GREENWICH (ct_geodata_csv)
[2026-01-27 15:11:15] Added custom data source municipality: EAST HARTFORD (ct_geodata_csv)
[2026-01-27 15:11:15] Added custom data source municipality: CROMWELL (ct_geodata_csv)
[2026-01-27 15:11:15] Added custom data source municipality: GROTON (ct_geodata_csv)
[2026-01-27 15:11:15] --- Job Queue: 1 municipalities to process ---
[2026-01-27 15:11:15]   - WINCHESTER (updated: 2026-01-27) [vision_appraisal]
[2026-01-27 15:11:15] ---------------------------------------------------

[2026-01-27 15:11:15] Setup complete. Closed main DB connection. Starting worker pool.
[2026-01-27 15:11:15] WORKER_START: Starting job for WINCHESTER
[2026-01-27 15:11:15] Submitted 1 municipality jobs to the thread pool with 8 workers...
[2026-01-27 15:11:16] Database connection successful.
[2026-01-27 15:11:16] --- Processing municipality: WINCHESTER (Force=True) ---
[2026-01-27 15:11:16]   -> Data Source Last Updated: 2026-01-27. Normal update mode.
[2026-01-27 15:11:16] Found 7327 all (force) properties in WINCHESTER.
[2026-01-27 15:11:16] Total to process: 7327. Direct URL Mode: 0. Full Scrape Mode: 7327.
[2026-01-27 15:11:16]   -> Starting SLOW PATH: Full street scrape required for 7327 properties...
[2026-01-27 15:11:16]   -> Fetching street index for WINCHESTER...
[2026-01-27 15:11:16]   -> Found 22 letter pages to scan for WINCHESTER.
[2026-01-27 15:11:16]   -> discovering streets across 22 letters in parallel...
[2026-01-27 15:11:17]   -> Total streets discovered: 262. Starting massive parallel scrape...
[2026-01-27 15:11:42]   -> [Progress] Scraped 50/262 streets...
[2026-01-27 15:12:22]   -> [Progress] Scraped 100/262 streets...
[2026-01-27 15:12:51]   -> [Progress] Scraped 150/262 streets...
[2026-01-27 15:13:22]   -> [Progress] Scraped 200/262 streets...
[2026-01-27 15:13:52]   -> [Progress] Scraped 250/262 streets...
[2026-01-27 15:14:16]   -> Scraped 5055 properties total for WINCHESTER.
[2026-01-27 15:14:16]   -> SLOW PATH: Matching 7327 DB properties against 5055 scraped results...
[2026-01-27 15:14:17]     -> Matched 100/7327, updated 100 so far...
[2026-01-27 15:14:17]     -> Matched 200/7327, updated 200 so far...
[2026-01-27 15:14:17]     -> Matched 300/7327, updated 300 so far...
[2026-01-27 15:14:18]     -> Matched 400/7327, updated 400 so far...
[2026-01-27 15:14:18]     -> Matched 500/7327, updated 500 so far...
[2026-01-27 15:14:18]     -> Matched 600/7327, updated 600 so far...
[2026-01-27 15:14:18]     -> Matched 700/7327, updated 700 so far...
[2026-01-27 15:14:19]     -> Matched 800/7327, updated 800 so far...
[2026-01-27 15:14:19]     -> Matched 900/7327, updated 900 so far...
[2026-01-27 15:14:19]     -> Matched 1000/7327, updated 1000 so far...
[2026-01-27 15:14:19]     -> Matched 1100/7327, updated 1100 so far...
[2026-01-27 15:14:20]     -> Matched 1200/7327, updated 1200 so far...
[2026-01-27 15:14:20]     -> Matched 1300/7327, updated 1300 so far...
[2026-01-27 15:14:20]     -> Matched 1400/7327, updated 1400 so far...
[2026-01-27 15:14:21]     -> Matched 1500/7327, updated 1500 so far...
[2026-01-27 15:14:21]     -> Matched 1600/7327, updated 1600 so far...
[2026-01-27 15:14:21]     -> Matched 1700/7327, updated 1700 so far...
[2026-01-27 15:14:21]     -> Matched 1800/7327, updated 1800 so far...
[2026-01-27 15:14:22]     -> Matched 1900/7327, updated 1900 so far...
[2026-01-27 15:14:22]     -> Matched 2000/7327, updated 2000 so far...
[2026-01-27 15:14:22]     -> Matched 2100/7327, updated 2100 so far...
[2026-01-27 15:14:23]     -> Matched 2200/7327, updated 2200 so far...
[2026-01-27 15:14:23]     -> Matched 2300/7327, updated 2300 so far...
[2026-01-27 15:14:23]     -> Matched 2400/7327, updated 2400 so far...
[2026-01-27 15:14:23]     -> Matched 2500/7327, updated 2500 so far...
[2026-01-27 15:14:24]     -> Matched 2600/7327, updated 2600 so far...
[2026-01-27 15:14:24]     -> Matched 2700/7327, updated 2700 so far...
[2026-01-27 15:14:25]     -> Matched 2800/7327, updated 2800 so far...
[2026-01-27 15:14:25]     -> Matched 2900/7327, updated 2900 so far...
[2026-01-27 15:14:25]     -> Matched 3000/7327, updated 3000 so far...
[2026-01-27 15:14:25]     -> Matched 3100/7327, updated 3100 so far...
[2026-01-27 15:14:26]     -> Matched 3200/7327, updated 3200 so far...
[2026-01-27 15:14:26]     -> Matched 3300/7327, updated 3300 so far...
[2026-01-27 15:14:26]     -> Matched 3400/7327, updated 3400 so far...
[2026-01-27 15:14:26]     -> Matched 3500/7327, updated 3500 so far...
[2026-01-27 15:14:27]     -> Matched 3600/7327, updated 3600 so far...
[2026-01-27 15:14:27]     -> Matched 3700/7327, updated 3700 so far...
[2026-01-27 15:14:27]     -> Matched 3800/7327, updated 3798 so far...
[2026-01-27 15:14:28]     -> Matched 3900/7327, updated 3898 so far...
[2026-01-27 15:14:28]     -> Matched 4000/7327, updated 3998 so far...
[2026-01-27 15:14:28]     -> Matched 4100/7327, updated 4098 so far...
[2026-01-27 15:14:29]     -> Matched 4200/7327, updated 4198 so far...
[2026-01-27 15:14:29]     -> Matched 4300/7327, updated 4298 so far...
[2026-01-27 15:14:29]     -> Matched 4400/7327, updated 4398 so far...
[2026-01-27 15:14:30]     -> Matched 4500/7327, updated 4498 so far...
[2026-01-27 15:14:30]     -> Matched 4600/7327, updated 4598 so far...
[2026-01-27 15:14:30]     -> Matched 4700/7327, updated 4698 so far...
[2026-01-27 15:14:30]     -> Matched 4800/7327, updated 4798 so far...
[2026-01-27 15:14:31]     -> Matched 4900/7327, updated 4898 so far...
[2026-01-27 15:14:31]     -> Matched 5000/7327, updated 4988 so far...
[2026-01-27 15:14:31]     -> Matched 5100/7327, updated 5088 so far...
[2026-01-27 15:14:32]     -> Matched 5200/7327, updated 5188 so far...
[2026-01-27 15:14:32]     -> Matched 5300/7327, updated 5288 so far...
[2026-01-27 15:14:32]     -> Matched 5400/7327, updated 5388 so far...
[2026-01-27 15:14:33]     -> Matched 5500/7327, updated 5488 so far...
[2026-01-27 15:14:33]     -> Matched 5600/7327, updated 5588 so far...
[2026-01-27 15:14:33]     -> Matched 5700/7327, updated 5688 so far...
[2026-01-27 15:14:33]     -> Matched 5800/7327, updated 5788 so far...
[2026-01-27 15:14:34]     -> Matched 5900/7327, updated 5888 so far...
[2026-01-27 15:14:34]     -> Matched 6000/7327, updated 5988 so far...
[2026-01-27 15:14:34]     -> Matched 6100/7327, updated 6088 so far...
[2026-01-27 15:14:35]     -> Matched 6200/7327, updated 6188 so far...
[2026-01-27 15:14:35]     -> Matched 6300/7327, updated 6288 so far...
[2026-01-27 15:14:35]     -> Matched 6400/7327, updated 6388 so far...
[2026-01-27 15:14:35]     -> Matched 6500/7327, updated 6488 so far...
[2026-01-27 15:14:36]     -> Matched 6600/7327, updated 6588 so far...
[2026-01-27 15:14:36]     -> Matched 6700/7327, updated 6688 so far...
[2026-01-27 15:14:36]     -> Matched 6800/7327, updated 6788 so far...
[2026-01-27 15:14:36]     -> Matched 6900/7327, updated 6888 so far...
[2026-01-27 15:14:37]     -> Matched 7000/7327, updated 6988 so far...
[2026-01-27 15:14:37]     -> Matched 7100/7327, updated 7088 so far...
[2026-01-27 15:14:37]     -> Matched 7200/7327, updated 7188 so far...
[2026-01-27 15:14:38]     -> Matched 7300/7327, updated 7288 so far...
[2026-01-27 15:14:38]   -> SLOW PATH complete. Updated 7315 properties (and populated their URLs).
[2026-01-27 15:14:38]   -> Finalizing: Marking all 7327 properties as processed for today.
[2026-01-27 15:14:53] Finished WINCHESTER. Total Updated: 7315 of 7327 properties.
[2026-01-27 15:14:53] WORKER_DONE: Finished job for WINCHESTER. Updated 7315 properties.
[2026-01-27 15:14:53] WORKER_CLEANUP: Closed DB connection for WINCHESTER.
[2026-01-27 15:14:53] COMPLETED: [1/1] Job for WINCHESTER finished, returned 7315 updates.
[2026-01-27 15:14:53] 
--- PROCESS COMPLETE ---
[2026-01-27 15:14:53] Updated 7315 total all properties across 1 municipalities.
[2026-01-27 15:14:53] Script finished.
