2026-01-30 01:04:45,611 - INFO - Comprehensive Property Updater & Enrichment Service Starting
2026-01-30 01:04:45,612 - INFO - Scheduled jobs:
2026-01-30 01:04:45,612 - INFO -   - Priority Data Enrichment: 1:00 AM daily
2026-01-30 01:04:45,612 - INFO -   - 'Current Owner' Cleanup: 4:00 AM daily
2026-01-30 01:04:45,612 - INFO -   - Weekly Full Refresh: Sunday 12:00 AM
2026-01-30 01:04:45,612 - INFO - Running initial priority scan...
2026-01-30 01:04:45,612 - INFO - ================================================================================
2026-01-30 01:04:45,612 - INFO - Starting Priority Property Enrichment (Data Debt Mode)
2026-01-30 01:04:45,612 - INFO - ================================================================================
2026-01-30 01:04:46,606 - INFO - 🚀 Starting Network Refresh (Depth=4, DryRun=False)
2026-01-30 01:04:46,616 - INFO - ✅ Database connection successful.
2026-01-30 01:04:46,616 - INFO - Setting up shadow tables...
2026-01-30 01:04:46,685 - INFO - Shadow tables ready.
2026-01-30 01:04:46,685 - INFO - STEP 2: Building graph starting from property-owning entities...
2026-01-30 01:04:46,685 - INFO - Loading email matching rules from database...
2026-01-30 01:04:46,687 - INFO - Loaded 42 email rules (public, registrar, and custom).
2026-01-30 01:04:47,085 - INFO - Found 51836 property-owning businesses and 1039 property-owning principals.
2026-01-30 01:04:48,981 - INFO - Graph starting with 52875 seed nodes.
2026-01-30 01:04:48,995 - INFO - Expanding graph: Finding principals linked to seed businesses...
2026-01-30 01:04:49,504 - INFO - Found 80694 principal links from seed businesses.
2026-01-30 01:04:49,510 - INFO - Loaded 24 agent principals to ignore.
2026-01-30 01:04:50,895 - INFO - Filtered 4 agent links. Added principal edges to graph.
2026-01-30 01:04:50,902 - INFO - Expanding graph: Linking entities by shared email keys...
2026-01-30 01:04:50,951 - INFO - Added 58986 email edges between property-owning entities.
2026-01-30 01:04:50,959 - INFO - ✅ Property-Owner graph built: 106763 entities, 138294 edges.
2026-01-30 01:04:51,026 - INFO - STEP 2.5: detecting hidden networks via shared mailing addresses...
2026-01-30 01:04:53,446 - INFO - Found 39168 hidden edges across 5488 shared addresses (Ignored 0 high-freq addresses).
2026-01-30 01:04:53,555 - INFO - STEP 3: Discovering networks with depth-limited BFS (max_depth=4)...
2026-01-30 01:04:53,950 - INFO - Discovered 29146 distinct networks (size > 1).
2026-01-30 01:04:53,952 - INFO - STEP 4: Storing networks in database (Target: networks_shadow)...
2026-01-30 01:04:53,955 - INFO - Clearing old network data from networks_shadow...
2026-01-30 01:04:57,483 - INFO - Preparing to bulk-insert 113,447 entity-network links...
2026-01-30 01:04:58,537 - INFO - ✅ Successfully stored 29146 new networks in networks_shadow.
2026-01-30 01:04:58,546 - INFO - Validating shadow data against live data...
2026-01-30 01:04:58,550 - INFO - ✅ Count validation passed: Live=29146, Shadow=29146
2026-01-30 01:04:58,555 - INFO - Performing atomic table swap...
2026-01-30 01:04:58,582 - INFO - ✅ Atomic swap complete. Live site is now serving new data.
2026-01-30 01:04:58,583 - INFO - STEP 5: Final network statistics...
2026-01-30 01:04:58,583 - INFO - --- Top 10 Property-Centric Networks by Entity Count ---
2026-01-30 01:04:58,659 - INFO -   - C & S REALTY 3, LLC: 247 entities
2026-01-30 01:04:58,659 - INFO -   - NETZ 156 BULL HILL, LLC: 134 entities
2026-01-30 01:04:58,659 - INFO -   - ORFORD VILLAGE COMMONS, INC.: 133 entities
2026-01-30 01:04:58,659 - INFO -   - The Northern Trust Company: 124 entities
2026-01-30 01:04:58,659 - INFO -   - L.C. ENTERPRISES LLC: 124 entities
2026-01-30 01:04:58,659 - INFO -   - ORFORD VILLAGE COMMONS, INC.: 121 entities
2026-01-30 01:04:58,659 - INFO -   - ORFORD VILLAGE COMMONS, INC.: 120 entities
2026-01-30 01:04:58,659 - INFO -   - ORFORD VILLAGE COMMONS, INC.: 119 entities
2026-01-30 01:04:58,659 - INFO -   - MAIN STREET PROPERTIES, LLC: 94 entities
2026-01-30 01:04:58,659 - INFO -   - MAIN STREET PROPERTIES, LLC: 94 entities
2026-01-30 01:04:58,659 - INFO - Statistics update complete.
2026-01-30 01:16:25,907 - INFO - Comprehensive Property Updater & Enrichment Service Starting
2026-01-30 01:16:25,907 - INFO - Scheduled jobs:
2026-01-30 01:16:25,907 - INFO -   - Priority Data Enrichment: 1:00 AM daily
2026-01-30 01:16:25,907 - INFO -   - 'Current Owner' Cleanup: 4:00 AM daily
2026-01-30 01:16:25,907 - INFO -   - Weekly Full Refresh: Sunday 12:00 AM
2026-01-30 01:16:25,907 - INFO - Running initial priority scan...
2026-01-30 01:16:25,908 - INFO - ================================================================================
2026-01-30 01:16:25,908 - INFO - Starting Priority Property Enrichment (Data Debt Mode)
2026-01-30 01:16:25,908 - INFO - ================================================================================
2026-01-30 01:16:26,874 - INFO - 🚀 Starting Network Refresh (Depth=4, DryRun=False)
2026-01-30 01:16:26,883 - INFO - ✅ Database connection successful.
2026-01-30 01:16:26,883 - INFO - Setting up shadow tables...
2026-01-30 01:16:26,975 - INFO - Shadow tables ready.
2026-01-30 01:16:26,978 - INFO - STEP 2: Building graph starting from property-owning entities...
2026-01-30 01:16:26,979 - INFO - Loading email matching rules from database...
2026-01-30 01:16:26,981 - INFO - Loaded 42 email rules (public, registrar, and custom).
2026-01-30 01:16:27,459 - INFO - Found 51836 property-owning businesses and 1039 property-owning principals.
2026-01-30 01:16:29,802 - INFO - Graph starting with 52875 seed nodes.
2026-01-30 01:16:29,822 - INFO - Expanding graph: Finding principals linked to seed businesses...
2026-01-30 01:16:30,705 - INFO - Found 80694 principal links from seed businesses.
2026-01-30 01:16:30,776 - INFO - Loaded 24 agent principals to ignore.
2026-01-30 01:16:32,883 - INFO - Filtered 4 agent links. Added principal edges to graph.
2026-01-30 01:16:32,889 - INFO - Expanding graph: Linking entities by shared email keys...
2026-01-30 01:16:33,038 - INFO - Added 58986 email edges between property-owning entities.
2026-01-30 01:16:33,042 - INFO - ✅ Property-Owner graph built: 106763 entities, 138294 edges.
2026-01-30 01:16:33,054 - INFO - STEP 2.5: detecting hidden networks via shared mailing addresses...
2026-01-30 01:16:37,610 - INFO - Found 39168 hidden edges across 5488 shared addresses (Ignored 0 high-freq addresses).
2026-01-30 01:16:37,715 - INFO - STEP 3: Discovering networks with depth-limited BFS (max_depth=4)...
2026-01-30 01:16:38,983 - INFO - Discovered 29146 distinct networks (size > 1).
2026-01-30 01:16:39,048 - INFO - STEP 4: Storing networks in database (Target: networks_shadow)...
2026-01-30 01:16:39,059 - INFO - Clearing old network data from networks_shadow...
2026-01-30 01:16:49,775 - INFO - Preparing to bulk-insert 113,447 entity-network links...
2026-01-30 01:16:54,208 - INFO - ✅ Successfully stored 29146 new networks in networks_shadow.
2026-01-30 01:16:54,218 - INFO - Validating shadow data against live data...
2026-01-30 01:16:54,243 - INFO - ✅ Count validation passed: Live=29146, Shadow=29146
2026-01-30 01:16:54,247 - INFO - Performing atomic table swap...
2026-01-30 01:16:54,254 - INFO - ✅ Atomic swap complete. Live site is now serving new data.
2026-01-30 01:16:54,254 - INFO - STEP 5: Final network statistics...
2026-01-30 01:16:54,254 - INFO - --- Top 10 Property-Centric Networks by Entity Count ---
2026-01-30 01:16:54,338 - INFO -   - Netz Keren DE LLC: 247 entities
2026-01-30 01:16:54,338 - INFO -   - Netz Keren DE LLC: 134 entities
2026-01-30 01:16:54,338 - INFO -   - WOODS EDGE HOUSING, INC.: 133 entities
2026-01-30 01:16:54,338 - INFO -   - 1100 HARBOR ROAD LLC: 124 entities
2026-01-30 01:16:54,338 - INFO -   - WOODS EDGE HOUSING, INC.: 124 entities
2026-01-30 01:16:54,338 - INFO -   - WOODS EDGE HOUSING, INC.: 121 entities
2026-01-30 01:16:54,338 - INFO -   - WOODS EDGE HOUSING, INC.: 120 entities
2026-01-30 01:16:54,338 - INFO -   - WOODS EDGE HOUSING, INC.: 119 entities
2026-01-30 01:16:54,338 - INFO -   - HARTFORD HEALTHCARE AT HOME, INC.: 94 entities
2026-01-30 01:16:54,338 - INFO -   - PLATYPUS PARTNERS, LLC: 94 entities
2026-01-30 01:16:54,338 - INFO - Statistics update complete.
2026-01-30 01:46:50,222 - INFO - Comprehensive Property Updater & Enrichment Service Starting
2026-01-30 01:46:50,223 - INFO - Scheduled jobs:
2026-01-30 01:46:50,223 - INFO -   - Priority Data Enrichment: 1:00 AM daily
2026-01-30 01:46:50,223 - INFO -   - 'Current Owner' Cleanup: 4:00 AM daily
2026-01-30 01:46:50,223 - INFO -   - Weekly Full Refresh: Sunday 12:00 AM
2026-01-30 01:46:50,223 - INFO - Running initial priority scan...
2026-01-30 01:46:50,223 - INFO - ================================================================================
2026-01-30 01:46:50,223 - INFO - Starting Priority Property Enrichment (Data Debt Mode)
2026-01-30 01:46:50,223 - INFO - ================================================================================
2026-01-30 01:46:51,211 - INFO - 🚀 Starting Network Refresh (Depth=4, DryRun=False)
2026-01-30 01:46:51,218 - INFO - ✅ Database connection successful.
2026-01-30 01:46:51,218 - INFO - Setting up shadow tables...
2026-01-30 01:46:51,285 - INFO - Shadow tables ready.
2026-01-30 01:46:51,285 - INFO - STEP 2: Building graph starting from property-owning entities...
2026-01-30 01:46:51,285 - INFO - Loading email matching rules from database...
2026-01-30 01:46:51,287 - INFO - Loaded 42 email rules (public, registrar, and custom).
2026-01-30 01:46:51,658 - INFO - Found 51836 property-owning businesses and 1039 property-owning principals.
2026-01-30 01:46:53,768 - INFO - Graph starting with 52875 seed nodes.
2026-01-30 01:46:53,784 - INFO - Expanding graph: Finding principals linked to seed businesses...
2026-01-30 01:46:54,644 - INFO - Found 80694 principal links from seed businesses.
2026-01-30 01:46:54,706 - INFO - Loaded 24 agent principals to ignore.
2026-01-30 01:46:57,139 - INFO - Filtered 4 agent links. Added principal edges to graph.
2026-01-30 01:46:57,139 - INFO - Expanding graph: Linking entities by shared email keys...
2026-01-30 01:46:57,320 - INFO - Added 58986 email edges between property-owning entities.
2026-01-30 01:46:57,332 - INFO - ✅ Property-Owner graph built: 106763 entities, 138294 edges.
2026-01-30 01:46:57,343 - INFO - STEP 2.5: detecting hidden networks via shared mailing addresses...
2026-01-30 01:47:02,343 - INFO - Found 39168 hidden edges across 5488 shared addresses (Ignored 0 high-freq addresses).
2026-01-30 01:47:02,442 - INFO - STEP 3: Discovering networks with depth-limited BFS (max_depth=4)...
2026-01-30 01:47:02,872 - INFO - Discovered 29146 distinct networks (size > 1).
2026-01-30 01:47:02,885 - INFO - STEP 4: Storing networks in database (Target: networks_shadow)...
2026-01-30 01:47:02,885 - INFO - Clearing old network data from networks_shadow...
2026-01-30 01:54:33,620 - INFO - Preparing to bulk-insert 113,447 entity-network links...
2026-01-30 01:54:53,282 - INFO - ✅ Successfully stored 29146 new networks in networks_shadow.
2026-01-30 01:54:53,338 - INFO - Validating shadow data against live data...
2026-01-30 01:54:53,426 - INFO - ✅ Count validation passed: Live=29146, Shadow=29146
2026-01-30 01:54:53,431 - INFO - Performing atomic table swap...
2026-01-30 01:54:53,498 - INFO - ✅ Atomic swap complete. Live site is now serving new data.
2026-01-30 01:54:53,513 - INFO - STEP 5: Final network statistics...
2026-01-30 01:54:53,520 - INFO - --- Top 10 Property-Centric Networks by Entity Count ---
2026-01-30 01:54:53,654 - INFO -   - 37 BOWEN, LLC: 247 entities
2026-01-30 01:54:53,655 - INFO -   - 37 BOWEN, LLC: 134 entities
2026-01-30 01:54:53,655 - INFO -   - CHESTNUT HILL HOUSING, INC.: 133 entities
2026-01-30 01:54:53,655 - INFO -   - PENTON JACKPINER LLC: 124 entities
2026-01-30 01:54:53,655 - INFO -   - CHESTNUT HILL HOUSING, INC.: 124 entities
2026-01-30 01:54:53,655 - INFO -   - CHESTNUT HILL HOUSING, INC.: 121 entities
2026-01-30 01:54:53,655 - INFO -   - CHESTNUT HILL HOUSING, INC.: 120 entities
2026-01-30 01:54:53,655 - INFO -   - CHESTNUT HILL HOUSING, INC.: 119 entities
2026-01-30 01:54:53,667 - INFO -   - MULBERRY GARDENS OF SOUTHINGTON, LLC: 94 entities
2026-01-30 01:54:53,678 - INFO -   - MULBERRY GARDENS OF SOUTHINGTON, LLC: 94 entities
2026-01-30 01:54:53,744 - INFO - Statistics update complete.
2026-01-30 02:15:47,943 - INFO - 🚀 Starting Network Refresh (Depth=4, DryRun=False)
2026-01-30 02:15:48,001 - INFO - ✅ Database connection successful.
2026-01-30 02:15:48,002 - INFO - Setting up shadow tables...
2026-01-30 02:15:48,118 - INFO - Shadow tables ready.
2026-01-30 02:15:48,119 - INFO - STEP 2: Building graph starting from property-owning entities...
2026-01-30 02:15:48,119 - INFO - Loading email matching rules from database...
2026-01-30 02:15:48,134 - INFO - Loaded 42 email rules (public, registrar, and custom).
2026-01-30 02:15:48,474 - INFO - Found 51836 property-owning businesses and 1039 property-owning principals.
2026-01-30 02:15:52,169 - INFO - Graph starting with 52875 seed nodes.
2026-01-30 02:15:52,187 - INFO - Expanding graph: Finding principals linked to seed businesses...
2026-01-30 02:15:52,511 - INFO - Found 80694 principal links from seed businesses.
2026-01-30 02:15:52,517 - INFO - Loaded 24 agent principals to ignore.
2026-01-30 02:15:53,691 - INFO - Filtered 4 agent links. Added principal edges to graph.
2026-01-30 02:15:53,692 - INFO - Expanding graph: Linking entities by shared email keys...
2026-01-30 02:15:54,085 - INFO - Added 58986 email edges between property-owning entities.
2026-01-30 02:15:54,091 - INFO - ✅ Property-Owner graph built: 106763 entities, 138294 edges.
2026-01-30 02:15:54,108 - INFO - STEP 2.5: detecting hidden networks via shared mailing addresses...
2026-01-30 02:15:56,541 - INFO - Found 39168 hidden edges across 5488 shared addresses (Ignored 0 high-freq addresses).
2026-01-30 02:15:56,711 - INFO - STEP 3: Discovering networks with depth-limited BFS (max_depth=4)...
2026-01-30 02:15:57,116 - INFO - Discovered 29146 distinct networks (size > 1).
2026-01-30 02:15:57,125 - INFO - STEP 4: Storing networks in database (Target: networks_shadow)...
2026-01-30 02:15:57,126 - INFO - Clearing old network data from networks_shadow...
2026-01-30 02:16:00,972 - INFO - Preparing to bulk-insert 113,447 entity-network links...
2026-01-30 02:16:02,571 - INFO - ✅ Successfully stored 29146 new networks in networks_shadow.
2026-01-30 02:16:02,583 - INFO - Validating shadow data against live data...
2026-01-30 02:16:02,648 - INFO - ✅ Count validation passed: Live=29146, Shadow=29146
2026-01-30 02:16:02,659 - INFO - Performing atomic table swap...
2026-01-30 02:16:02,870 - INFO - ✅ Atomic swap complete. Live site is now serving new data.
2026-01-30 02:16:02,879 - INFO - STEP 5: Final network statistics...
2026-01-30 02:16:02,885 - INFO - --- Top 10 Property-Centric Networks by Entity Count ---
2026-01-30 02:16:03,474 - INFO -   - 37 BOWEN, LLC: 247 entities
2026-01-30 02:16:03,474 - INFO -   - 37 BOWEN, LLC: 134 entities
2026-01-30 02:16:03,474 - INFO -   - CHESTNUT HILL HOUSING, INC.: 133 entities
2026-01-30 02:16:03,474 - INFO -   - PENTON JACKPINER LLC: 124 entities
2026-01-30 02:16:03,474 - INFO -   - CHESTNUT HILL HOUSING, INC.: 124 entities
2026-01-30 02:16:03,474 - INFO -   - CHESTNUT HILL HOUSING, INC.: 121 entities
2026-01-30 02:16:03,474 - INFO -   - CHESTNUT HILL HOUSING, INC.: 120 entities
2026-01-30 02:16:03,474 - INFO -   - CHESTNUT HILL HOUSING, INC.: 119 entities
2026-01-30 02:16:03,474 - INFO -   - MULBERRY GARDENS OF SOUTHINGTON, LLC: 94 entities
2026-01-30 02:16:03,474 - INFO -   - MULBERRY GARDENS OF SOUTHINGTON, LLC: 94 entities
2026-01-30 02:16:03,474 - INFO - Statistics update complete.
2026-01-30 02:36:13,580 - INFO - 🚀 Starting Network Refresh (Depth=4, DryRun=False)
2026-01-30 02:36:13,641 - INFO - ✅ Database connection successful.
2026-01-30 02:36:13,665 - INFO - Setting up shadow tables...
2026-01-30 02:36:13,799 - INFO - Shadow tables ready.
2026-01-30 02:36:13,799 - INFO - STEP 2: Building graph starting from property-owning entities...
2026-01-30 02:36:13,799 - INFO - Loading email matching rules from database...
2026-01-30 02:36:13,806 - INFO - Loaded 42 email rules (public, registrar, and custom).
2026-01-30 02:36:14,643 - INFO - Found 51836 property-owning businesses and 1039 property-owning principals.
2026-01-30 02:36:19,080 - INFO - Graph starting with 52875 seed nodes.
2026-01-30 02:36:19,112 - INFO - Expanding graph: Finding principals linked to seed businesses...
2026-01-30 02:36:19,911 - INFO - Found 80694 principal links from seed businesses.
2026-01-30 02:36:20,259 - INFO - Loaded 24 agent principals to ignore.
2026-01-30 02:36:22,586 - INFO - Filtered 4 agent links. Added principal edges to graph.
2026-01-30 02:36:22,596 - INFO - Expanding graph: Linking entities by shared email keys...
2026-01-30 02:36:23,042 - INFO - Added 58986 email edges between property-owning entities.
2026-01-30 02:36:23,046 - INFO - ✅ Property-Owner graph built: 106763 entities, 138294 edges.
2026-01-30 02:36:23,091 - INFO - STEP 2.5: detecting hidden networks via shared mailing addresses...
2026-01-30 02:36:28,594 - INFO - Found 39168 hidden edges across 5488 shared addresses (Ignored 0 high-freq addresses).
2026-01-30 02:36:28,686 - INFO - STEP 3: Discovering networks with depth-limited BFS (max_depth=4)...
2026-01-30 02:36:30,045 - INFO - Discovered 29146 distinct networks (size > 1).
2026-01-30 02:36:30,054 - INFO - STEP 4: Storing networks in database (Target: networks_shadow)...
2026-01-30 02:36:30,069 - INFO - Clearing old network data from networks_shadow...
2026-01-30 02:36:48,616 - INFO - Preparing to bulk-insert 113,447 entity-network links...
2026-01-30 02:36:53,168 - INFO - ✅ Successfully stored 29146 new networks in networks_shadow.
2026-01-30 02:36:53,183 - INFO - Validating shadow data against live data...
2026-01-30 02:36:53,208 - INFO - ✅ Count validation passed: Live=29146, Shadow=29146
2026-01-30 02:36:53,208 - INFO - Performing atomic table swap...
2026-01-30 02:36:53,242 - INFO - ✅ Atomic swap complete. Live site is now serving new data.
2026-01-30 02:36:53,249 - INFO - STEP 5: Final network statistics...
2026-01-30 02:36:53,254 - INFO - --- Top 10 Property-Centric Networks by Entity Count ---
2026-01-30 02:36:53,453 - INFO -   - 37 BOWEN, LLC: 247 entities
2026-01-30 02:36:53,455 - INFO -   - 37 BOWEN, LLC: 134 entities
2026-01-30 02:36:53,455 - INFO -   - CHESTNUT HILL HOUSING, INC.: 133 entities
2026-01-30 02:36:53,455 - INFO -   - PENTON JACKPINER LLC: 124 entities
2026-01-30 02:36:53,455 - INFO -   - CHESTNUT HILL HOUSING, INC.: 124 entities
2026-01-30 02:36:53,455 - INFO -   - CHESTNUT HILL HOUSING, INC.: 121 entities
2026-01-30 02:36:53,455 - INFO -   - CHESTNUT HILL HOUSING, INC.: 120 entities
2026-01-30 02:36:53,455 - INFO -   - CHESTNUT HILL HOUSING, INC.: 119 entities
2026-01-30 02:36:53,455 - INFO -   - MULBERRY GARDENS OF SOUTHINGTON, LLC: 94 entities
2026-01-30 02:36:53,455 - INFO -   - MULBERRY GARDENS OF SOUTHINGTON, LLC: 94 entities
2026-01-30 02:36:53,455 - INFO - Statistics update complete.
2026-01-30 03:07:09,585 - INFO - 🚀 Starting Network Refresh (Depth=4, DryRun=False)
2026-01-30 03:07:09,605 - INFO - ✅ Database connection successful.
2026-01-30 03:07:09,611 - INFO - Setting up shadow tables...
2026-01-30 03:07:09,775 - INFO - Shadow tables ready.
2026-01-30 03:07:09,781 - INFO - STEP 2: Building graph starting from property-owning entities...
2026-01-30 03:07:09,781 - INFO - Loading email matching rules from database...
2026-01-30 03:07:09,801 - INFO - Loaded 42 email rules (public, registrar, and custom).
2026-01-30 03:07:11,147 - INFO - Found 51836 property-owning businesses and 1039 property-owning principals.
2026-01-30 03:07:14,925 - INFO - Graph starting with 52875 seed nodes.
2026-01-30 03:07:14,942 - INFO - Expanding graph: Finding principals linked to seed businesses...
2026-01-30 03:07:17,044 - INFO - Found 80694 principal links from seed businesses.
2026-01-30 03:07:17,102 - INFO - Loaded 24 agent principals to ignore.
2026-01-30 03:07:21,409 - INFO - Filtered 4 agent links. Added principal edges to graph.
2026-01-30 03:07:21,444 - INFO - Expanding graph: Linking entities by shared email keys...
2026-01-30 03:07:21,561 - INFO - Added 58986 email edges between property-owning entities.
2026-01-30 03:07:21,575 - INFO - ✅ Property-Owner graph built: 106763 entities, 138294 edges.
2026-01-30 03:07:21,599 - INFO - STEP 2.5: detecting hidden networks via shared mailing addresses...
2026-01-30 03:07:28,145 - INFO - Found 39168 hidden edges across 5488 shared addresses (Ignored 0 high-freq addresses).
2026-01-30 03:07:28,239 - INFO - STEP 3: Discovering networks with depth-limited BFS (max_depth=4)...
2026-01-30 03:07:29,550 - INFO - Discovered 29146 distinct networks (size > 1).
2026-01-30 03:07:29,579 - INFO - STEP 4: Storing networks in database (Target: networks_shadow)...
2026-01-30 03:07:29,613 - INFO - Clearing old network data from networks_shadow...
2026-01-30 03:07:42,980 - INFO - Preparing to bulk-insert 113,447 entity-network links...
2026-01-30 03:07:54,561 - INFO - ✅ Successfully stored 29146 new networks in networks_shadow.
2026-01-30 03:07:54,580 - INFO - Validating shadow data against live data...
2026-01-30 03:07:54,644 - INFO - ✅ Count validation passed: Live=29146, Shadow=29146
2026-01-30 03:07:54,699 - INFO - Performing atomic table swap...
2026-01-30 03:24:19,783 - ERROR - Refresh failed: server closed the connection unexpectedly
	This probably means the server terminated abnormally
	before or while processing the request.

2026-01-30 03:27:40,030 - INFO - 🚀 Starting Network Refresh (Depth=4, DryRun=False)
2026-01-30 03:27:40,036 - INFO - ✅ Database connection successful.
2026-01-30 03:27:40,036 - INFO - Setting up shadow tables...
2026-01-30 03:27:40,085 - INFO - Shadow tables ready.
2026-01-30 03:27:40,107 - INFO - STEP 2: Building graph starting from property-owning entities...
2026-01-30 03:27:40,118 - INFO - Loading email matching rules from database...
2026-01-30 03:27:40,130 - INFO - Loaded 42 email rules (public, registrar, and custom).
2026-01-30 03:27:40,485 - INFO - Found 51836 property-owning businesses and 1039 property-owning principals.
2026-01-30 03:27:43,728 - INFO - Graph starting with 52875 seed nodes.
2026-01-30 03:27:43,746 - INFO - Expanding graph: Finding principals linked to seed businesses...
2026-01-30 03:27:44,464 - INFO - Found 80694 principal links from seed businesses.
2026-01-30 03:27:44,498 - INFO - Loaded 24 agent principals to ignore.
2026-01-30 03:27:47,865 - INFO - Filtered 4 agent links. Added principal edges to graph.
2026-01-30 03:27:47,871 - INFO - Expanding graph: Linking entities by shared email keys...
2026-01-30 03:27:48,150 - INFO - Added 58986 email edges between property-owning entities.
2026-01-30 03:27:48,206 - INFO - ✅ Property-Owner graph built: 106763 entities, 138294 edges.
2026-01-30 03:27:48,304 - INFO - STEP 2.5: detecting hidden networks via shared mailing addresses...
2026-01-30 03:27:51,039 - INFO - Found 39168 hidden edges across 5488 shared addresses (Ignored 0 high-freq addresses).
2026-01-30 03:27:51,112 - INFO - STEP 3: Discovering networks with depth-limited BFS (max_depth=4)...
2026-01-30 03:27:51,630 - INFO - Discovered 29146 distinct networks (size > 1).
2026-01-30 03:27:51,652 - INFO - STEP 4: Storing networks in database (Target: networks_shadow)...
2026-01-30 03:27:51,674 - INFO - Clearing old network data from networks_shadow...
2026-01-30 03:27:58,112 - INFO - Preparing to bulk-insert 113,447 entity-network links...
2026-01-30 03:27:59,308 - INFO - ✅ Successfully stored 29146 new networks in networks_shadow.
2026-01-30 03:27:59,322 - INFO - Validating shadow data against live data...
2026-01-30 03:27:59,360 - INFO - ✅ Count validation passed: Live=29146, Shadow=29146
2026-01-30 03:27:59,371 - INFO - Performing atomic table swap...
2026-01-30 03:27:59,414 - INFO - ✅ Atomic swap complete. Live site is now serving new data.
2026-01-30 03:27:59,428 - INFO - STEP 5: Final network statistics...
2026-01-30 03:27:59,433 - INFO - --- Top 10 Property-Centric Networks by Entity Count ---
2026-01-30 03:27:59,483 - INFO -   - 37 BOWEN, LLC: 247 entities
2026-01-30 03:27:59,483 - INFO -   - 37 BOWEN, LLC: 134 entities
2026-01-30 03:27:59,484 - INFO -   - CHESTNUT HILL HOUSING, INC.: 133 entities
2026-01-30 03:27:59,484 - INFO -   - PENTON JACKPINER LLC: 124 entities
2026-01-30 03:27:59,484 - INFO -   - CHESTNUT HILL HOUSING, INC.: 124 entities
2026-01-30 03:27:59,484 - INFO -   - CHESTNUT HILL HOUSING, INC.: 121 entities
2026-01-30 03:27:59,484 - INFO -   - CHESTNUT HILL HOUSING, INC.: 120 entities
2026-01-30 03:27:59,484 - INFO -   - CHESTNUT HILL HOUSING, INC.: 119 entities
2026-01-30 03:27:59,484 - INFO -   - MULBERRY GARDENS OF SOUTHINGTON, LLC: 94 entities
2026-01-30 03:27:59,484 - INFO -   - MULBERRY GARDENS OF SOUTHINGTON, LLC: 94 entities
2026-01-30 03:27:59,484 - INFO - Statistics update complete.
2026-01-30 03:35:01,265 - INFO - 🚀 Starting Network Refresh (Depth=4, DryRun=False)
2026-01-30 03:35:01,282 - INFO - ✅ Database connection successful.
2026-01-30 03:35:01,282 - INFO - Setting up shadow tables...
2026-01-30 03:35:01,387 - INFO - Shadow tables ready.
2026-01-30 03:35:01,396 - INFO - STEP 2: Building graph starting from property-owning entities...
2026-01-30 03:35:01,396 - INFO - Loading email matching rules from database...
2026-01-30 03:35:01,398 - INFO - Loaded 42 email rules (public, registrar, and custom).
2026-01-30 03:35:01,638 - INFO - Found 51836 property-owning businesses and 1039 property-owning principals.
2026-01-30 03:35:04,123 - INFO - Graph starting with 52875 seed nodes.
2026-01-30 03:35:04,142 - INFO - Expanding graph: Finding principals linked to seed businesses...
2026-01-30 03:35:05,006 - INFO - Found 80694 principal links from seed businesses.
2026-01-30 03:35:05,064 - INFO - Loaded 24 agent principals to ignore.
2026-01-30 03:35:07,668 - INFO - Filtered 4 agent links. Added principal edges to graph.
2026-01-30 03:35:07,712 - INFO - Expanding graph: Linking entities by shared email keys...
2026-01-30 03:35:07,931 - INFO - Added 58986 email edges between property-owning entities.
2026-01-30 03:35:07,943 - INFO - ✅ Property-Owner graph built: 106763 entities, 138294 edges.
2026-01-30 03:35:07,969 - INFO - STEP 2.5: detecting hidden networks via shared mailing addresses...
2026-01-30 03:35:10,233 - INFO - Found 39168 hidden edges across 5488 shared addresses (Ignored 0 high-freq addresses).
2026-01-30 03:35:10,433 - INFO - STEP 3: Discovering networks with depth-limited BFS (max_depth=4)...
2026-01-30 03:35:10,922 - INFO - Discovered 29146 distinct networks (size > 1).
2026-01-30 03:35:10,962 - INFO - STEP 4: Storing networks in database (Target: networks_shadow)...
2026-01-30 03:35:10,989 - INFO - Clearing old network data from networks_shadow...
2026-01-30 03:35:14,810 - INFO - Preparing to bulk-insert 113,447 entity-network links...
2026-01-30 03:35:18,122 - INFO - ✅ Successfully stored 29146 new networks in networks_shadow.
2026-01-30 03:35:18,170 - INFO - Validating shadow data against live data...
2026-01-30 03:35:18,219 - INFO - ✅ Count validation passed: Live=29146, Shadow=29146
2026-01-30 03:35:18,233 - INFO - Performing atomic table swap...
2026-01-30 03:35:20,278 - INFO - ✅ Atomic swap complete. Live site is now serving new data.
2026-01-30 03:35:20,339 - INFO - STEP 5: Final network statistics...
2026-01-30 03:35:20,386 - INFO - --- Top 10 Property-Centric Networks by Entity Count ---
2026-01-30 03:35:20,577 - INFO -   - 37 BOWEN, LLC: 247 entities
2026-01-30 03:35:20,578 - INFO -   - 37 BOWEN, LLC: 134 entities
2026-01-30 03:35:20,583 - INFO -   - CHESTNUT HILL HOUSING, INC.: 133 entities
2026-01-30 03:35:20,594 - INFO -   - PENTON JACKPINER LLC: 124 entities
2026-01-30 03:35:20,630 - INFO -   - CHESTNUT HILL HOUSING, INC.: 124 entities
2026-01-30 03:35:20,646 - INFO -   - CHESTNUT HILL HOUSING, INC.: 121 entities
2026-01-30 03:35:20,652 - INFO -   - CHESTNUT HILL HOUSING, INC.: 120 entities
2026-01-30 03:35:20,652 - INFO -   - CHESTNUT HILL HOUSING, INC.: 119 entities
2026-01-30 03:35:20,652 - INFO -   - MULBERRY GARDENS OF SOUTHINGTON, LLC: 94 entities
2026-01-30 03:35:20,652 - INFO -   - MULBERRY GARDENS OF SOUTHINGTON, LLC: 94 entities
2026-01-30 03:35:20,657 - INFO - Statistics update complete.
